[2025-01-30T16:57:14.164+0000] {local_task_job_runner.py:123} INFO - ::group::Pre task execution logs
[2025-01-30T16:57:14.205+0000] {taskinstance.py:2613} INFO - Dependencies all met for dep_context=non-requeueable deps ti=<TaskInstance: etl_reporte_como_vamos.task_bot_como_vamos manual__2025-01-30T16:57:11.548532+00:00 [queued]>
[2025-01-30T16:57:14.227+0000] {taskinstance.py:2613} INFO - Dependencies all met for dep_context=requeueable deps ti=<TaskInstance: etl_reporte_como_vamos.task_bot_como_vamos manual__2025-01-30T16:57:11.548532+00:00 [queued]>
[2025-01-30T16:57:14.229+0000] {taskinstance.py:2866} INFO - Starting attempt 1 of 1
[2025-01-30T16:57:14.265+0000] {taskinstance.py:2889} INFO - Executing <Task(BashOperator): task_bot_como_vamos> on 2025-01-30 16:57:11.548532+00:00
[2025-01-30T16:57:14.276+0000] {warnings.py:112} WARNING - /home/***/.local/lib/python3.12/site-packages/***/task/task_runner/standard_task_runner.py:70: DeprecationWarning: This process (pid=726) is multi-threaded, use of fork() may lead to deadlocks in the child.
  pid = os.fork()

[2025-01-30T16:57:14.281+0000] {standard_task_runner.py:72} INFO - Started process 727 to run task
[2025-01-30T16:57:14.283+0000] {standard_task_runner.py:104} INFO - Running: ['***', 'tasks', 'run', 'etl_reporte_como_vamos', 'task_bot_como_vamos', 'manual__2025-01-30T16:57:11.548532+00:00', '--job-id', '23', '--raw', '--subdir', 'DAGS_FOLDER/etl_como_vamos_dag.py', '--cfg-path', '/tmp/tmphchkxj7t']
[2025-01-30T16:57:14.286+0000] {standard_task_runner.py:105} INFO - Job 23: Subtask task_bot_como_vamos
[2025-01-30T16:57:14.387+0000] {task_command.py:467} INFO - Running <TaskInstance: etl_reporte_como_vamos.task_bot_como_vamos manual__2025-01-30T16:57:11.548532+00:00 [running]> on host f34597614f96
[2025-01-30T16:57:14.583+0000] {taskinstance.py:3132} INFO - Exporting env vars: AIRFLOW_CTX_DAG_OWNER='***' AIRFLOW_CTX_DAG_ID='etl_reporte_como_vamos' AIRFLOW_CTX_TASK_ID='task_bot_como_vamos' AIRFLOW_CTX_EXECUTION_DATE='2025-01-30T16:57:11.548532+00:00' AIRFLOW_CTX_TRY_NUMBER='1' AIRFLOW_CTX_DAG_RUN_ID='manual__2025-01-30T16:57:11.548532+00:00'
[2025-01-30T16:57:14.585+0000] {taskinstance.py:731} INFO - ::endgroup::
[2025-01-30T16:57:14.624+0000] {subprocess.py:78} INFO - Tmp dir root location: /tmp
[2025-01-30T16:57:14.627+0000] {subprocess.py:88} INFO - Running command: ['/usr/bin/bash', '-c', 'python /opt/***/scripts/bot_reporte_como_vamos.py']
[2025-01-30T16:57:14.645+0000] {subprocess.py:99} INFO - Output:
[2025-01-30T16:57:19.649+0000] {subprocess.py:106} INFO - ic| start_date: '01/01/2025', end_date: '30/01/2025'
[2025-01-30T16:57:19.651+0000] {subprocess.py:106} INFO - 2025-01-30 16:57:19,649 - bot_como_vamos - INFO - Starting script bot_como_vamos.py
[2025-01-30T16:57:20.876+0000] {subprocess.py:106} INFO - 2025-01-30 16:57:20,876 - bot_como_vamos - INFO - Conexi√≥n al Selenium Hub establecida correctamente
[2025-01-30T16:58:14.641+0000] {subprocess.py:106} INFO - ic| login_success: <selenium.webdriver.remote.webelement.WebElement (session="53a36aba4c9b242fa49a9c221f9fa67e", element="f.E6C3AB892CF6C2795632D37B7DCF4EC0.d.F9190FE718B8CACF2FCD8E5B34489B5C.e.77")>
[2025-01-30T16:58:14.642+0000] {subprocess.py:106} INFO - 2025-01-30 16:58:14,641 - bot_como_vamos - INFO - Loging success
[2025-01-30T16:58:24.990+0000] {subprocess.py:106} INFO - 2025-01-30 16:58:24,989 - bot_como_vamos - INFO - Click in menu button successfully
[2025-01-30T16:58:35.392+0000] {subprocess.py:106} INFO - 2025-01-30 16:58:35,392 - bot_como_vamos - INFO - Input dates successfully
[2025-01-30T16:58:45.708+0000] {subprocess.py:106} INFO - 2025-01-30 16:58:45,708 - bot_como_vamos - INFO - Click in 'Empresas Y Negocios' successfully
[2025-01-30T17:01:55.757+0000] {subprocess.py:106} INFO - 2025-01-30 17:01:55,757 - bot_como_vamos - INFO - Click in 'Como Vamos' successfully
[2025-01-30T17:01:55.759+0000] {subprocess.py:106} INFO - 2025-01-30 17:01:55,757 - bot_como_vamos - INFO - Waiting for download file...............
[2025-01-30T17:03:00.955+0000] {subprocess.py:106} INFO - ic| file: 'Unconfirmed 696996.crdownload'
[2025-01-30T17:03:05.968+0000] {subprocess.py:106} INFO - ic| file: 'Unconfirmed 696996.crdownload'
[2025-01-30T17:03:10.978+0000] {subprocess.py:106} INFO - ic| file: 'Unconfirmed 696996.crdownload'
[2025-01-30T17:03:15.984+0000] {subprocess.py:106} INFO - ic| file: 'Reporte como_vamos.xlsx'
[2025-01-30T17:06:42.538+0000] {subprocess.py:106} INFO - 2025-01-30 17:06:42,537 - bot_como_vamos - INFO - Download Reporte como_vamos succesfully, Columns:116, size:247.20MB
[2025-01-30T17:06:42.544+0000] {subprocess.py:106} INFO - Traceback (most recent call last):
[2025-01-30T17:06:42.545+0000] {subprocess.py:106} INFO -   File "/opt/***/scripts/bot_reporte_como_vamos.py", line 155, in <module>
[2025-01-30T17:06:42.554+0000] {subprocess.py:106} INFO -     main()
[2025-01-30T17:06:42.556+0000] {subprocess.py:106} INFO -   File "/opt/***/scripts/bot_reporte_como_vamos.py", line 150, in main
[2025-01-30T17:06:42.564+0000] {subprocess.py:106} INFO -     driver.quit()
[2025-01-30T17:06:42.566+0000] {subprocess.py:106} INFO -   File "/home/***/.local/lib/python3.12/site-packages/selenium/webdriver/remote/webdriver.py", line 589, in quit
[2025-01-30T17:06:42.568+0000] {subprocess.py:106} INFO -     self.execute(Command.QUIT)
[2025-01-30T17:06:42.570+0000] {subprocess.py:106} INFO -   File "/home/***/.local/lib/python3.12/site-packages/selenium/webdriver/remote/webdriver.py", line 429, in execute
[2025-01-30T17:06:42.571+0000] {subprocess.py:106} INFO -     self.error_handler.check_response(response)
[2025-01-30T17:06:42.572+0000] {subprocess.py:106} INFO -   File "/home/***/.local/lib/python3.12/site-packages/selenium/webdriver/remote/errorhandler.py", line 232, in check_response
[2025-01-30T17:06:42.574+0000] {subprocess.py:106} INFO -     raise exception_class(message, screen, stacktrace)
[2025-01-30T17:06:42.575+0000] {subprocess.py:106} INFO - selenium.common.exceptions.InvalidSessionIdException: Message: Unable to find session with ID: 53a36aba4c9b242fa49a9c221f9fa67e
[2025-01-30T17:06:42.577+0000] {subprocess.py:106} INFO - Build info: version: '4.28.1', revision: '73f5ad48a2'
[2025-01-30T17:06:42.580+0000] {subprocess.py:106} INFO - System info: os.name: 'Linux', os.arch: 'amd64', os.version: '5.15.153.1-microsoft-standard-WSL2', java.version: '17.0.13'
[2025-01-30T17:06:42.582+0000] {subprocess.py:106} INFO - Driver info: driver.version: unknown
[2025-01-30T17:06:42.584+0000] {subprocess.py:106} INFO - Stacktrace:
[2025-01-30T17:06:42.585+0000] {subprocess.py:106} INFO - org.openqa.selenium.NoSuchSessionException: Unable to find session with ID: 53a36aba4c9b242fa49a9c221f9fa67e
[2025-01-30T17:06:42.587+0000] {subprocess.py:106} INFO - Build info: version: '4.28.1', revision: '73f5ad48a2'
[2025-01-30T17:06:42.589+0000] {subprocess.py:106} INFO - System info: os.name: 'Linux', os.arch: 'amd64', os.version: '5.15.153.1-microsoft-standard-WSL2', java.version: '17.0.13'
[2025-01-30T17:06:42.590+0000] {subprocess.py:106} INFO - Driver info: driver.version: unknown
[2025-01-30T17:06:42.592+0000] {subprocess.py:106} INFO - 	at org.openqa.selenium.grid.sessionmap.local.LocalSessionMap.get(LocalSessionMap.java:117)
[2025-01-30T17:06:42.594+0000] {subprocess.py:106} INFO - 	at org.openqa.selenium.grid.sessionmap.SessionMap.getUri(SessionMap.java:84)
[2025-01-30T17:06:42.598+0000] {subprocess.py:106} INFO - 	at org.openqa.selenium.grid.router.HandleSession.lambda$loadSessionId$4(HandleSession.java:225)
[2025-01-30T17:06:42.599+0000] {subprocess.py:106} INFO - 	at org.openqa.selenium.grid.router.HandleSession.execute(HandleSession.java:182)
[2025-01-30T17:06:42.601+0000] {subprocess.py:106} INFO - 	at org.openqa.selenium.remote.http.Route$PredicatedRoute.handle(Route.java:397)
[2025-01-30T17:06:42.602+0000] {subprocess.py:106} INFO - 	at org.openqa.selenium.remote.http.Route.execute(Route.java:69)
[2025-01-30T17:06:42.604+0000] {subprocess.py:106} INFO - 	at org.openqa.selenium.remote.http.Route$CombinedRoute.handle(Route.java:360)
[2025-01-30T17:06:42.605+0000] {subprocess.py:106} INFO - 	at org.openqa.selenium.remote.http.Route.execute(Route.java:69)
[2025-01-30T17:06:42.607+0000] {subprocess.py:106} INFO - 	at org.openqa.selenium.grid.router.Router.execute(Router.java:89)
[2025-01-30T17:06:42.609+0000] {subprocess.py:106} INFO - 	at org.openqa.selenium.grid.web.EnsureSpecCompliantResponseHeaders.lambda$apply$0(EnsureSpecCompliantResponseHeaders.java:34)
[2025-01-30T17:06:42.610+0000] {subprocess.py:106} INFO - 	at org.openqa.selenium.remote.http.Filter$1.execute(Filter.java:63)
[2025-01-30T17:06:42.612+0000] {subprocess.py:106} INFO - 	at org.openqa.selenium.remote.http.Route$CombinedRoute.handle(Route.java:360)
[2025-01-30T17:06:42.614+0000] {subprocess.py:106} INFO - 	at org.openqa.selenium.remote.http.Route.execute(Route.java:69)
[2025-01-30T17:06:42.615+0000] {subprocess.py:106} INFO - 	at org.openqa.selenium.remote.AddWebDriverSpecHeaders.lambda$apply$0(AddWebDriverSpecHeaders.java:35)
[2025-01-30T17:06:42.617+0000] {subprocess.py:106} INFO - 	at org.openqa.selenium.remote.ErrorFilter.lambda$apply$0(ErrorFilter.java:44)
[2025-01-30T17:06:42.618+0000] {subprocess.py:106} INFO - 	at org.openqa.selenium.remote.http.Filter$1.execute(Filter.java:63)
[2025-01-30T17:06:42.619+0000] {subprocess.py:106} INFO - 	at org.openqa.selenium.remote.ErrorFilter.lambda$apply$0(ErrorFilter.java:44)
[2025-01-30T17:06:42.621+0000] {subprocess.py:106} INFO - 	at org.openqa.selenium.remote.http.Filter$1.execute(Filter.java:63)
[2025-01-30T17:06:42.622+0000] {subprocess.py:106} INFO - 	at org.openqa.selenium.netty.server.SeleniumHandler.lambda$channelRead0$0(SeleniumHandler.java:49)
[2025-01-30T17:06:42.623+0000] {subprocess.py:106} INFO - 	at java.base/java.util.concurrent.Executors$RunnableAdapter.call(Executors.java:539)
[2025-01-30T17:06:42.626+0000] {subprocess.py:106} INFO - 	at java.base/java.util.concurrent.FutureTask.run(FutureTask.java:264)
[2025-01-30T17:06:42.628+0000] {subprocess.py:106} INFO - 	at java.base/java.util.concurrent.ThreadPoolExecutor.runWorker(ThreadPoolExecutor.java:1136)
[2025-01-30T17:06:42.630+0000] {subprocess.py:106} INFO - 	at java.base/java.util.concurrent.ThreadPoolExecutor$Worker.run(ThreadPoolExecutor.java:635)
[2025-01-30T17:06:42.631+0000] {subprocess.py:106} INFO - 	at java.base/java.lang.Thread.run(Thread.java:840)
[2025-01-30T17:06:42.633+0000] {subprocess.py:106} INFO - 
[2025-01-30T17:06:43.073+0000] {subprocess.py:110} INFO - Command exited with return code 1
[2025-01-30T17:06:43.112+0000] {taskinstance.py:3311} ERROR - Task failed with exception
Traceback (most recent call last):
  File "/home/airflow/.local/lib/python3.12/site-packages/airflow/models/taskinstance.py", line 767, in _execute_task
    result = _execute_callable(context=context, **execute_callable_kwargs)
             ^^^^^^^^^^^^^^^^^^^^^^^^^^^^^^^^^^^^^^^^^^^^^^^^^^^^^^^^^^^^^
  File "/home/airflow/.local/lib/python3.12/site-packages/airflow/models/taskinstance.py", line 733, in _execute_callable
    return ExecutionCallableRunner(
           ^^^^^^^^^^^^^^^^^^^^^^^^
  File "/home/airflow/.local/lib/python3.12/site-packages/airflow/utils/operator_helpers.py", line 252, in run
    return self.func(*args, **kwargs)
           ^^^^^^^^^^^^^^^^^^^^^^^^^^
  File "/home/airflow/.local/lib/python3.12/site-packages/airflow/models/baseoperator.py", line 422, in wrapper
    return func(self, *args, **kwargs)
           ^^^^^^^^^^^^^^^^^^^^^^^^^^^
  File "/home/airflow/.local/lib/python3.12/site-packages/airflow/operators/bash.py", line 276, in execute
    raise AirflowException(
airflow.exceptions.AirflowException: Bash command failed. The command returned a non-zero exit code 1.
[2025-01-30T17:06:43.130+0000] {taskinstance.py:1225} INFO - Marking task as FAILED. dag_id=etl_reporte_como_vamos, task_id=task_bot_como_vamos, run_id=manual__2025-01-30T16:57:11.548532+00:00, execution_date=20250130T165711, start_date=20250130T165714, end_date=20250130T170643
[2025-01-30T17:06:43.179+0000] {taskinstance.py:340} INFO - ::group::Post task execution logs
[2025-01-30T17:06:43.181+0000] {standard_task_runner.py:124} ERROR - Failed to execute job 23 for task task_bot_como_vamos (Bash command failed. The command returned a non-zero exit code 1.; 727)
Traceback (most recent call last):
  File "/home/airflow/.local/lib/python3.12/site-packages/airflow/task/task_runner/standard_task_runner.py", line 117, in _start_by_fork
    ret = args.func(args, dag=self.dag)
          ^^^^^^^^^^^^^^^^^^^^^^^^^^^^^
  File "/home/airflow/.local/lib/python3.12/site-packages/airflow/cli/cli_config.py", line 49, in command
    return func(*args, **kwargs)
           ^^^^^^^^^^^^^^^^^^^^^
  File "/home/airflow/.local/lib/python3.12/site-packages/airflow/utils/cli.py", line 116, in wrapper
    return f(*args, **kwargs)
           ^^^^^^^^^^^^^^^^^^
  File "/home/airflow/.local/lib/python3.12/site-packages/airflow/cli/commands/task_command.py", line 483, in task_run
    task_return_code = _run_task_by_selected_method(args, _dag, ti)
                       ^^^^^^^^^^^^^^^^^^^^^^^^^^^^^^^^^^^^^^^^^^^^
  File "/home/airflow/.local/lib/python3.12/site-packages/airflow/cli/commands/task_command.py", line 256, in _run_task_by_selected_method
    return _run_raw_task(args, ti)
           ^^^^^^^^^^^^^^^^^^^^^^^
  File "/home/airflow/.local/lib/python3.12/site-packages/airflow/cli/commands/task_command.py", line 341, in _run_raw_task
    return ti._run_raw_task(
           ^^^^^^^^^^^^^^^^^
  File "/home/airflow/.local/lib/python3.12/site-packages/airflow/utils/session.py", line 97, in wrapper
    return func(*args, session=session, **kwargs)
           ^^^^^^^^^^^^^^^^^^^^^^^^^^^^^^^^^^^^^^
  File "/home/airflow/.local/lib/python3.12/site-packages/airflow/models/taskinstance.py", line 3005, in _run_raw_task
    return _run_raw_task(
           ^^^^^^^^^^^^^^
  File "/home/airflow/.local/lib/python3.12/site-packages/airflow/models/taskinstance.py", line 273, in _run_raw_task
    TaskInstance._execute_task_with_callbacks(
  File "/home/airflow/.local/lib/python3.12/site-packages/airflow/models/taskinstance.py", line 3159, in _execute_task_with_callbacks
    result = self._execute_task(context, task_orig)
             ^^^^^^^^^^^^^^^^^^^^^^^^^^^^^^^^^^^^^^
  File "/home/airflow/.local/lib/python3.12/site-packages/airflow/models/taskinstance.py", line 3183, in _execute_task
    return _execute_task(self, context, task_orig)
           ^^^^^^^^^^^^^^^^^^^^^^^^^^^^^^^^^^^^^^^
  File "/home/airflow/.local/lib/python3.12/site-packages/airflow/models/taskinstance.py", line 767, in _execute_task
    result = _execute_callable(context=context, **execute_callable_kwargs)
             ^^^^^^^^^^^^^^^^^^^^^^^^^^^^^^^^^^^^^^^^^^^^^^^^^^^^^^^^^^^^^
  File "/home/airflow/.local/lib/python3.12/site-packages/airflow/models/taskinstance.py", line 733, in _execute_callable
    return ExecutionCallableRunner(
           ^^^^^^^^^^^^^^^^^^^^^^^^
  File "/home/airflow/.local/lib/python3.12/site-packages/airflow/utils/operator_helpers.py", line 252, in run
    return self.func(*args, **kwargs)
           ^^^^^^^^^^^^^^^^^^^^^^^^^^
  File "/home/airflow/.local/lib/python3.12/site-packages/airflow/models/baseoperator.py", line 422, in wrapper
    return func(self, *args, **kwargs)
           ^^^^^^^^^^^^^^^^^^^^^^^^^^^
  File "/home/airflow/.local/lib/python3.12/site-packages/airflow/operators/bash.py", line 276, in execute
    raise AirflowException(
airflow.exceptions.AirflowException: Bash command failed. The command returned a non-zero exit code 1.
[2025-01-30T17:06:43.226+0000] {local_task_job_runner.py:266} INFO - Task exited with return code 1
[2025-01-30T17:06:43.278+0000] {taskinstance.py:3895} INFO - 0 downstream tasks scheduled from follow-on schedule check
[2025-01-30T17:06:43.293+0000] {local_task_job_runner.py:245} INFO - ::endgroup::
