[2025-01-30T07:35:15.848+0000] {local_task_job_runner.py:123} INFO - ::group::Pre task execution logs
[2025-01-30T07:35:15.896+0000] {taskinstance.py:2613} INFO - Dependencies all met for dep_context=non-requeueable deps ti=<TaskInstance: etl_reporte_como_vamos.task_bot_como_vamos manual__2025-01-30T07:35:12.690282+00:00 [queued]>
[2025-01-30T07:35:15.920+0000] {taskinstance.py:2613} INFO - Dependencies all met for dep_context=requeueable deps ti=<TaskInstance: etl_reporte_como_vamos.task_bot_como_vamos manual__2025-01-30T07:35:12.690282+00:00 [queued]>
[2025-01-30T07:35:15.922+0000] {taskinstance.py:2866} INFO - Starting attempt 1 of 1
[2025-01-30T07:35:15.964+0000] {taskinstance.py:2889} INFO - Executing <Task(BashOperator): task_bot_como_vamos> on 2025-01-30 07:35:12.690282+00:00
[2025-01-30T07:35:15.978+0000] {warnings.py:112} WARNING - /home/***/.local/lib/python3.12/site-packages/***/task/task_runner/standard_task_runner.py:70: DeprecationWarning: This process (pid=984) is multi-threaded, use of fork() may lead to deadlocks in the child.
  pid = os.fork()

[2025-01-30T07:35:15.983+0000] {standard_task_runner.py:72} INFO - Started process 985 to run task
[2025-01-30T07:35:15.983+0000] {standard_task_runner.py:104} INFO - Running: ['***', 'tasks', 'run', 'etl_reporte_como_vamos', 'task_bot_como_vamos', 'manual__2025-01-30T07:35:12.690282+00:00', '--job-id', '13', '--raw', '--subdir', 'DAGS_FOLDER/etl_como_vamos_dag.py', '--cfg-path', '/tmp/tmpu1mvuvem']
[2025-01-30T07:35:15.988+0000] {standard_task_runner.py:105} INFO - Job 13: Subtask task_bot_como_vamos
[2025-01-30T07:35:16.214+0000] {task_command.py:467} INFO - Running <TaskInstance: etl_reporte_como_vamos.task_bot_como_vamos manual__2025-01-30T07:35:12.690282+00:00 [running]> on host c218223649a1
[2025-01-30T07:35:16.584+0000] {taskinstance.py:3132} INFO - Exporting env vars: AIRFLOW_CTX_DAG_OWNER='***' AIRFLOW_CTX_DAG_ID='etl_reporte_como_vamos' AIRFLOW_CTX_TASK_ID='task_bot_como_vamos' AIRFLOW_CTX_EXECUTION_DATE='2025-01-30T07:35:12.690282+00:00' AIRFLOW_CTX_TRY_NUMBER='1' AIRFLOW_CTX_DAG_RUN_ID='manual__2025-01-30T07:35:12.690282+00:00'
[2025-01-30T07:35:16.588+0000] {taskinstance.py:731} INFO - ::endgroup::
[2025-01-30T07:35:16.658+0000] {subprocess.py:78} INFO - Tmp dir root location: /tmp
[2025-01-30T07:35:16.662+0000] {subprocess.py:88} INFO - Running command: ['/usr/bin/bash', '-c', 'python /opt/***/scripts/bot_reporte_como_vamos.py']
[2025-01-30T07:35:16.689+0000] {subprocess.py:99} INFO - Output:
[2025-01-30T07:35:21.487+0000] {subprocess.py:106} INFO - ic| start_date: '01/01/2025', end_date: '30/01/2025'
[2025-01-30T07:35:21.489+0000] {subprocess.py:106} INFO - 2025-01-30 07:35:21,487 - bot_como_vamos - INFO - Starting script bot_como_vamos.py
[2025-01-30T07:35:23.506+0000] {subprocess.py:106} INFO - 2025-01-30 07:35:23,506 - bot_como_vamos - INFO - Conexi√≥n al Selenium Hub establecida correctamente
[2025-01-30T07:36:19.634+0000] {subprocess.py:106} INFO - ic| login_success: <selenium.webdriver.remote.webelement.WebElement (session="b2c14bbf083009ebc6296ab084893a46", element="f.36E6FD6F618AB9611A1C2F865E0BE749.d.B5D164B3630DB20D4D55B90A7C108237.e.78")>
[2025-01-30T07:36:19.637+0000] {subprocess.py:106} INFO - 2025-01-30 07:36:19,633 - bot_como_vamos - INFO - Loging success
[2025-01-30T07:36:29.949+0000] {subprocess.py:106} INFO - 2025-01-30 07:36:29,948 - bot_como_vamos - INFO - Click in menu button successfully
[2025-01-30T07:36:40.188+0000] {subprocess.py:106} INFO - 2025-01-30 07:36:40,188 - bot_como_vamos - INFO - Input dates successfully
[2025-01-30T07:36:50.332+0000] {subprocess.py:106} INFO - 2025-01-30 07:36:50,331 - bot_como_vamos - INFO - Click in 'Empresas Y Negocios' successfully
[2025-01-30T07:40:00.340+0000] {subprocess.py:106} INFO - 2025-01-30 07:40:00,340 - bot_como_vamos - ERROR - Execution error bot_reporte_como_vamos.py:
[2025-01-30T07:40:00.343+0000] {subprocess.py:106} INFO - ***Error type:*** WebDriverException
[2025-01-30T07:40:00.344+0000] {subprocess.py:106} INFO - ***Error message:*** Message: Unable to execute request for an existing session: java.util.concurrent.TimeoutException
[2025-01-30T07:40:00.346+0000] {subprocess.py:106} INFO - Build info: version: '4.28.1', revision: '73f5ad48a2'
[2025-01-30T07:40:00.348+0000] {subprocess.py:106} INFO - System info: os.name: 'Linux', os.arch: 'amd64', os.version: '5.15.153.1-microsoft-standard-WSL2', java.version: '17.0.13'
[2025-01-30T07:40:00.349+0000] {subprocess.py:106} INFO - Driver info: driver.version: unknown
[2025-01-30T07:40:00.350+0000] {subprocess.py:106} INFO - Stacktrace:
[2025-01-30T07:40:00.351+0000] {subprocess.py:106} INFO - java.lang.RuntimeException: Unable to execute request for an existing session: java.util.concurrent.TimeoutException
[2025-01-30T07:40:00.353+0000] {subprocess.py:106} INFO - Build info: version: '4.28.1', revision: '73f5ad48a2'
[2025-01-30T07:40:00.354+0000] {subprocess.py:106} INFO - System info: os.name: 'Linux', os.arch: 'amd64', os.version: '5.15.153.1-microsoft-standard-WSL2', java.version: '17.0.13'
[2025-01-30T07:40:00.356+0000] {subprocess.py:106} INFO - Driver info: driver.version: unknown
[2025-01-30T07:40:00.358+0000] {subprocess.py:106} INFO - 	at org.openqa.selenium.grid.router.HandleSession.execute(HandleSession.java:210)
[2025-01-30T07:40:00.359+0000] {subprocess.py:106} INFO - 	at org.openqa.selenium.remote.http.Route$PredicatedRoute.handle(Route.java:397)
[2025-01-30T07:40:00.361+0000] {subprocess.py:106} INFO - 	at org.openqa.selenium.remote.http.Route.execute(Route.java:69)
[2025-01-30T07:40:00.362+0000] {subprocess.py:106} INFO - 	at org.openqa.selenium.remote.http.Route$CombinedRoute.handle(Route.java:360)
[2025-01-30T07:40:00.363+0000] {subprocess.py:106} INFO - 	at org.openqa.selenium.remote.http.Route.execute(Route.java:69)
[2025-01-30T07:40:00.364+0000] {subprocess.py:106} INFO - 	at org.openqa.selenium.grid.router.Router.execute(Router.java:89)
[2025-01-30T07:40:00.366+0000] {subprocess.py:106} INFO - 	at org.openqa.selenium.grid.web.EnsureSpecCompliantResponseHeaders.lambda$apply$0(EnsureSpecCompliantResponseHeaders.java:34)
[2025-01-30T07:40:00.369+0000] {subprocess.py:106} INFO - 	at org.openqa.selenium.remote.http.Filter$1.execute(Filter.java:63)
[2025-01-30T07:40:00.371+0000] {subprocess.py:106} INFO - 	at org.openqa.selenium.remote.http.Route$CombinedRoute.handle(Route.java:360)
[2025-01-30T07:40:00.373+0000] {subprocess.py:106} INFO - 	at org.openqa.selenium.remote.http.Route.execute(Route.java:69)
[2025-01-30T07:40:00.374+0000] {subprocess.py:106} INFO - 	at org.openqa.selenium.remote.AddWebDriverSpecHeaders.lambda$apply$0(AddWebDriverSpecHeaders.java:35)
[2025-01-30T07:40:00.376+0000] {subprocess.py:106} INFO - 	at org.openqa.selenium.remote.ErrorFilter.lambda$apply$0(ErrorFilter.java:44)
[2025-01-30T07:40:00.393+0000] {subprocess.py:106} INFO - 	at org.openqa.selenium.remote.http.Filter$1.execute(Filter.java:63)
[2025-01-30T07:40:00.394+0000] {subprocess.py:106} INFO - 	at org.openqa.selenium.remote.ErrorFilter.lambda$apply$0(ErrorFilter.java:44)
[2025-01-30T07:40:00.396+0000] {subprocess.py:106} INFO - 	at org.openqa.selenium.remote.http.Filter$1.execute(Filter.java:63)
[2025-01-30T07:40:00.397+0000] {subprocess.py:106} INFO - 	at org.openqa.selenium.netty.server.SeleniumHandler.lambda$channelRead0$0(SeleniumHandler.java:49)
[2025-01-30T07:40:00.399+0000] {subprocess.py:106} INFO - 	at java.base/java.util.concurrent.Executors$RunnableAdapter.call(Executors.java:539)
[2025-01-30T07:40:00.401+0000] {subprocess.py:106} INFO - 	at java.base/java.util.concurrent.FutureTask.run(FutureTask.java:264)
[2025-01-30T07:40:00.402+0000] {subprocess.py:106} INFO - 	at java.base/java.util.concurrent.ThreadPoolExecutor.runWorker(ThreadPoolExecutor.java:1136)
[2025-01-30T07:40:00.403+0000] {subprocess.py:106} INFO - 	at java.base/java.util.concurrent.ThreadPoolExecutor$Worker.run(ThreadPoolExecutor.java:635)
[2025-01-30T07:40:00.404+0000] {subprocess.py:106} INFO - 	at java.base/java.lang.Thread.run(Thread.java:840)
[2025-01-30T07:40:00.406+0000] {subprocess.py:106} INFO - Caused by: java.util.concurrent.TimeoutException
[2025-01-30T07:40:00.408+0000] {subprocess.py:106} INFO - 	at java.base/java.util.concurrent.CompletableFuture$Timeout.run(CompletableFuture.java:2874)
[2025-01-30T07:40:00.409+0000] {subprocess.py:106} INFO - 	at java.base/java.util.concurrent.Executors$RunnableAdapter.call(Executors.java:539)
[2025-01-30T07:40:00.410+0000] {subprocess.py:106} INFO - 	at java.base/java.util.concurrent.FutureTask.run(FutureTask.java:264)
[2025-01-30T07:40:00.412+0000] {subprocess.py:106} INFO - 	at java.base/java.util.concurrent.ScheduledThreadPoolExecutor$ScheduledFutureTask.run(ScheduledThreadPoolExecutor.java:304)
[2025-01-30T07:40:00.413+0000] {subprocess.py:106} INFO - 	... 3 more
[2025-01-30T07:40:00.414+0000] {subprocess.py:106} INFO - 
[2025-01-30T07:40:00.415+0000] {subprocess.py:106} INFO - ***Full Traceback:*** Traceback (most recent call last):
[2025-01-30T07:40:00.416+0000] {subprocess.py:106} INFO -   File "/opt/***/scripts/bot_reporte_como_vamos.py", line 139, in main
[2025-01-30T07:40:00.417+0000] {subprocess.py:106} INFO -     reporte_como_vamos.click()
[2025-01-30T07:40:00.418+0000] {subprocess.py:106} INFO -   File "/home/***/.local/lib/python3.12/site-packages/selenium/webdriver/remote/webelement.py", line 119, in click
[2025-01-30T07:40:00.420+0000] {subprocess.py:106} INFO -     self._execute(Command.CLICK_ELEMENT)
[2025-01-30T07:40:00.421+0000] {subprocess.py:106} INFO -   File "/home/***/.local/lib/python3.12/site-packages/selenium/webdriver/remote/webelement.py", line 570, in _execute
[2025-01-30T07:40:00.422+0000] {subprocess.py:106} INFO -     return self._parent.execute(command, params)
[2025-01-30T07:40:00.423+0000] {subprocess.py:106} INFO -            ^^^^^^^^^^^^^^^^^^^^^^^^^^^^^^^^^^^^^
[2025-01-30T07:40:00.424+0000] {subprocess.py:106} INFO -   File "/home/***/.local/lib/python3.12/site-packages/selenium/webdriver/remote/webdriver.py", line 429, in execute
[2025-01-30T07:40:00.426+0000] {subprocess.py:106} INFO -     self.error_handler.check_response(response)
[2025-01-30T07:40:00.427+0000] {subprocess.py:106} INFO -   File "/home/***/.local/lib/python3.12/site-packages/selenium/webdriver/remote/errorhandler.py", line 232, in check_response
[2025-01-30T07:40:00.428+0000] {subprocess.py:106} INFO -     raise exception_class(message, screen, stacktrace)
[2025-01-30T07:40:00.429+0000] {subprocess.py:106} INFO - selenium.common.exceptions.WebDriverException: Message: Unable to execute request for an existing session: java.util.concurrent.TimeoutException
[2025-01-30T07:40:00.430+0000] {subprocess.py:106} INFO - Build info: version: '4.28.1', revision: '73f5ad48a2'
[2025-01-30T07:40:00.431+0000] {subprocess.py:106} INFO - System info: os.name: 'Linux', os.arch: 'amd64', os.version: '5.15.153.1-microsoft-standard-WSL2', java.version: '17.0.13'
[2025-01-30T07:40:00.432+0000] {subprocess.py:106} INFO - Driver info: driver.version: unknown
[2025-01-30T07:40:00.433+0000] {subprocess.py:106} INFO - Stacktrace:
[2025-01-30T07:40:00.435+0000] {subprocess.py:106} INFO - java.lang.RuntimeException: Unable to execute request for an existing session: java.util.concurrent.TimeoutException
[2025-01-30T07:40:00.436+0000] {subprocess.py:106} INFO - Build info: version: '4.28.1', revision: '73f5ad48a2'
[2025-01-30T07:40:00.437+0000] {subprocess.py:106} INFO - System info: os.name: 'Linux', os.arch: 'amd64', os.version: '5.15.153.1-microsoft-standard-WSL2', java.version: '17.0.13'
[2025-01-30T07:40:00.439+0000] {subprocess.py:106} INFO - Driver info: driver.version: unknown
[2025-01-30T07:40:00.440+0000] {subprocess.py:106} INFO - 	at org.openqa.selenium.grid.router.HandleSession.execute(HandleSession.java:210)
[2025-01-30T07:40:00.442+0000] {subprocess.py:106} INFO - 	at org.openqa.selenium.remote.http.Route$PredicatedRoute.handle(Route.java:397)
[2025-01-30T07:40:00.443+0000] {subprocess.py:106} INFO - 	at org.openqa.selenium.remote.http.Route.execute(Route.java:69)
[2025-01-30T07:40:00.445+0000] {subprocess.py:106} INFO - 	at org.openqa.selenium.remote.http.Route$CombinedRoute.handle(Route.java:360)
[2025-01-30T07:40:00.446+0000] {subprocess.py:106} INFO - 	at org.openqa.selenium.remote.http.Route.execute(Route.java:69)
[2025-01-30T07:40:00.448+0000] {subprocess.py:106} INFO - 	at org.openqa.selenium.grid.router.Router.execute(Router.java:89)
[2025-01-30T07:40:00.449+0000] {subprocess.py:106} INFO - 	at org.openqa.selenium.grid.web.EnsureSpecCompliantResponseHeaders.lambda$apply$0(EnsureSpecCompliantResponseHeaders.java:34)
[2025-01-30T07:40:00.450+0000] {subprocess.py:106} INFO - 	at org.openqa.selenium.remote.http.Filter$1.execute(Filter.java:63)
[2025-01-30T07:40:00.451+0000] {subprocess.py:106} INFO - 	at org.openqa.selenium.remote.http.Route$CombinedRoute.handle(Route.java:360)
[2025-01-30T07:40:00.452+0000] {subprocess.py:106} INFO - 	at org.openqa.selenium.remote.http.Route.execute(Route.java:69)
[2025-01-30T07:40:00.453+0000] {subprocess.py:106} INFO - 	at org.openqa.selenium.remote.AddWebDriverSpecHeaders.lambda$apply$0(AddWebDriverSpecHeaders.java:35)
[2025-01-30T07:40:00.454+0000] {subprocess.py:106} INFO - 	at org.openqa.selenium.remote.ErrorFilter.lambda$apply$0(ErrorFilter.java:44)
[2025-01-30T07:40:00.456+0000] {subprocess.py:106} INFO - 	at org.openqa.selenium.remote.http.Filter$1.execute(Filter.java:63)
[2025-01-30T07:40:00.457+0000] {subprocess.py:106} INFO - 	at org.openqa.selenium.remote.ErrorFilter.lambda$apply$0(ErrorFilter.java:44)
[2025-01-30T07:40:00.457+0000] {subprocess.py:106} INFO - 	at org.openqa.selenium.remote.http.Filter$1.execute(Filter.java:63)
[2025-01-30T07:40:00.459+0000] {subprocess.py:106} INFO - 	at org.openqa.selenium.netty.server.SeleniumHandler.lambda$channelRead0$0(SeleniumHandler.java:49)
[2025-01-30T07:40:00.460+0000] {subprocess.py:106} INFO - 	at java.base/java.util.concurrent.Executors$RunnableAdapter.call(Executors.java:539)
[2025-01-30T07:40:00.461+0000] {subprocess.py:106} INFO - 	at java.base/java.util.concurrent.FutureTask.run(FutureTask.java:264)
[2025-01-30T07:40:00.463+0000] {subprocess.py:106} INFO - 	at java.base/java.util.concurrent.ThreadPoolExecutor.runWorker(ThreadPoolExecutor.java:1136)
[2025-01-30T07:40:00.464+0000] {subprocess.py:106} INFO - 	at java.base/java.util.concurrent.ThreadPoolExecutor$Worker.run(ThreadPoolExecutor.java:635)
[2025-01-30T07:40:00.465+0000] {subprocess.py:106} INFO - 	at java.base/java.lang.Thread.run(Thread.java:840)
[2025-01-30T07:40:00.467+0000] {subprocess.py:106} INFO - Caused by: java.util.concurrent.TimeoutException
[2025-01-30T07:40:00.468+0000] {subprocess.py:106} INFO - 	at java.base/java.util.concurrent.CompletableFuture$Timeout.run(CompletableFuture.java:2874)
[2025-01-30T07:40:00.470+0000] {subprocess.py:106} INFO - 	at java.base/java.util.concurrent.Executors$RunnableAdapter.call(Executors.java:539)
[2025-01-30T07:40:00.472+0000] {subprocess.py:106} INFO - 	at java.base/java.util.concurrent.FutureTask.run(FutureTask.java:264)
[2025-01-30T07:40:00.473+0000] {subprocess.py:106} INFO - 	at java.base/java.util.concurrent.ScheduledThreadPoolExecutor$ScheduledFutureTask.run(ScheduledThreadPoolExecutor.java:304)
[2025-01-30T07:40:00.475+0000] {subprocess.py:106} INFO - 	... 3 more
[2025-01-30T07:40:00.476+0000] {subprocess.py:106} INFO - 
[2025-01-30T07:40:00.477+0000] {subprocess.py:106} INFO - 
[2025-01-30T07:40:36.755+0000] {subprocess.py:106} INFO - Traceback (most recent call last):
[2025-01-30T07:40:36.761+0000] {subprocess.py:106} INFO -   File "/opt/***/scripts/bot_reporte_como_vamos.py", line 176, in <module>
[2025-01-30T07:40:36.768+0000] {subprocess.py:106} INFO -     main()
[2025-01-30T07:40:36.773+0000] {subprocess.py:106} INFO -   File "/opt/***/scripts/bot_reporte_como_vamos.py", line 139, in main
[2025-01-30T07:40:36.787+0000] {subprocess.py:106} INFO -     reporte_como_vamos.click()
[2025-01-30T07:40:36.788+0000] {subprocess.py:106} INFO -   File "/home/***/.local/lib/python3.12/site-packages/selenium/webdriver/remote/webelement.py", line 119, in click
[2025-01-30T07:40:36.790+0000] {subprocess.py:106} INFO -     self._execute(Command.CLICK_ELEMENT)
[2025-01-30T07:40:36.794+0000] {subprocess.py:106} INFO -   File "/home/***/.local/lib/python3.12/site-packages/selenium/webdriver/remote/webelement.py", line 570, in _execute
[2025-01-30T07:40:36.797+0000] {subprocess.py:106} INFO -     return self._parent.execute(command, params)
[2025-01-30T07:40:36.799+0000] {subprocess.py:106} INFO -            ^^^^^^^^^^^^^^^^^^^^^^^^^^^^^^^^^^^^^
[2025-01-30T07:40:36.800+0000] {subprocess.py:106} INFO -   File "/home/***/.local/lib/python3.12/site-packages/selenium/webdriver/remote/webdriver.py", line 429, in execute
[2025-01-30T07:40:36.803+0000] {subprocess.py:106} INFO -     self.error_handler.check_response(response)
[2025-01-30T07:40:36.804+0000] {subprocess.py:106} INFO -   File "/home/***/.local/lib/python3.12/site-packages/selenium/webdriver/remote/errorhandler.py", line 232, in check_response
[2025-01-30T07:40:36.806+0000] {subprocess.py:106} INFO -     raise exception_class(message, screen, stacktrace)
[2025-01-30T07:40:36.808+0000] {subprocess.py:106} INFO - selenium.common.exceptions.WebDriverException: Message: Unable to execute request for an existing session: java.util.concurrent.TimeoutException
[2025-01-30T07:40:36.809+0000] {subprocess.py:106} INFO - Build info: version: '4.28.1', revision: '73f5ad48a2'
[2025-01-30T07:40:36.811+0000] {subprocess.py:106} INFO - System info: os.name: 'Linux', os.arch: 'amd64', os.version: '5.15.153.1-microsoft-standard-WSL2', java.version: '17.0.13'
[2025-01-30T07:40:36.812+0000] {subprocess.py:106} INFO - Driver info: driver.version: unknown
[2025-01-30T07:40:36.814+0000] {subprocess.py:106} INFO - Stacktrace:
[2025-01-30T07:40:36.815+0000] {subprocess.py:106} INFO - java.lang.RuntimeException: Unable to execute request for an existing session: java.util.concurrent.TimeoutException
[2025-01-30T07:40:36.817+0000] {subprocess.py:106} INFO - Build info: version: '4.28.1', revision: '73f5ad48a2'
[2025-01-30T07:40:36.819+0000] {subprocess.py:106} INFO - System info: os.name: 'Linux', os.arch: 'amd64', os.version: '5.15.153.1-microsoft-standard-WSL2', java.version: '17.0.13'
[2025-01-30T07:40:36.821+0000] {subprocess.py:106} INFO - Driver info: driver.version: unknown
[2025-01-30T07:40:36.822+0000] {subprocess.py:106} INFO - 	at org.openqa.selenium.grid.router.HandleSession.execute(HandleSession.java:210)
[2025-01-30T07:40:36.828+0000] {subprocess.py:106} INFO - 	at org.openqa.selenium.remote.http.Route$PredicatedRoute.handle(Route.java:397)
[2025-01-30T07:40:36.830+0000] {subprocess.py:106} INFO - 	at org.openqa.selenium.remote.http.Route.execute(Route.java:69)
[2025-01-30T07:40:36.831+0000] {subprocess.py:106} INFO - 	at org.openqa.selenium.remote.http.Route$CombinedRoute.handle(Route.java:360)
[2025-01-30T07:40:36.833+0000] {subprocess.py:106} INFO - 	at org.openqa.selenium.remote.http.Route.execute(Route.java:69)
[2025-01-30T07:40:36.835+0000] {subprocess.py:106} INFO - 	at org.openqa.selenium.grid.router.Router.execute(Router.java:89)
[2025-01-30T07:40:36.836+0000] {subprocess.py:106} INFO - 	at org.openqa.selenium.grid.web.EnsureSpecCompliantResponseHeaders.lambda$apply$0(EnsureSpecCompliantResponseHeaders.java:34)
[2025-01-30T07:40:36.837+0000] {subprocess.py:106} INFO - 	at org.openqa.selenium.remote.http.Filter$1.execute(Filter.java:63)
[2025-01-30T07:40:36.841+0000] {subprocess.py:106} INFO - 	at org.openqa.selenium.remote.http.Route$CombinedRoute.handle(Route.java:360)
[2025-01-30T07:40:36.845+0000] {subprocess.py:106} INFO - 	at org.openqa.selenium.remote.http.Route.execute(Route.java:69)
[2025-01-30T07:40:36.847+0000] {subprocess.py:106} INFO - 	at org.openqa.selenium.remote.AddWebDriverSpecHeaders.lambda$apply$0(AddWebDriverSpecHeaders.java:35)
[2025-01-30T07:40:36.849+0000] {subprocess.py:106} INFO - 	at org.openqa.selenium.remote.ErrorFilter.lambda$apply$0(ErrorFilter.java:44)
[2025-01-30T07:40:36.851+0000] {subprocess.py:106} INFO - 	at org.openqa.selenium.remote.http.Filter$1.execute(Filter.java:63)
[2025-01-30T07:40:36.853+0000] {subprocess.py:106} INFO - 	at org.openqa.selenium.remote.ErrorFilter.lambda$apply$0(ErrorFilter.java:44)
[2025-01-30T07:40:36.855+0000] {subprocess.py:106} INFO - 	at org.openqa.selenium.remote.http.Filter$1.execute(Filter.java:63)
[2025-01-30T07:40:36.857+0000] {subprocess.py:106} INFO - 	at org.openqa.selenium.netty.server.SeleniumHandler.lambda$channelRead0$0(SeleniumHandler.java:49)
[2025-01-30T07:40:36.859+0000] {subprocess.py:106} INFO - 	at java.base/java.util.concurrent.Executors$RunnableAdapter.call(Executors.java:539)
[2025-01-30T07:40:36.860+0000] {subprocess.py:106} INFO - 	at java.base/java.util.concurrent.FutureTask.run(FutureTask.java:264)
[2025-01-30T07:40:36.862+0000] {subprocess.py:106} INFO - 	at java.base/java.util.concurrent.ThreadPoolExecutor.runWorker(ThreadPoolExecutor.java:1136)
[2025-01-30T07:40:36.864+0000] {subprocess.py:106} INFO - 	at java.base/java.util.concurrent.ThreadPoolExecutor$Worker.run(ThreadPoolExecutor.java:635)
[2025-01-30T07:40:36.866+0000] {subprocess.py:106} INFO - 	at java.base/java.lang.Thread.run(Thread.java:840)
[2025-01-30T07:40:36.868+0000] {subprocess.py:106} INFO - Caused by: java.util.concurrent.TimeoutException
[2025-01-30T07:40:36.870+0000] {subprocess.py:106} INFO - 	at java.base/java.util.concurrent.CompletableFuture$Timeout.run(CompletableFuture.java:2874)
[2025-01-30T07:40:36.872+0000] {subprocess.py:106} INFO - 	at java.base/java.util.concurrent.Executors$RunnableAdapter.call(Executors.java:539)
[2025-01-30T07:40:36.874+0000] {subprocess.py:106} INFO - 	at java.base/java.util.concurrent.FutureTask.run(FutureTask.java:264)
[2025-01-30T07:40:36.876+0000] {subprocess.py:106} INFO - 	at java.base/java.util.concurrent.ScheduledThreadPoolExecutor$ScheduledFutureTask.run(ScheduledThreadPoolExecutor.java:304)
[2025-01-30T07:40:36.878+0000] {subprocess.py:106} INFO - 	... 3 more
[2025-01-30T07:40:36.879+0000] {subprocess.py:106} INFO - 
[2025-01-30T07:40:37.112+0000] {subprocess.py:110} INFO - Command exited with return code 1
[2025-01-30T07:40:37.144+0000] {taskinstance.py:3311} ERROR - Task failed with exception
Traceback (most recent call last):
  File "/home/airflow/.local/lib/python3.12/site-packages/airflow/models/taskinstance.py", line 767, in _execute_task
    result = _execute_callable(context=context, **execute_callable_kwargs)
             ^^^^^^^^^^^^^^^^^^^^^^^^^^^^^^^^^^^^^^^^^^^^^^^^^^^^^^^^^^^^^
  File "/home/airflow/.local/lib/python3.12/site-packages/airflow/models/taskinstance.py", line 733, in _execute_callable
    return ExecutionCallableRunner(
           ^^^^^^^^^^^^^^^^^^^^^^^^
  File "/home/airflow/.local/lib/python3.12/site-packages/airflow/utils/operator_helpers.py", line 252, in run
    return self.func(*args, **kwargs)
           ^^^^^^^^^^^^^^^^^^^^^^^^^^
  File "/home/airflow/.local/lib/python3.12/site-packages/airflow/models/baseoperator.py", line 422, in wrapper
    return func(self, *args, **kwargs)
           ^^^^^^^^^^^^^^^^^^^^^^^^^^^
  File "/home/airflow/.local/lib/python3.12/site-packages/airflow/operators/bash.py", line 276, in execute
    raise AirflowException(
airflow.exceptions.AirflowException: Bash command failed. The command returned a non-zero exit code 1.
[2025-01-30T07:40:37.156+0000] {taskinstance.py:1225} INFO - Marking task as FAILED. dag_id=etl_reporte_como_vamos, task_id=task_bot_como_vamos, run_id=manual__2025-01-30T07:35:12.690282+00:00, execution_date=20250130T073512, start_date=20250130T073515, end_date=20250130T074037
[2025-01-30T07:40:37.190+0000] {taskinstance.py:340} INFO - ::group::Post task execution logs
[2025-01-30T07:40:37.192+0000] {standard_task_runner.py:124} ERROR - Failed to execute job 13 for task task_bot_como_vamos (Bash command failed. The command returned a non-zero exit code 1.; 985)
Traceback (most recent call last):
  File "/home/airflow/.local/lib/python3.12/site-packages/airflow/task/task_runner/standard_task_runner.py", line 117, in _start_by_fork
    ret = args.func(args, dag=self.dag)
          ^^^^^^^^^^^^^^^^^^^^^^^^^^^^^
  File "/home/airflow/.local/lib/python3.12/site-packages/airflow/cli/cli_config.py", line 49, in command
    return func(*args, **kwargs)
           ^^^^^^^^^^^^^^^^^^^^^
  File "/home/airflow/.local/lib/python3.12/site-packages/airflow/utils/cli.py", line 116, in wrapper
    return f(*args, **kwargs)
           ^^^^^^^^^^^^^^^^^^
  File "/home/airflow/.local/lib/python3.12/site-packages/airflow/cli/commands/task_command.py", line 483, in task_run
    task_return_code = _run_task_by_selected_method(args, _dag, ti)
                       ^^^^^^^^^^^^^^^^^^^^^^^^^^^^^^^^^^^^^^^^^^^^
  File "/home/airflow/.local/lib/python3.12/site-packages/airflow/cli/commands/task_command.py", line 256, in _run_task_by_selected_method
    return _run_raw_task(args, ti)
           ^^^^^^^^^^^^^^^^^^^^^^^
  File "/home/airflow/.local/lib/python3.12/site-packages/airflow/cli/commands/task_command.py", line 341, in _run_raw_task
    return ti._run_raw_task(
           ^^^^^^^^^^^^^^^^^
  File "/home/airflow/.local/lib/python3.12/site-packages/airflow/utils/session.py", line 97, in wrapper
    return func(*args, session=session, **kwargs)
           ^^^^^^^^^^^^^^^^^^^^^^^^^^^^^^^^^^^^^^
  File "/home/airflow/.local/lib/python3.12/site-packages/airflow/models/taskinstance.py", line 3005, in _run_raw_task
    return _run_raw_task(
           ^^^^^^^^^^^^^^
  File "/home/airflow/.local/lib/python3.12/site-packages/airflow/models/taskinstance.py", line 273, in _run_raw_task
    TaskInstance._execute_task_with_callbacks(
  File "/home/airflow/.local/lib/python3.12/site-packages/airflow/models/taskinstance.py", line 3159, in _execute_task_with_callbacks
    result = self._execute_task(context, task_orig)
             ^^^^^^^^^^^^^^^^^^^^^^^^^^^^^^^^^^^^^^
  File "/home/airflow/.local/lib/python3.12/site-packages/airflow/models/taskinstance.py", line 3183, in _execute_task
    return _execute_task(self, context, task_orig)
           ^^^^^^^^^^^^^^^^^^^^^^^^^^^^^^^^^^^^^^^
  File "/home/airflow/.local/lib/python3.12/site-packages/airflow/models/taskinstance.py", line 767, in _execute_task
    result = _execute_callable(context=context, **execute_callable_kwargs)
             ^^^^^^^^^^^^^^^^^^^^^^^^^^^^^^^^^^^^^^^^^^^^^^^^^^^^^^^^^^^^^
  File "/home/airflow/.local/lib/python3.12/site-packages/airflow/models/taskinstance.py", line 733, in _execute_callable
    return ExecutionCallableRunner(
           ^^^^^^^^^^^^^^^^^^^^^^^^
  File "/home/airflow/.local/lib/python3.12/site-packages/airflow/utils/operator_helpers.py", line 252, in run
    return self.func(*args, **kwargs)
           ^^^^^^^^^^^^^^^^^^^^^^^^^^
  File "/home/airflow/.local/lib/python3.12/site-packages/airflow/models/baseoperator.py", line 422, in wrapper
    return func(self, *args, **kwargs)
           ^^^^^^^^^^^^^^^^^^^^^^^^^^^
  File "/home/airflow/.local/lib/python3.12/site-packages/airflow/operators/bash.py", line 276, in execute
    raise AirflowException(
airflow.exceptions.AirflowException: Bash command failed. The command returned a non-zero exit code 1.
[2025-01-30T07:40:37.241+0000] {local_task_job_runner.py:266} INFO - Task exited with return code 1
[2025-01-30T07:40:37.289+0000] {taskinstance.py:3895} INFO - 0 downstream tasks scheduled from follow-on schedule check
[2025-01-30T07:40:37.303+0000] {local_task_job_runner.py:245} INFO - ::endgroup::
