[2025-02-08T06:37:30.925-0500] {local_task_job_runner.py:123} INFO - ::group::Pre task execution logs
[2025-02-08T06:37:30.954-0500] {taskinstance.py:2613} INFO - Dependencies all met for dep_context=non-requeueable deps ti=<TaskInstance: etl_reporte_como_vamos.bot_ex_bbva scheduled__2025-02-07T11:30:00+00:00 [queued]>
[2025-02-08T06:37:30.971-0500] {taskinstance.py:2613} INFO - Dependencies all met for dep_context=requeueable deps ti=<TaskInstance: etl_reporte_como_vamos.bot_ex_bbva scheduled__2025-02-07T11:30:00+00:00 [queued]>
[2025-02-08T06:37:30.974-0500] {taskinstance.py:2866} INFO - Starting attempt 2 of 4
[2025-02-08T06:37:30.995-0500] {taskinstance.py:2889} INFO - Executing <Task(BashOperator): bot_ex_bbva> on 2025-02-07 11:30:00+00:00
[2025-02-08T06:37:31.005-0500] {warnings.py:112} WARNING - /home/***/.local/lib/python3.12/site-packages/***/task/task_runner/standard_task_runner.py:70: DeprecationWarning: This process (pid=53897) is multi-threaded, use of fork() may lead to deadlocks in the child.
  pid = os.fork()

[2025-02-08T06:37:31.008-0500] {standard_task_runner.py:72} INFO - Started process 53898 to run task
[2025-02-08T06:37:31.013-0500] {standard_task_runner.py:104} INFO - Running: ['***', 'tasks', 'run', 'etl_reporte_como_vamos', 'bot_ex_bbva', 'scheduled__2025-02-07T11:30:00+00:00', '--job-id', '81', '--raw', '--subdir', 'DAGS_FOLDER/etl_como_vamos_dag.py', '--cfg-path', '/tmp/tmp1kyxgsfj']
[2025-02-08T06:37:31.015-0500] {standard_task_runner.py:105} INFO - Job 81: Subtask bot_ex_bbva
[2025-02-08T06:37:31.097-0500] {task_command.py:467} INFO - Running <TaskInstance: etl_reporte_como_vamos.bot_ex_bbva scheduled__2025-02-07T11:30:00+00:00 [running]> on host 21f1c1b48730
[2025-02-08T06:37:31.216-0500] {taskinstance.py:3132} INFO - Exporting env vars: AIRFLOW_CTX_DAG_OWNER='***' AIRFLOW_CTX_DAG_ID='etl_reporte_como_vamos' AIRFLOW_CTX_TASK_ID='bot_ex_bbva' AIRFLOW_CTX_EXECUTION_DATE='2025-02-07T11:30:00+00:00' AIRFLOW_CTX_TRY_NUMBER='2' AIRFLOW_CTX_DAG_RUN_ID='scheduled__2025-02-07T11:30:00+00:00'
[2025-02-08T06:37:31.217-0500] {taskinstance.py:731} INFO - ::endgroup::
[2025-02-08T06:37:31.239-0500] {subprocess.py:78} INFO - Tmp dir root location: /tmp
[2025-02-08T06:37:31.241-0500] {subprocess.py:88} INFO - Running command: ['/usr/bin/bash', '-c', 'python /opt/***/scripts/bot_etl_ex_bbva.py']
[2025-02-08T06:37:31.252-0500] {subprocess.py:99} INFO - Output:
[2025-02-08T06:37:32.390-0500] {subprocess.py:106} INFO - 2025-02-08 06:37:32,389 - bot_etl_ex_bbva - INFO - Bot ETL Exito-BBVA started
[2025-02-08T06:37:33.121-0500] {subprocess.py:106} INFO - 2025-02-08 06:37:33,121 - bot_etl_ex_bbva - INFO - Conexi√≥n al Selenium Hub establecida correctamente
[2025-02-08T06:37:34.050-0500] {subprocess.py:106} INFO - 2025-02-08 06:37:34,050 - bot_etl_ex_bbva - INFO - Credentials input success
[2025-02-08T06:37:35.318-0500] {subprocess.py:106} INFO - 2025-02-08 06:37:35,318 - bot_etl_ex_bbva - INFO - Click in login button
[2025-02-08T06:37:45.339-0500] {subprocess.py:106} INFO - 2025-02-08 06:37:45,338 - bot_etl_ex_bbva - INFO - Loging success
[2025-02-08T06:37:45.580-0500] {subprocess.py:106} INFO - 2025-02-08 06:37:45,580 - bot_etl_ex_bbva - ERROR - Error Loading Cerrados.xlsx to ETL:
[2025-02-08T06:37:45.581-0500] {subprocess.py:106} INFO - ***Error type:*** ElementNotInteractableException
[2025-02-08T06:37:45.582-0500] {subprocess.py:106} INFO - ***Error message:*** Message: element not interactable
[2025-02-08T06:37:45.582-0500] {subprocess.py:106} INFO -   (Session info: chrome=132.0.6834.110)
[2025-02-08T06:37:45.583-0500] {subprocess.py:106} INFO - Stacktrace:
[2025-02-08T06:37:45.584-0500] {subprocess.py:106} INFO - #0 0x55830ab32dca <unknown>
[2025-02-08T06:37:45.585-0500] {subprocess.py:106} INFO - #1 0x55830a62924d <unknown>
[2025-02-08T06:37:45.586-0500] {subprocess.py:106} INFO - #2 0x55830a67a2d9 <unknown>
[2025-02-08T06:37:45.587-0500] {subprocess.py:106} INFO - #3 0x55830a66d2bd <unknown>
[2025-02-08T06:37:45.587-0500] {subprocess.py:106} INFO - #4 0x55830a69da92 <unknown>
[2025-02-08T06:37:45.588-0500] {subprocess.py:106} INFO - #5 0x55830a66cc48 <unknown>
[2025-02-08T06:37:45.588-0500] {subprocess.py:106} INFO - #6 0x55830a69dc5e <unknown>
[2025-02-08T06:37:45.589-0500] {subprocess.py:106} INFO - #7 0x55830a6bc4b3 <unknown>
[2025-02-08T06:37:45.589-0500] {subprocess.py:106} INFO - #8 0x55830a69d833 <unknown>
[2025-02-08T06:37:45.590-0500] {subprocess.py:106} INFO - #9 0x55830a66a5a0 <unknown>
[2025-02-08T06:37:45.590-0500] {subprocess.py:106} INFO - #10 0x55830a66bece <unknown>
[2025-02-08T06:37:45.594-0500] {subprocess.py:106} INFO - #11 0x55830aafcbdb <unknown>
[2025-02-08T06:37:45.595-0500] {subprocess.py:106} INFO - #12 0x55830ab00b67 <unknown>
[2025-02-08T06:37:45.596-0500] {subprocess.py:106} INFO - #13 0x55830aae83bc <unknown>
[2025-02-08T06:37:45.596-0500] {subprocess.py:106} INFO - #14 0x55830ab01727 <unknown>
[2025-02-08T06:37:45.597-0500] {subprocess.py:106} INFO - #15 0x55830aacc74f <unknown>
[2025-02-08T06:37:45.598-0500] {subprocess.py:106} INFO - #16 0x55830ab21938 <unknown>
[2025-02-08T06:37:45.599-0500] {subprocess.py:106} INFO - #17 0x55830ab21b00 <unknown>
[2025-02-08T06:37:45.602-0500] {subprocess.py:106} INFO - #18 0x55830ab31c46 <unknown>
[2025-02-08T06:37:45.602-0500] {subprocess.py:106} INFO - #19 0x7f89694b1a94 <unknown>
[2025-02-08T06:37:45.603-0500] {subprocess.py:106} INFO - #20 0x7f896953ec3c <unknown>
[2025-02-08T06:37:45.604-0500] {subprocess.py:106} INFO - 
[2025-02-08T06:37:45.604-0500] {subprocess.py:106} INFO - ***Full Traceback:*** Traceback (most recent call last):
[2025-02-08T06:37:45.605-0500] {subprocess.py:106} INFO -   File "/opt/***/scripts/bot_etl_ex_bbva.py", line 105, in main
[2025-02-08T06:37:45.606-0500] {subprocess.py:106} INFO -     up_button.click()
[2025-02-08T06:37:45.606-0500] {subprocess.py:106} INFO -   File "/home/***/.local/lib/python3.12/site-packages/selenium/webdriver/remote/webelement.py", line 119, in click
[2025-02-08T06:37:45.607-0500] {subprocess.py:106} INFO -     self._execute(Command.CLICK_ELEMENT)
[2025-02-08T06:37:45.607-0500] {subprocess.py:106} INFO -   File "/home/***/.local/lib/python3.12/site-packages/selenium/webdriver/remote/webelement.py", line 570, in _execute
[2025-02-08T06:37:45.608-0500] {subprocess.py:106} INFO -     return self._parent.execute(command, params)
[2025-02-08T06:37:45.609-0500] {subprocess.py:106} INFO -            ^^^^^^^^^^^^^^^^^^^^^^^^^^^^^^^^^^^^^
[2025-02-08T06:37:45.610-0500] {subprocess.py:106} INFO -   File "/home/***/.local/lib/python3.12/site-packages/selenium/webdriver/remote/webdriver.py", line 429, in execute
[2025-02-08T06:37:45.612-0500] {subprocess.py:106} INFO -     self.error_handler.check_response(response)
[2025-02-08T06:37:45.614-0500] {subprocess.py:106} INFO -   File "/home/***/.local/lib/python3.12/site-packages/selenium/webdriver/remote/errorhandler.py", line 232, in check_response
[2025-02-08T06:37:45.615-0500] {subprocess.py:106} INFO -     raise exception_class(message, screen, stacktrace)
[2025-02-08T06:37:45.617-0500] {subprocess.py:106} INFO - selenium.common.exceptions.ElementNotInteractableException: Message: element not interactable
[2025-02-08T06:37:45.618-0500] {subprocess.py:106} INFO -   (Session info: chrome=132.0.6834.110)
[2025-02-08T06:37:45.618-0500] {subprocess.py:106} INFO - Stacktrace:
[2025-02-08T06:37:45.619-0500] {subprocess.py:106} INFO - #0 0x55830ab32dca <unknown>
[2025-02-08T06:37:45.620-0500] {subprocess.py:106} INFO - #1 0x55830a62924d <unknown>
[2025-02-08T06:37:45.621-0500] {subprocess.py:106} INFO - #2 0x55830a67a2d9 <unknown>
[2025-02-08T06:37:45.622-0500] {subprocess.py:106} INFO - #3 0x55830a66d2bd <unknown>
[2025-02-08T06:37:45.622-0500] {subprocess.py:106} INFO - #4 0x55830a69da92 <unknown>
[2025-02-08T06:37:45.623-0500] {subprocess.py:106} INFO - #5 0x55830a66cc48 <unknown>
[2025-02-08T06:37:45.624-0500] {subprocess.py:106} INFO - #6 0x55830a69dc5e <unknown>
[2025-02-08T06:37:45.626-0500] {subprocess.py:106} INFO - #7 0x55830a6bc4b3 <unknown>
[2025-02-08T06:37:45.627-0500] {subprocess.py:106} INFO - #8 0x55830a69d833 <unknown>
[2025-02-08T06:37:45.628-0500] {subprocess.py:106} INFO - #9 0x55830a66a5a0 <unknown>
[2025-02-08T06:37:45.628-0500] {subprocess.py:106} INFO - #10 0x55830a66bece <unknown>
[2025-02-08T06:37:45.630-0500] {subprocess.py:106} INFO - #11 0x55830aafcbdb <unknown>
[2025-02-08T06:37:45.631-0500] {subprocess.py:106} INFO - #12 0x55830ab00b67 <unknown>
[2025-02-08T06:37:45.631-0500] {subprocess.py:106} INFO - #13 0x55830aae83bc <unknown>
[2025-02-08T06:37:45.632-0500] {subprocess.py:106} INFO - #14 0x55830ab01727 <unknown>
[2025-02-08T06:37:45.632-0500] {subprocess.py:106} INFO - #15 0x55830aacc74f <unknown>
[2025-02-08T06:37:45.633-0500] {subprocess.py:106} INFO - #16 0x55830ab21938 <unknown>
[2025-02-08T06:37:45.633-0500] {subprocess.py:106} INFO - #17 0x55830ab21b00 <unknown>
[2025-02-08T06:37:45.634-0500] {subprocess.py:106} INFO - #18 0x55830ab31c46 <unknown>
[2025-02-08T06:37:45.634-0500] {subprocess.py:106} INFO - #19 0x7f89694b1a94 <unknown>
[2025-02-08T06:37:45.635-0500] {subprocess.py:106} INFO - #20 0x7f896953ec3c <unknown>
[2025-02-08T06:37:45.635-0500] {subprocess.py:106} INFO - 
[2025-02-08T06:37:45.636-0500] {subprocess.py:106} INFO - 
[2025-02-08T06:37:45.712-0500] {subprocess.py:106} INFO - 2025-02-08 06:37:45,712 - bot_etl_ex_bbva - INFO - bot_etl_ex_bbva finish execution
[2025-02-08T06:37:45.717-0500] {subprocess.py:106} INFO - Traceback (most recent call last):
[2025-02-08T06:37:45.717-0500] {subprocess.py:106} INFO -   File "/opt/***/scripts/bot_etl_ex_bbva.py", line 136, in <module>
[2025-02-08T06:37:45.722-0500] {subprocess.py:106} INFO -     main()
[2025-02-08T06:37:45.722-0500] {subprocess.py:106} INFO -   File "/opt/***/scripts/bot_etl_ex_bbva.py", line 131, in main
[2025-02-08T06:37:45.726-0500] {subprocess.py:106} INFO -     driver.quit()
[2025-02-08T06:37:45.726-0500] {subprocess.py:106} INFO -   File "/home/***/.local/lib/python3.12/site-packages/selenium/webdriver/remote/webdriver.py", line 589, in quit
[2025-02-08T06:37:45.727-0500] {subprocess.py:106} INFO -     self.execute(Command.QUIT)
[2025-02-08T06:37:45.727-0500] {subprocess.py:106} INFO -   File "/home/***/.local/lib/python3.12/site-packages/selenium/webdriver/remote/webdriver.py", line 429, in execute
[2025-02-08T06:37:45.728-0500] {subprocess.py:106} INFO -     self.error_handler.check_response(response)
[2025-02-08T06:37:45.729-0500] {subprocess.py:106} INFO -   File "/home/***/.local/lib/python3.12/site-packages/selenium/webdriver/remote/errorhandler.py", line 232, in check_response
[2025-02-08T06:37:45.729-0500] {subprocess.py:106} INFO -     raise exception_class(message, screen, stacktrace)
[2025-02-08T06:37:45.730-0500] {subprocess.py:106} INFO - selenium.common.exceptions.InvalidSessionIdException: Message: Unable to find session with ID: eab4b36c3d35cf753cccdd1771e95f13
[2025-02-08T06:37:45.730-0500] {subprocess.py:106} INFO - Build info: version: '4.28.1', revision: '73f5ad48a2'
[2025-02-08T06:37:45.731-0500] {subprocess.py:106} INFO - System info: os.name: 'Linux', os.arch: 'amd64', os.version: '5.15.153.1-microsoft-standard-WSL2', java.version: '17.0.13'
[2025-02-08T06:37:45.731-0500] {subprocess.py:106} INFO - Driver info: driver.version: unknown
[2025-02-08T06:37:45.732-0500] {subprocess.py:106} INFO - Stacktrace:
[2025-02-08T06:37:45.732-0500] {subprocess.py:106} INFO - org.openqa.selenium.NoSuchSessionException: Unable to find session with ID: eab4b36c3d35cf753cccdd1771e95f13
[2025-02-08T06:37:45.733-0500] {subprocess.py:106} INFO - Build info: version: '4.28.1', revision: '73f5ad48a2'
[2025-02-08T06:37:45.733-0500] {subprocess.py:106} INFO - System info: os.name: 'Linux', os.arch: 'amd64', os.version: '5.15.153.1-microsoft-standard-WSL2', java.version: '17.0.13'
[2025-02-08T06:37:45.734-0500] {subprocess.py:106} INFO - Driver info: driver.version: unknown
[2025-02-08T06:37:45.734-0500] {subprocess.py:106} INFO - 	at org.openqa.selenium.grid.sessionmap.local.LocalSessionMap.get(LocalSessionMap.java:117)
[2025-02-08T06:37:45.735-0500] {subprocess.py:106} INFO - 	at org.openqa.selenium.grid.sessionmap.SessionMap.getUri(SessionMap.java:84)
[2025-02-08T06:37:45.735-0500] {subprocess.py:106} INFO - 	at org.openqa.selenium.grid.router.HandleSession.lambda$loadSessionId$4(HandleSession.java:225)
[2025-02-08T06:37:45.736-0500] {subprocess.py:106} INFO - 	at org.openqa.selenium.grid.router.HandleSession.execute(HandleSession.java:182)
[2025-02-08T06:37:45.737-0500] {subprocess.py:106} INFO - 	at org.openqa.selenium.remote.http.Route$PredicatedRoute.handle(Route.java:397)
[2025-02-08T06:37:45.737-0500] {subprocess.py:106} INFO - 	at org.openqa.selenium.remote.http.Route.execute(Route.java:69)
[2025-02-08T06:37:45.737-0500] {subprocess.py:106} INFO - 	at org.openqa.selenium.remote.http.Route$CombinedRoute.handle(Route.java:360)
[2025-02-08T06:37:45.738-0500] {subprocess.py:106} INFO - 	at org.openqa.selenium.remote.http.Route.execute(Route.java:69)
[2025-02-08T06:37:45.738-0500] {subprocess.py:106} INFO - 	at org.openqa.selenium.grid.router.Router.execute(Router.java:89)
[2025-02-08T06:37:45.739-0500] {subprocess.py:106} INFO - 	at org.openqa.selenium.grid.web.EnsureSpecCompliantResponseHeaders.lambda$apply$0(EnsureSpecCompliantResponseHeaders.java:34)
[2025-02-08T06:37:45.739-0500] {subprocess.py:106} INFO - 	at org.openqa.selenium.remote.http.Filter$1.execute(Filter.java:63)
[2025-02-08T06:37:45.740-0500] {subprocess.py:106} INFO - 	at org.openqa.selenium.remote.http.Route$CombinedRoute.handle(Route.java:360)
[2025-02-08T06:37:45.740-0500] {subprocess.py:106} INFO - 	at org.openqa.selenium.remote.http.Route.execute(Route.java:69)
[2025-02-08T06:37:45.741-0500] {subprocess.py:106} INFO - 	at org.openqa.selenium.remote.AddWebDriverSpecHeaders.lambda$apply$0(AddWebDriverSpecHeaders.java:35)
[2025-02-08T06:37:45.741-0500] {subprocess.py:106} INFO - 	at org.openqa.selenium.remote.ErrorFilter.lambda$apply$0(ErrorFilter.java:44)
[2025-02-08T06:37:45.742-0500] {subprocess.py:106} INFO - 	at org.openqa.selenium.remote.http.Filter$1.execute(Filter.java:63)
[2025-02-08T06:37:45.742-0500] {subprocess.py:106} INFO - 	at org.openqa.selenium.remote.ErrorFilter.lambda$apply$0(ErrorFilter.java:44)
[2025-02-08T06:37:45.743-0500] {subprocess.py:106} INFO - 	at org.openqa.selenium.remote.http.Filter$1.execute(Filter.java:63)
[2025-02-08T06:37:45.744-0500] {subprocess.py:106} INFO - 	at org.openqa.selenium.netty.server.SeleniumHandler.lambda$channelRead0$0(SeleniumHandler.java:49)
[2025-02-08T06:37:45.744-0500] {subprocess.py:106} INFO - 	at java.base/java.util.concurrent.Executors$RunnableAdapter.call(Executors.java:539)
[2025-02-08T06:37:45.745-0500] {subprocess.py:106} INFO - 	at java.base/java.util.concurrent.FutureTask.run(FutureTask.java:264)
[2025-02-08T06:37:45.745-0500] {subprocess.py:106} INFO - 	at java.base/java.util.concurrent.ThreadPoolExecutor.runWorker(ThreadPoolExecutor.java:1136)
[2025-02-08T06:37:45.746-0500] {subprocess.py:106} INFO - 	at java.base/java.util.concurrent.ThreadPoolExecutor$Worker.run(ThreadPoolExecutor.java:635)
[2025-02-08T06:37:45.746-0500] {subprocess.py:106} INFO - 	at java.base/java.lang.Thread.run(Thread.java:840)
[2025-02-08T06:37:45.747-0500] {subprocess.py:106} INFO - 
[2025-02-08T06:37:45.771-0500] {subprocess.py:110} INFO - Command exited with return code 1
[2025-02-08T06:37:45.784-0500] {taskinstance.py:3311} ERROR - Task failed with exception
Traceback (most recent call last):
  File "/home/airflow/.local/lib/python3.12/site-packages/airflow/models/taskinstance.py", line 767, in _execute_task
    result = _execute_callable(context=context, **execute_callable_kwargs)
             ^^^^^^^^^^^^^^^^^^^^^^^^^^^^^^^^^^^^^^^^^^^^^^^^^^^^^^^^^^^^^
  File "/home/airflow/.local/lib/python3.12/site-packages/airflow/models/taskinstance.py", line 733, in _execute_callable
    return ExecutionCallableRunner(
           ^^^^^^^^^^^^^^^^^^^^^^^^
  File "/home/airflow/.local/lib/python3.12/site-packages/airflow/utils/operator_helpers.py", line 252, in run
    return self.func(*args, **kwargs)
           ^^^^^^^^^^^^^^^^^^^^^^^^^^
  File "/home/airflow/.local/lib/python3.12/site-packages/airflow/models/baseoperator.py", line 422, in wrapper
    return func(self, *args, **kwargs)
           ^^^^^^^^^^^^^^^^^^^^^^^^^^^
  File "/home/airflow/.local/lib/python3.12/site-packages/airflow/operators/bash.py", line 276, in execute
    raise AirflowException(
airflow.exceptions.AirflowException: Bash command failed. The command returned a non-zero exit code 1.
[2025-02-08T06:37:45.793-0500] {taskinstance.py:1225} INFO - Marking task as UP_FOR_RETRY. dag_id=etl_reporte_como_vamos, task_id=bot_ex_bbva, run_id=scheduled__2025-02-07T11:30:00+00:00, execution_date=20250207T113000, start_date=20250208T113730, end_date=20250208T113745
[2025-02-08T06:37:45.812-0500] {taskinstance.py:340} INFO - ::group::Post task execution logs
[2025-02-08T06:37:45.813-0500] {standard_task_runner.py:124} ERROR - Failed to execute job 81 for task bot_ex_bbva (Bash command failed. The command returned a non-zero exit code 1.; 53898)
Traceback (most recent call last):
  File "/home/airflow/.local/lib/python3.12/site-packages/airflow/task/task_runner/standard_task_runner.py", line 117, in _start_by_fork
    ret = args.func(args, dag=self.dag)
          ^^^^^^^^^^^^^^^^^^^^^^^^^^^^^
  File "/home/airflow/.local/lib/python3.12/site-packages/airflow/cli/cli_config.py", line 49, in command
    return func(*args, **kwargs)
           ^^^^^^^^^^^^^^^^^^^^^
  File "/home/airflow/.local/lib/python3.12/site-packages/airflow/utils/cli.py", line 116, in wrapper
    return f(*args, **kwargs)
           ^^^^^^^^^^^^^^^^^^
  File "/home/airflow/.local/lib/python3.12/site-packages/airflow/cli/commands/task_command.py", line 483, in task_run
    task_return_code = _run_task_by_selected_method(args, _dag, ti)
                       ^^^^^^^^^^^^^^^^^^^^^^^^^^^^^^^^^^^^^^^^^^^^
  File "/home/airflow/.local/lib/python3.12/site-packages/airflow/cli/commands/task_command.py", line 256, in _run_task_by_selected_method
    return _run_raw_task(args, ti)
           ^^^^^^^^^^^^^^^^^^^^^^^
  File "/home/airflow/.local/lib/python3.12/site-packages/airflow/cli/commands/task_command.py", line 341, in _run_raw_task
    return ti._run_raw_task(
           ^^^^^^^^^^^^^^^^^
  File "/home/airflow/.local/lib/python3.12/site-packages/airflow/utils/session.py", line 97, in wrapper
    return func(*args, session=session, **kwargs)
           ^^^^^^^^^^^^^^^^^^^^^^^^^^^^^^^^^^^^^^
  File "/home/airflow/.local/lib/python3.12/site-packages/airflow/models/taskinstance.py", line 3005, in _run_raw_task
    return _run_raw_task(
           ^^^^^^^^^^^^^^
  File "/home/airflow/.local/lib/python3.12/site-packages/airflow/models/taskinstance.py", line 273, in _run_raw_task
    TaskInstance._execute_task_with_callbacks(
  File "/home/airflow/.local/lib/python3.12/site-packages/airflow/models/taskinstance.py", line 3159, in _execute_task_with_callbacks
    result = self._execute_task(context, task_orig)
             ^^^^^^^^^^^^^^^^^^^^^^^^^^^^^^^^^^^^^^
  File "/home/airflow/.local/lib/python3.12/site-packages/airflow/models/taskinstance.py", line 3183, in _execute_task
    return _execute_task(self, context, task_orig)
           ^^^^^^^^^^^^^^^^^^^^^^^^^^^^^^^^^^^^^^^
  File "/home/airflow/.local/lib/python3.12/site-packages/airflow/models/taskinstance.py", line 767, in _execute_task
    result = _execute_callable(context=context, **execute_callable_kwargs)
             ^^^^^^^^^^^^^^^^^^^^^^^^^^^^^^^^^^^^^^^^^^^^^^^^^^^^^^^^^^^^^
  File "/home/airflow/.local/lib/python3.12/site-packages/airflow/models/taskinstance.py", line 733, in _execute_callable
    return ExecutionCallableRunner(
           ^^^^^^^^^^^^^^^^^^^^^^^^
  File "/home/airflow/.local/lib/python3.12/site-packages/airflow/utils/operator_helpers.py", line 252, in run
    return self.func(*args, **kwargs)
           ^^^^^^^^^^^^^^^^^^^^^^^^^^
  File "/home/airflow/.local/lib/python3.12/site-packages/airflow/models/baseoperator.py", line 422, in wrapper
    return func(self, *args, **kwargs)
           ^^^^^^^^^^^^^^^^^^^^^^^^^^^
  File "/home/airflow/.local/lib/python3.12/site-packages/airflow/operators/bash.py", line 276, in execute
    raise AirflowException(
airflow.exceptions.AirflowException: Bash command failed. The command returned a non-zero exit code 1.
[2025-02-08T06:37:45.842-0500] {local_task_job_runner.py:266} INFO - Task exited with return code 1
[2025-02-08T06:37:45.864-0500] {taskinstance.py:3895} INFO - 0 downstream tasks scheduled from follow-on schedule check
[2025-02-08T06:37:45.867-0500] {local_task_job_runner.py:245} INFO - ::endgroup::
