[2025-02-01T04:16:53.680+0000] {local_task_job_runner.py:123} INFO - ::group::Pre task execution logs
[2025-02-01T04:16:53.715+0000] {taskinstance.py:2613} INFO - Dependencies all met for dep_context=non-requeueable deps ti=<TaskInstance: etl_reporte_como_vamos.bot_ex_bbva manual__2025-02-01T04:05:12.461876+00:00 [queued]>
[2025-02-01T04:16:53.732+0000] {taskinstance.py:2613} INFO - Dependencies all met for dep_context=requeueable deps ti=<TaskInstance: etl_reporte_como_vamos.bot_ex_bbva manual__2025-02-01T04:05:12.461876+00:00 [queued]>
[2025-02-01T04:16:53.733+0000] {taskinstance.py:2866} INFO - Starting attempt 1 of 1
[2025-02-01T04:16:53.757+0000] {taskinstance.py:2889} INFO - Executing <Task(BashOperator): bot_ex_bbva> on 2025-02-01 04:05:12.461876+00:00
[2025-02-01T04:16:53.766+0000] {warnings.py:112} WARNING - /home/***/.local/lib/python3.12/site-packages/***/task/task_runner/standard_task_runner.py:70: DeprecationWarning: This process (pid=2465) is multi-threaded, use of fork() may lead to deadlocks in the child.
  pid = os.fork()

[2025-02-01T04:16:53.769+0000] {standard_task_runner.py:72} INFO - Started process 2466 to run task
[2025-02-01T04:16:53.770+0000] {standard_task_runner.py:104} INFO - Running: ['***', 'tasks', 'run', 'etl_reporte_como_vamos', 'bot_ex_bbva', 'manual__2025-02-01T04:05:12.461876+00:00', '--job-id', '73', '--raw', '--subdir', 'DAGS_FOLDER/etl_como_vamos_dag.py', '--cfg-path', '/tmp/tmp5col8sy7']
[2025-02-01T04:16:53.772+0000] {standard_task_runner.py:105} INFO - Job 73: Subtask bot_ex_bbva
[2025-02-01T04:16:53.856+0000] {task_command.py:467} INFO - Running <TaskInstance: etl_reporte_como_vamos.bot_ex_bbva manual__2025-02-01T04:05:12.461876+00:00 [running]> on host 56024cb05cfe
[2025-02-01T04:16:54.001+0000] {taskinstance.py:3132} INFO - Exporting env vars: AIRFLOW_CTX_DAG_OWNER='***' AIRFLOW_CTX_DAG_ID='etl_reporte_como_vamos' AIRFLOW_CTX_TASK_ID='bot_ex_bbva' AIRFLOW_CTX_EXECUTION_DATE='2025-02-01T04:05:12.461876+00:00' AIRFLOW_CTX_TRY_NUMBER='1' AIRFLOW_CTX_DAG_RUN_ID='manual__2025-02-01T04:05:12.461876+00:00'
[2025-02-01T04:16:54.003+0000] {taskinstance.py:731} INFO - ::endgroup::
[2025-02-01T04:16:54.036+0000] {subprocess.py:78} INFO - Tmp dir root location: /tmp
[2025-02-01T04:16:54.038+0000] {subprocess.py:88} INFO - Running command: ['/usr/bin/bash', '-c', 'python /opt/***/scripts/bot_etl_ex_bbva.py']
[2025-02-01T04:16:54.057+0000] {subprocess.py:99} INFO - Output:
[2025-02-01T04:16:55.721+0000] {subprocess.py:106} INFO - 2025-02-01 04:16:55,721 - bot_etl_ex_bbva - INFO - Bot ETL Exito-BBVA started
[2025-02-01T04:16:56.517+0000] {subprocess.py:106} INFO - 2025-02-01 04:16:56,516 - bot_etl_ex_bbva - INFO - Conexi√≥n al Selenium Hub establecida correctamente
[2025-02-01T04:16:57.647+0000] {subprocess.py:106} INFO - 2025-02-01 04:16:57,646 - bot_etl_ex_bbva - INFO - Credentials input success
[2025-02-01T04:16:59.053+0000] {subprocess.py:106} INFO - 2025-02-01 04:16:59,052 - bot_etl_ex_bbva - INFO - Click in login button
[2025-02-01T04:17:09.200+0000] {subprocess.py:106} INFO - 2025-02-01 04:17:09,199 - bot_etl_ex_bbva - INFO - Loging success
[2025-02-01T04:17:09.890+0000] {subprocess.py:106} INFO - 2025-02-01 04:17:09,882 - bot_etl_ex_bbva - ERROR - Error Loading Cerrados.xlsx to ETL:
[2025-02-01T04:17:09.899+0000] {subprocess.py:106} INFO - ***Error type:*** InvalidArgumentException
[2025-02-01T04:17:09.946+0000] {subprocess.py:106} INFO - ***Error message:*** Message: invalid argument: File not found : /opt/***/downloads/Cerrados.xlsx
[2025-02-01T04:17:09.956+0000] {subprocess.py:106} INFO -   (Session info: chrome=132.0.6834.110)
[2025-02-01T04:17:09.961+0000] {subprocess.py:106} INFO - Stacktrace:
[2025-02-01T04:17:09.966+0000] {subprocess.py:106} INFO - #0 0x5636a1329dca <unknown>
[2025-02-01T04:17:09.975+0000] {subprocess.py:106} INFO - #1 0x5636a0e203f0 <unknown>
[2025-02-01T04:17:09.978+0000] {subprocess.py:106} INFO - #2 0x5636a0e68d13 <unknown>
[2025-02-01T04:17:09.984+0000] {subprocess.py:106} INFO - #3 0x5636a0e94a92 <unknown>
[2025-02-01T04:17:09.986+0000] {subprocess.py:106} INFO - #4 0x5636a0e63c48 <unknown>
[2025-02-01T04:17:09.996+0000] {subprocess.py:106} INFO - #5 0x5636a0e94c5e <unknown>
[2025-02-01T04:17:10.000+0000] {subprocess.py:106} INFO - #6 0x5636a0eb34b3 <unknown>
[2025-02-01T04:17:10.010+0000] {subprocess.py:106} INFO - #7 0x5636a0e94833 <unknown>
[2025-02-01T04:17:10.023+0000] {subprocess.py:106} INFO - #8 0x5636a0e615a0 <unknown>
[2025-02-01T04:17:10.031+0000] {subprocess.py:106} INFO - #9 0x5636a0e62ece <unknown>
[2025-02-01T04:17:10.042+0000] {subprocess.py:106} INFO - #10 0x5636a12f3bdb <unknown>
[2025-02-01T04:17:10.046+0000] {subprocess.py:106} INFO - #11 0x5636a12f7b67 <unknown>
[2025-02-01T04:17:10.048+0000] {subprocess.py:106} INFO - #12 0x5636a12df3bc <unknown>
[2025-02-01T04:17:10.050+0000] {subprocess.py:106} INFO - #13 0x5636a12f8727 <unknown>
[2025-02-01T04:17:10.061+0000] {subprocess.py:106} INFO - #14 0x5636a12c374f <unknown>
[2025-02-01T04:17:10.066+0000] {subprocess.py:106} INFO - #15 0x5636a1318938 <unknown>
[2025-02-01T04:17:10.068+0000] {subprocess.py:106} INFO - #16 0x5636a1318b00 <unknown>
[2025-02-01T04:17:10.077+0000] {subprocess.py:106} INFO - #17 0x5636a1328c46 <unknown>
[2025-02-01T04:17:10.085+0000] {subprocess.py:106} INFO - #18 0x7f9d7feafa94 <unknown>
[2025-02-01T04:17:10.092+0000] {subprocess.py:106} INFO - #19 0x7f9d7ff3cc3c <unknown>
[2025-02-01T04:17:10.096+0000] {subprocess.py:106} INFO - 
[2025-02-01T04:17:10.099+0000] {subprocess.py:106} INFO - ***Full Traceback:*** Traceback (most recent call last):
[2025-02-01T04:17:10.108+0000] {subprocess.py:106} INFO -   File "/opt/***/scripts/bot_etl_ex_bbva.py", line 100, in main
[2025-02-01T04:17:10.113+0000] {subprocess.py:106} INFO -     file_input.send_keys(file)
[2025-02-01T04:17:10.116+0000] {subprocess.py:106} INFO -   File "/home/***/.local/lib/python3.12/site-packages/selenium/webdriver/remote/webelement.py", line 301, in send_keys
[2025-02-01T04:17:10.124+0000] {subprocess.py:106} INFO -     self._execute(
[2025-02-01T04:17:10.127+0000] {subprocess.py:106} INFO -   File "/home/***/.local/lib/python3.12/site-packages/selenium/webdriver/remote/webelement.py", line 570, in _execute
[2025-02-01T04:17:10.129+0000] {subprocess.py:106} INFO -     return self._parent.execute(command, params)
[2025-02-01T04:17:10.131+0000] {subprocess.py:106} INFO -            ^^^^^^^^^^^^^^^^^^^^^^^^^^^^^^^^^^^^^
[2025-02-01T04:17:10.132+0000] {subprocess.py:106} INFO -   File "/home/***/.local/lib/python3.12/site-packages/selenium/webdriver/remote/webdriver.py", line 429, in execute
[2025-02-01T04:17:10.137+0000] {subprocess.py:106} INFO -     self.error_handler.check_response(response)
[2025-02-01T04:17:10.141+0000] {subprocess.py:106} INFO -   File "/home/***/.local/lib/python3.12/site-packages/selenium/webdriver/remote/errorhandler.py", line 232, in check_response
[2025-02-01T04:17:10.143+0000] {subprocess.py:106} INFO -     raise exception_class(message, screen, stacktrace)
[2025-02-01T04:17:10.146+0000] {subprocess.py:106} INFO - selenium.common.exceptions.InvalidArgumentException: Message: invalid argument: File not found : /opt/***/downloads/Cerrados.xlsx
[2025-02-01T04:17:10.156+0000] {subprocess.py:106} INFO -   (Session info: chrome=132.0.6834.110)
[2025-02-01T04:17:10.162+0000] {subprocess.py:106} INFO - Stacktrace:
[2025-02-01T04:17:10.165+0000] {subprocess.py:106} INFO - #0 0x5636a1329dca <unknown>
[2025-02-01T04:17:10.168+0000] {subprocess.py:106} INFO - #1 0x5636a0e203f0 <unknown>
[2025-02-01T04:17:10.183+0000] {subprocess.py:106} INFO - #2 0x5636a0e68d13 <unknown>
[2025-02-01T04:17:10.199+0000] {subprocess.py:106} INFO - #3 0x5636a0e94a92 <unknown>
[2025-02-01T04:17:10.209+0000] {subprocess.py:106} INFO - #4 0x5636a0e63c48 <unknown>
[2025-02-01T04:17:10.215+0000] {subprocess.py:106} INFO - #5 0x5636a0e94c5e <unknown>
[2025-02-01T04:17:10.221+0000] {subprocess.py:106} INFO - #6 0x5636a0eb34b3 <unknown>
[2025-02-01T04:17:10.223+0000] {subprocess.py:106} INFO - #7 0x5636a0e94833 <unknown>
[2025-02-01T04:17:10.227+0000] {subprocess.py:106} INFO - #8 0x5636a0e615a0 <unknown>
[2025-02-01T04:17:10.233+0000] {subprocess.py:106} INFO - #9 0x5636a0e62ece <unknown>
[2025-02-01T04:17:10.240+0000] {subprocess.py:106} INFO - #10 0x5636a12f3bdb <unknown>
[2025-02-01T04:17:10.242+0000] {subprocess.py:106} INFO - #11 0x5636a12f7b67 <unknown>
[2025-02-01T04:17:10.244+0000] {subprocess.py:106} INFO - #12 0x5636a12df3bc <unknown>
[2025-02-01T04:17:10.246+0000] {subprocess.py:106} INFO - #13 0x5636a12f8727 <unknown>
[2025-02-01T04:17:10.248+0000] {subprocess.py:106} INFO - #14 0x5636a12c374f <unknown>
[2025-02-01T04:17:10.252+0000] {subprocess.py:106} INFO - #15 0x5636a1318938 <unknown>
[2025-02-01T04:17:10.255+0000] {subprocess.py:106} INFO - #16 0x5636a1318b00 <unknown>
[2025-02-01T04:17:10.257+0000] {subprocess.py:106} INFO - #17 0x5636a1328c46 <unknown>
[2025-02-01T04:17:10.259+0000] {subprocess.py:106} INFO - #18 0x7f9d7feafa94 <unknown>
[2025-02-01T04:17:10.260+0000] {subprocess.py:106} INFO - #19 0x7f9d7ff3cc3c <unknown>
[2025-02-01T04:17:10.262+0000] {subprocess.py:106} INFO - 
[2025-02-01T04:17:10.264+0000] {subprocess.py:106} INFO - 
[2025-02-01T04:17:10.265+0000] {subprocess.py:106} INFO - 2025-02-01 04:17:10,202 - bot_etl_ex_bbva - INFO - bot_etl_ex_bbva finish execution
[2025-02-01T04:17:10.267+0000] {subprocess.py:106} INFO - Traceback (most recent call last):
[2025-02-01T04:17:10.275+0000] {subprocess.py:106} INFO -   File "/opt/***/scripts/bot_etl_ex_bbva.py", line 136, in <module>
[2025-02-01T04:17:10.277+0000] {subprocess.py:106} INFO -     main()
[2025-02-01T04:17:10.281+0000] {subprocess.py:106} INFO -   File "/opt/***/scripts/bot_etl_ex_bbva.py", line 131, in main
[2025-02-01T04:17:10.283+0000] {subprocess.py:106} INFO -     driver.quit()
[2025-02-01T04:17:10.285+0000] {subprocess.py:106} INFO -   File "/home/***/.local/lib/python3.12/site-packages/selenium/webdriver/remote/webdriver.py", line 589, in quit
[2025-02-01T04:17:10.293+0000] {subprocess.py:106} INFO -     self.execute(Command.QUIT)
[2025-02-01T04:17:10.296+0000] {subprocess.py:106} INFO -   File "/home/***/.local/lib/python3.12/site-packages/selenium/webdriver/remote/webdriver.py", line 429, in execute
[2025-02-01T04:17:10.298+0000] {subprocess.py:106} INFO -     self.error_handler.check_response(response)
[2025-02-01T04:17:10.300+0000] {subprocess.py:106} INFO -   File "/home/***/.local/lib/python3.12/site-packages/selenium/webdriver/remote/errorhandler.py", line 232, in check_response
[2025-02-01T04:17:10.302+0000] {subprocess.py:106} INFO -     raise exception_class(message, screen, stacktrace)
[2025-02-01T04:17:10.306+0000] {subprocess.py:106} INFO - selenium.common.exceptions.InvalidSessionIdException: Message: Unable to find session with ID: 4f43f996285979de2eb98439b5bc160b
[2025-02-01T04:17:10.308+0000] {subprocess.py:106} INFO - Build info: version: '4.28.1', revision: '73f5ad48a2'
[2025-02-01T04:17:10.314+0000] {subprocess.py:106} INFO - System info: os.name: 'Linux', os.arch: 'amd64', os.version: '5.15.153.1-microsoft-standard-WSL2', java.version: '17.0.13'
[2025-02-01T04:17:10.319+0000] {subprocess.py:106} INFO - Driver info: driver.version: unknown
[2025-02-01T04:17:10.348+0000] {subprocess.py:106} INFO - Stacktrace:
[2025-02-01T04:17:10.358+0000] {subprocess.py:106} INFO - org.openqa.selenium.NoSuchSessionException: Unable to find session with ID: 4f43f996285979de2eb98439b5bc160b
[2025-02-01T04:17:10.364+0000] {subprocess.py:106} INFO - Build info: version: '4.28.1', revision: '73f5ad48a2'
[2025-02-01T04:17:10.366+0000] {subprocess.py:106} INFO - System info: os.name: 'Linux', os.arch: 'amd64', os.version: '5.15.153.1-microsoft-standard-WSL2', java.version: '17.0.13'
[2025-02-01T04:17:10.368+0000] {subprocess.py:106} INFO - Driver info: driver.version: unknown
[2025-02-01T04:17:10.371+0000] {subprocess.py:106} INFO - 	at org.openqa.selenium.grid.sessionmap.local.LocalSessionMap.get(LocalSessionMap.java:117)
[2025-02-01T04:17:10.373+0000] {subprocess.py:106} INFO - 	at org.openqa.selenium.grid.sessionmap.SessionMap.getUri(SessionMap.java:84)
[2025-02-01T04:17:10.375+0000] {subprocess.py:106} INFO - 	at org.openqa.selenium.grid.router.HandleSession.lambda$loadSessionId$4(HandleSession.java:225)
[2025-02-01T04:17:10.377+0000] {subprocess.py:106} INFO - 	at org.openqa.selenium.grid.router.HandleSession.execute(HandleSession.java:182)
[2025-02-01T04:17:10.378+0000] {subprocess.py:106} INFO - 	at org.openqa.selenium.remote.http.Route$PredicatedRoute.handle(Route.java:397)
[2025-02-01T04:17:10.385+0000] {subprocess.py:106} INFO - 	at org.openqa.selenium.remote.http.Route.execute(Route.java:69)
[2025-02-01T04:17:10.392+0000] {subprocess.py:106} INFO - 	at org.openqa.selenium.remote.http.Route$CombinedRoute.handle(Route.java:360)
[2025-02-01T04:17:10.400+0000] {subprocess.py:106} INFO - 	at org.openqa.selenium.remote.http.Route.execute(Route.java:69)
[2025-02-01T04:17:10.402+0000] {subprocess.py:106} INFO - 	at org.openqa.selenium.grid.router.Router.execute(Router.java:89)
[2025-02-01T04:17:10.406+0000] {subprocess.py:106} INFO - 	at org.openqa.selenium.grid.web.EnsureSpecCompliantResponseHeaders.lambda$apply$0(EnsureSpecCompliantResponseHeaders.java:34)
[2025-02-01T04:17:10.408+0000] {subprocess.py:106} INFO - 	at org.openqa.selenium.remote.http.Filter$1.execute(Filter.java:63)
[2025-02-01T04:17:10.410+0000] {subprocess.py:106} INFO - 	at org.openqa.selenium.remote.http.Route$CombinedRoute.handle(Route.java:360)
[2025-02-01T04:17:10.412+0000] {subprocess.py:106} INFO - 	at org.openqa.selenium.remote.http.Route.execute(Route.java:69)
[2025-02-01T04:17:10.417+0000] {subprocess.py:106} INFO - 	at org.openqa.selenium.remote.AddWebDriverSpecHeaders.lambda$apply$0(AddWebDriverSpecHeaders.java:35)
[2025-02-01T04:17:10.419+0000] {subprocess.py:106} INFO - 	at org.openqa.selenium.remote.ErrorFilter.lambda$apply$0(ErrorFilter.java:44)
[2025-02-01T04:17:10.421+0000] {subprocess.py:106} INFO - 	at org.openqa.selenium.remote.http.Filter$1.execute(Filter.java:63)
[2025-02-01T04:17:10.423+0000] {subprocess.py:106} INFO - 	at org.openqa.selenium.remote.ErrorFilter.lambda$apply$0(ErrorFilter.java:44)
[2025-02-01T04:17:10.427+0000] {subprocess.py:106} INFO - 	at org.openqa.selenium.remote.http.Filter$1.execute(Filter.java:63)
[2025-02-01T04:17:10.429+0000] {subprocess.py:106} INFO - 	at org.openqa.selenium.netty.server.SeleniumHandler.lambda$channelRead0$0(SeleniumHandler.java:49)
[2025-02-01T04:17:10.431+0000] {subprocess.py:106} INFO - 	at java.base/java.util.concurrent.Executors$RunnableAdapter.call(Executors.java:539)
[2025-02-01T04:17:10.434+0000] {subprocess.py:106} INFO - 	at java.base/java.util.concurrent.FutureTask.run(FutureTask.java:264)
[2025-02-01T04:17:10.435+0000] {subprocess.py:106} INFO - 	at java.base/java.util.concurrent.ThreadPoolExecutor.runWorker(ThreadPoolExecutor.java:1136)
[2025-02-01T04:17:10.443+0000] {subprocess.py:106} INFO - 	at java.base/java.util.concurrent.ThreadPoolExecutor$Worker.run(ThreadPoolExecutor.java:635)
[2025-02-01T04:17:10.445+0000] {subprocess.py:106} INFO - 	at java.base/java.lang.Thread.run(Thread.java:840)
[2025-02-01T04:17:10.448+0000] {subprocess.py:106} INFO - 
[2025-02-01T04:17:10.510+0000] {subprocess.py:110} INFO - Command exited with return code 1
[2025-02-01T04:17:10.551+0000] {taskinstance.py:3311} ERROR - Task failed with exception
Traceback (most recent call last):
  File "/home/airflow/.local/lib/python3.12/site-packages/airflow/models/taskinstance.py", line 767, in _execute_task
    result = _execute_callable(context=context, **execute_callable_kwargs)
             ^^^^^^^^^^^^^^^^^^^^^^^^^^^^^^^^^^^^^^^^^^^^^^^^^^^^^^^^^^^^^
  File "/home/airflow/.local/lib/python3.12/site-packages/airflow/models/taskinstance.py", line 733, in _execute_callable
    return ExecutionCallableRunner(
           ^^^^^^^^^^^^^^^^^^^^^^^^
  File "/home/airflow/.local/lib/python3.12/site-packages/airflow/utils/operator_helpers.py", line 252, in run
    return self.func(*args, **kwargs)
           ^^^^^^^^^^^^^^^^^^^^^^^^^^
  File "/home/airflow/.local/lib/python3.12/site-packages/airflow/models/baseoperator.py", line 422, in wrapper
    return func(self, *args, **kwargs)
           ^^^^^^^^^^^^^^^^^^^^^^^^^^^
  File "/home/airflow/.local/lib/python3.12/site-packages/airflow/operators/bash.py", line 276, in execute
    raise AirflowException(
airflow.exceptions.AirflowException: Bash command failed. The command returned a non-zero exit code 1.
[2025-02-01T04:17:10.571+0000] {taskinstance.py:1225} INFO - Marking task as FAILED. dag_id=etl_reporte_como_vamos, task_id=bot_ex_bbva, run_id=manual__2025-02-01T04:05:12.461876+00:00, execution_date=20250201T040512, start_date=20250201T041653, end_date=20250201T041710
[2025-02-01T04:17:10.624+0000] {taskinstance.py:340} INFO - ::group::Post task execution logs
[2025-02-01T04:17:10.626+0000] {standard_task_runner.py:124} ERROR - Failed to execute job 73 for task bot_ex_bbva (Bash command failed. The command returned a non-zero exit code 1.; 2466)
Traceback (most recent call last):
  File "/home/airflow/.local/lib/python3.12/site-packages/airflow/task/task_runner/standard_task_runner.py", line 117, in _start_by_fork
    ret = args.func(args, dag=self.dag)
          ^^^^^^^^^^^^^^^^^^^^^^^^^^^^^
  File "/home/airflow/.local/lib/python3.12/site-packages/airflow/cli/cli_config.py", line 49, in command
    return func(*args, **kwargs)
           ^^^^^^^^^^^^^^^^^^^^^
  File "/home/airflow/.local/lib/python3.12/site-packages/airflow/utils/cli.py", line 116, in wrapper
    return f(*args, **kwargs)
           ^^^^^^^^^^^^^^^^^^
  File "/home/airflow/.local/lib/python3.12/site-packages/airflow/cli/commands/task_command.py", line 483, in task_run
    task_return_code = _run_task_by_selected_method(args, _dag, ti)
                       ^^^^^^^^^^^^^^^^^^^^^^^^^^^^^^^^^^^^^^^^^^^^
  File "/home/airflow/.local/lib/python3.12/site-packages/airflow/cli/commands/task_command.py", line 256, in _run_task_by_selected_method
    return _run_raw_task(args, ti)
           ^^^^^^^^^^^^^^^^^^^^^^^
  File "/home/airflow/.local/lib/python3.12/site-packages/airflow/cli/commands/task_command.py", line 341, in _run_raw_task
    return ti._run_raw_task(
           ^^^^^^^^^^^^^^^^^
  File "/home/airflow/.local/lib/python3.12/site-packages/airflow/utils/session.py", line 97, in wrapper
    return func(*args, session=session, **kwargs)
           ^^^^^^^^^^^^^^^^^^^^^^^^^^^^^^^^^^^^^^
  File "/home/airflow/.local/lib/python3.12/site-packages/airflow/models/taskinstance.py", line 3005, in _run_raw_task
    return _run_raw_task(
           ^^^^^^^^^^^^^^
  File "/home/airflow/.local/lib/python3.12/site-packages/airflow/models/taskinstance.py", line 273, in _run_raw_task
    TaskInstance._execute_task_with_callbacks(
  File "/home/airflow/.local/lib/python3.12/site-packages/airflow/models/taskinstance.py", line 3159, in _execute_task_with_callbacks
    result = self._execute_task(context, task_orig)
             ^^^^^^^^^^^^^^^^^^^^^^^^^^^^^^^^^^^^^^
  File "/home/airflow/.local/lib/python3.12/site-packages/airflow/models/taskinstance.py", line 3183, in _execute_task
    return _execute_task(self, context, task_orig)
           ^^^^^^^^^^^^^^^^^^^^^^^^^^^^^^^^^^^^^^^
  File "/home/airflow/.local/lib/python3.12/site-packages/airflow/models/taskinstance.py", line 767, in _execute_task
    result = _execute_callable(context=context, **execute_callable_kwargs)
             ^^^^^^^^^^^^^^^^^^^^^^^^^^^^^^^^^^^^^^^^^^^^^^^^^^^^^^^^^^^^^
  File "/home/airflow/.local/lib/python3.12/site-packages/airflow/models/taskinstance.py", line 733, in _execute_callable
    return ExecutionCallableRunner(
           ^^^^^^^^^^^^^^^^^^^^^^^^
  File "/home/airflow/.local/lib/python3.12/site-packages/airflow/utils/operator_helpers.py", line 252, in run
    return self.func(*args, **kwargs)
           ^^^^^^^^^^^^^^^^^^^^^^^^^^
  File "/home/airflow/.local/lib/python3.12/site-packages/airflow/models/baseoperator.py", line 422, in wrapper
    return func(self, *args, **kwargs)
           ^^^^^^^^^^^^^^^^^^^^^^^^^^^
  File "/home/airflow/.local/lib/python3.12/site-packages/airflow/operators/bash.py", line 276, in execute
    raise AirflowException(
airflow.exceptions.AirflowException: Bash command failed. The command returned a non-zero exit code 1.
[2025-02-01T04:17:10.677+0000] {local_task_job_runner.py:266} INFO - Task exited with return code 1
[2025-02-01T04:17:10.746+0000] {taskinstance.py:3895} INFO - 0 downstream tasks scheduled from follow-on schedule check
[2025-02-01T04:17:10.760+0000] {local_task_job_runner.py:245} INFO - ::endgroup::
