[2025-02-05T01:31:43.606-0500] {local_task_job_runner.py:123} INFO - ::group::Pre task execution logs
[2025-02-05T01:31:43.625-0500] {taskinstance.py:2613} INFO - Dependencies all met for dep_context=non-requeueable deps ti=<TaskInstance: etl_reporte_como_vamos.bot_ex_bbva scheduled__2025-02-04T06:30:00+00:00 [queued]>
[2025-02-05T01:31:43.634-0500] {taskinstance.py:2613} INFO - Dependencies all met for dep_context=requeueable deps ti=<TaskInstance: etl_reporte_como_vamos.bot_ex_bbva scheduled__2025-02-04T06:30:00+00:00 [queued]>
[2025-02-05T01:31:43.635-0500] {taskinstance.py:2866} INFO - Starting attempt 1 of 4
[2025-02-05T01:31:43.650-0500] {taskinstance.py:2889} INFO - Executing <Task(BashOperator): bot_ex_bbva> on 2025-02-04 06:30:00+00:00
[2025-02-05T01:31:43.658-0500] {warnings.py:112} WARNING - /home/***/.local/lib/python3.12/site-packages/***/task/task_runner/standard_task_runner.py:70: DeprecationWarning: This process (pid=39841) is multi-threaded, use of fork() may lead to deadlocks in the child.
  pid = os.fork()

[2025-02-05T01:31:43.660-0500] {standard_task_runner.py:104} INFO - Running: ['***', 'tasks', 'run', 'etl_reporte_como_vamos', 'bot_ex_bbva', 'scheduled__2025-02-04T06:30:00+00:00', '--job-id', '47', '--raw', '--subdir', 'DAGS_FOLDER/etl_como_vamos_dag.py', '--cfg-path', '/tmp/tmpttfzf39e']
[2025-02-05T01:31:43.661-0500] {standard_task_runner.py:72} INFO - Started process 39842 to run task
[2025-02-05T01:31:43.662-0500] {standard_task_runner.py:105} INFO - Job 47: Subtask bot_ex_bbva
[2025-02-05T01:31:43.716-0500] {task_command.py:467} INFO - Running <TaskInstance: etl_reporte_como_vamos.bot_ex_bbva scheduled__2025-02-04T06:30:00+00:00 [running]> on host 21f1c1b48730
[2025-02-05T01:31:43.815-0500] {taskinstance.py:3132} INFO - Exporting env vars: AIRFLOW_CTX_DAG_OWNER='***' AIRFLOW_CTX_DAG_ID='etl_reporte_como_vamos' AIRFLOW_CTX_TASK_ID='bot_ex_bbva' AIRFLOW_CTX_EXECUTION_DATE='2025-02-04T06:30:00+00:00' AIRFLOW_CTX_TRY_NUMBER='1' AIRFLOW_CTX_DAG_RUN_ID='scheduled__2025-02-04T06:30:00+00:00'
[2025-02-05T01:31:43.816-0500] {taskinstance.py:731} INFO - ::endgroup::
[2025-02-05T01:31:43.834-0500] {subprocess.py:78} INFO - Tmp dir root location: /tmp
[2025-02-05T01:31:43.836-0500] {subprocess.py:88} INFO - Running command: ['/usr/bin/bash', '-c', 'python /opt/***/scripts/bot_etl_ex_bbva.py']
[2025-02-05T01:31:43.848-0500] {subprocess.py:99} INFO - Output:
[2025-02-05T01:31:44.808-0500] {subprocess.py:106} INFO - 2025-02-05 01:31:44,807 - bot_etl_ex_bbva - INFO - Bot ETL Exito-BBVA started
[2025-02-05T01:31:45.385-0500] {subprocess.py:106} INFO - 2025-02-05 01:31:45,385 - bot_etl_ex_bbva - INFO - Conexi√≥n al Selenium Hub establecida correctamente
[2025-02-05T01:31:47.806-0500] {subprocess.py:106} INFO - 2025-02-05 01:31:47,806 - bot_etl_ex_bbva - INFO - Credentials input success
[2025-02-05T01:31:49.489-0500] {subprocess.py:106} INFO - 2025-02-05 01:31:49,489 - bot_etl_ex_bbva - INFO - Click in login button
[2025-02-05T01:31:59.522-0500] {subprocess.py:106} INFO - 2025-02-05 01:31:59,522 - bot_etl_ex_bbva - INFO - Loging success
[2025-02-05T01:31:59.774-0500] {subprocess.py:106} INFO - 2025-02-05 01:31:59,774 - bot_etl_ex_bbva - ERROR - Error Loading Cerrados.xlsx to ETL:
[2025-02-05T01:31:59.775-0500] {subprocess.py:106} INFO - ***Error type:*** ElementNotInteractableException
[2025-02-05T01:31:59.776-0500] {subprocess.py:106} INFO - ***Error message:*** Message: element not interactable
[2025-02-05T01:31:59.776-0500] {subprocess.py:106} INFO -   (Session info: chrome=132.0.6834.110)
[2025-02-05T01:31:59.777-0500] {subprocess.py:106} INFO - Stacktrace:
[2025-02-05T01:31:59.778-0500] {subprocess.py:106} INFO - #0 0x55dfccc62dca <unknown>
[2025-02-05T01:31:59.780-0500] {subprocess.py:106} INFO - #1 0x55dfcc75924d <unknown>
[2025-02-05T01:31:59.780-0500] {subprocess.py:106} INFO - #2 0x55dfcc7aa2d9 <unknown>
[2025-02-05T01:31:59.781-0500] {subprocess.py:106} INFO - #3 0x55dfcc79d2bd <unknown>
[2025-02-05T01:31:59.781-0500] {subprocess.py:106} INFO - #4 0x55dfcc7cda92 <unknown>
[2025-02-05T01:31:59.782-0500] {subprocess.py:106} INFO - #5 0x55dfcc79cc48 <unknown>
[2025-02-05T01:31:59.783-0500] {subprocess.py:106} INFO - #6 0x55dfcc7cdc5e <unknown>
[2025-02-05T01:31:59.783-0500] {subprocess.py:106} INFO - #7 0x55dfcc7ec4b3 <unknown>
[2025-02-05T01:31:59.784-0500] {subprocess.py:106} INFO - #8 0x55dfcc7cd833 <unknown>
[2025-02-05T01:31:59.784-0500] {subprocess.py:106} INFO - #9 0x55dfcc79a5a0 <unknown>
[2025-02-05T01:31:59.785-0500] {subprocess.py:106} INFO - #10 0x55dfcc79bece <unknown>
[2025-02-05T01:31:59.785-0500] {subprocess.py:106} INFO - #11 0x55dfccc2cbdb <unknown>
[2025-02-05T01:31:59.786-0500] {subprocess.py:106} INFO - #12 0x55dfccc30b67 <unknown>
[2025-02-05T01:31:59.786-0500] {subprocess.py:106} INFO - #13 0x55dfccc183bc <unknown>
[2025-02-05T01:31:59.787-0500] {subprocess.py:106} INFO - #14 0x55dfccc31727 <unknown>
[2025-02-05T01:31:59.787-0500] {subprocess.py:106} INFO - #15 0x55dfccbfc74f <unknown>
[2025-02-05T01:31:59.788-0500] {subprocess.py:106} INFO - #16 0x55dfccc51938 <unknown>
[2025-02-05T01:31:59.788-0500] {subprocess.py:106} INFO - #17 0x55dfccc51b00 <unknown>
[2025-02-05T01:31:59.789-0500] {subprocess.py:106} INFO - #18 0x55dfccc61c46 <unknown>
[2025-02-05T01:31:59.789-0500] {subprocess.py:106} INFO - #19 0x7fd9264aaa94 <unknown>
[2025-02-05T01:31:59.790-0500] {subprocess.py:106} INFO - #20 0x7fd926537c3c <unknown>
[2025-02-05T01:31:59.791-0500] {subprocess.py:106} INFO - 
[2025-02-05T01:31:59.791-0500] {subprocess.py:106} INFO - ***Full Traceback:*** Traceback (most recent call last):
[2025-02-05T01:31:59.793-0500] {subprocess.py:106} INFO -   File "/opt/***/scripts/bot_etl_ex_bbva.py", line 105, in main
[2025-02-05T01:31:59.794-0500] {subprocess.py:106} INFO -     up_button.click()
[2025-02-05T01:31:59.794-0500] {subprocess.py:106} INFO -   File "/home/***/.local/lib/python3.12/site-packages/selenium/webdriver/remote/webelement.py", line 119, in click
[2025-02-05T01:31:59.795-0500] {subprocess.py:106} INFO -     self._execute(Command.CLICK_ELEMENT)
[2025-02-05T01:31:59.796-0500] {subprocess.py:106} INFO -   File "/home/***/.local/lib/python3.12/site-packages/selenium/webdriver/remote/webelement.py", line 570, in _execute
[2025-02-05T01:31:59.796-0500] {subprocess.py:106} INFO -     return self._parent.execute(command, params)
[2025-02-05T01:31:59.797-0500] {subprocess.py:106} INFO -            ^^^^^^^^^^^^^^^^^^^^^^^^^^^^^^^^^^^^^
[2025-02-05T01:31:59.798-0500] {subprocess.py:106} INFO -   File "/home/***/.local/lib/python3.12/site-packages/selenium/webdriver/remote/webdriver.py", line 429, in execute
[2025-02-05T01:31:59.798-0500] {subprocess.py:106} INFO -     self.error_handler.check_response(response)
[2025-02-05T01:31:59.799-0500] {subprocess.py:106} INFO -   File "/home/***/.local/lib/python3.12/site-packages/selenium/webdriver/remote/errorhandler.py", line 232, in check_response
[2025-02-05T01:31:59.799-0500] {subprocess.py:106} INFO -     raise exception_class(message, screen, stacktrace)
[2025-02-05T01:31:59.800-0500] {subprocess.py:106} INFO - selenium.common.exceptions.ElementNotInteractableException: Message: element not interactable
[2025-02-05T01:31:59.802-0500] {subprocess.py:106} INFO -   (Session info: chrome=132.0.6834.110)
[2025-02-05T01:31:59.802-0500] {subprocess.py:106} INFO - Stacktrace:
[2025-02-05T01:31:59.803-0500] {subprocess.py:106} INFO - #0 0x55dfccc62dca <unknown>
[2025-02-05T01:31:59.804-0500] {subprocess.py:106} INFO - #1 0x55dfcc75924d <unknown>
[2025-02-05T01:31:59.804-0500] {subprocess.py:106} INFO - #2 0x55dfcc7aa2d9 <unknown>
[2025-02-05T01:31:59.805-0500] {subprocess.py:106} INFO - #3 0x55dfcc79d2bd <unknown>
[2025-02-05T01:31:59.806-0500] {subprocess.py:106} INFO - #4 0x55dfcc7cda92 <unknown>
[2025-02-05T01:31:59.806-0500] {subprocess.py:106} INFO - #5 0x55dfcc79cc48 <unknown>
[2025-02-05T01:31:59.807-0500] {subprocess.py:106} INFO - #6 0x55dfcc7cdc5e <unknown>
[2025-02-05T01:31:59.807-0500] {subprocess.py:106} INFO - #7 0x55dfcc7ec4b3 <unknown>
[2025-02-05T01:31:59.808-0500] {subprocess.py:106} INFO - #8 0x55dfcc7cd833 <unknown>
[2025-02-05T01:31:59.808-0500] {subprocess.py:106} INFO - #9 0x55dfcc79a5a0 <unknown>
[2025-02-05T01:31:59.809-0500] {subprocess.py:106} INFO - #10 0x55dfcc79bece <unknown>
[2025-02-05T01:31:59.810-0500] {subprocess.py:106} INFO - #11 0x55dfccc2cbdb <unknown>
[2025-02-05T01:31:59.811-0500] {subprocess.py:106} INFO - #12 0x55dfccc30b67 <unknown>
[2025-02-05T01:31:59.812-0500] {subprocess.py:106} INFO - #13 0x55dfccc183bc <unknown>
[2025-02-05T01:31:59.813-0500] {subprocess.py:106} INFO - #14 0x55dfccc31727 <unknown>
[2025-02-05T01:31:59.814-0500] {subprocess.py:106} INFO - #15 0x55dfccbfc74f <unknown>
[2025-02-05T01:31:59.815-0500] {subprocess.py:106} INFO - #16 0x55dfccc51938 <unknown>
[2025-02-05T01:31:59.815-0500] {subprocess.py:106} INFO - #17 0x55dfccc51b00 <unknown>
[2025-02-05T01:31:59.816-0500] {subprocess.py:106} INFO - #18 0x55dfccc61c46 <unknown>
[2025-02-05T01:31:59.817-0500] {subprocess.py:106} INFO - #19 0x7fd9264aaa94 <unknown>
[2025-02-05T01:31:59.817-0500] {subprocess.py:106} INFO - #20 0x7fd926537c3c <unknown>
[2025-02-05T01:31:59.818-0500] {subprocess.py:106} INFO - 
[2025-02-05T01:31:59.819-0500] {subprocess.py:106} INFO - 
[2025-02-05T01:31:59.907-0500] {subprocess.py:106} INFO - 2025-02-05 01:31:59,906 - bot_etl_ex_bbva - INFO - bot_etl_ex_bbva finish execution
[2025-02-05T01:31:59.914-0500] {subprocess.py:106} INFO - Traceback (most recent call last):
[2025-02-05T01:31:59.915-0500] {subprocess.py:106} INFO -   File "/opt/***/scripts/bot_etl_ex_bbva.py", line 136, in <module>
[2025-02-05T01:31:59.920-0500] {subprocess.py:106} INFO -     main()
[2025-02-05T01:31:59.920-0500] {subprocess.py:106} INFO -   File "/opt/***/scripts/bot_etl_ex_bbva.py", line 131, in main
[2025-02-05T01:31:59.924-0500] {subprocess.py:106} INFO -     driver.quit()
[2025-02-05T01:31:59.925-0500] {subprocess.py:106} INFO -   File "/home/***/.local/lib/python3.12/site-packages/selenium/webdriver/remote/webdriver.py", line 589, in quit
[2025-02-05T01:31:59.925-0500] {subprocess.py:106} INFO -     self.execute(Command.QUIT)
[2025-02-05T01:31:59.926-0500] {subprocess.py:106} INFO -   File "/home/***/.local/lib/python3.12/site-packages/selenium/webdriver/remote/webdriver.py", line 429, in execute
[2025-02-05T01:31:59.926-0500] {subprocess.py:106} INFO -     self.error_handler.check_response(response)
[2025-02-05T01:31:59.927-0500] {subprocess.py:106} INFO -   File "/home/***/.local/lib/python3.12/site-packages/selenium/webdriver/remote/errorhandler.py", line 232, in check_response
[2025-02-05T01:31:59.928-0500] {subprocess.py:106} INFO -     raise exception_class(message, screen, stacktrace)
[2025-02-05T01:31:59.929-0500] {subprocess.py:106} INFO - selenium.common.exceptions.InvalidSessionIdException: Message: Unable to find session with ID: 708ed0f0b883b2d280622ab7dca45c36
[2025-02-05T01:31:59.929-0500] {subprocess.py:106} INFO - Build info: version: '4.28.1', revision: '73f5ad48a2'
[2025-02-05T01:31:59.930-0500] {subprocess.py:106} INFO - System info: os.name: 'Linux', os.arch: 'amd64', os.version: '5.15.153.1-microsoft-standard-WSL2', java.version: '17.0.13'
[2025-02-05T01:31:59.930-0500] {subprocess.py:106} INFO - Driver info: driver.version: unknown
[2025-02-05T01:31:59.931-0500] {subprocess.py:106} INFO - Stacktrace:
[2025-02-05T01:31:59.931-0500] {subprocess.py:106} INFO - org.openqa.selenium.NoSuchSessionException: Unable to find session with ID: 708ed0f0b883b2d280622ab7dca45c36
[2025-02-05T01:31:59.932-0500] {subprocess.py:106} INFO - Build info: version: '4.28.1', revision: '73f5ad48a2'
[2025-02-05T01:31:59.932-0500] {subprocess.py:106} INFO - System info: os.name: 'Linux', os.arch: 'amd64', os.version: '5.15.153.1-microsoft-standard-WSL2', java.version: '17.0.13'
[2025-02-05T01:31:59.933-0500] {subprocess.py:106} INFO - Driver info: driver.version: unknown
[2025-02-05T01:31:59.933-0500] {subprocess.py:106} INFO - 	at org.openqa.selenium.grid.sessionmap.local.LocalSessionMap.get(LocalSessionMap.java:117)
[2025-02-05T01:31:59.934-0500] {subprocess.py:106} INFO - 	at org.openqa.selenium.grid.sessionmap.SessionMap.getUri(SessionMap.java:84)
[2025-02-05T01:31:59.934-0500] {subprocess.py:106} INFO - 	at org.openqa.selenium.grid.router.HandleSession.lambda$loadSessionId$4(HandleSession.java:225)
[2025-02-05T01:31:59.935-0500] {subprocess.py:106} INFO - 	at org.openqa.selenium.grid.router.HandleSession.execute(HandleSession.java:182)
[2025-02-05T01:31:59.935-0500] {subprocess.py:106} INFO - 	at org.openqa.selenium.remote.http.Route$PredicatedRoute.handle(Route.java:397)
[2025-02-05T01:31:59.936-0500] {subprocess.py:106} INFO - 	at org.openqa.selenium.remote.http.Route.execute(Route.java:69)
[2025-02-05T01:31:59.936-0500] {subprocess.py:106} INFO - 	at org.openqa.selenium.remote.http.Route$CombinedRoute.handle(Route.java:360)
[2025-02-05T01:31:59.936-0500] {subprocess.py:106} INFO - 	at org.openqa.selenium.remote.http.Route.execute(Route.java:69)
[2025-02-05T01:31:59.937-0500] {subprocess.py:106} INFO - 	at org.openqa.selenium.grid.router.Router.execute(Router.java:89)
[2025-02-05T01:31:59.937-0500] {subprocess.py:106} INFO - 	at org.openqa.selenium.grid.web.EnsureSpecCompliantResponseHeaders.lambda$apply$0(EnsureSpecCompliantResponseHeaders.java:34)
[2025-02-05T01:31:59.938-0500] {subprocess.py:106} INFO - 	at org.openqa.selenium.remote.http.Filter$1.execute(Filter.java:63)
[2025-02-05T01:31:59.938-0500] {subprocess.py:106} INFO - 	at org.openqa.selenium.remote.http.Route$CombinedRoute.handle(Route.java:360)
[2025-02-05T01:31:59.939-0500] {subprocess.py:106} INFO - 	at org.openqa.selenium.remote.http.Route.execute(Route.java:69)
[2025-02-05T01:31:59.939-0500] {subprocess.py:106} INFO - 	at org.openqa.selenium.remote.AddWebDriverSpecHeaders.lambda$apply$0(AddWebDriverSpecHeaders.java:35)
[2025-02-05T01:31:59.940-0500] {subprocess.py:106} INFO - 	at org.openqa.selenium.remote.ErrorFilter.lambda$apply$0(ErrorFilter.java:44)
[2025-02-05T01:31:59.940-0500] {subprocess.py:106} INFO - 	at org.openqa.selenium.remote.http.Filter$1.execute(Filter.java:63)
[2025-02-05T01:31:59.941-0500] {subprocess.py:106} INFO - 	at org.openqa.selenium.remote.ErrorFilter.lambda$apply$0(ErrorFilter.java:44)
[2025-02-05T01:31:59.941-0500] {subprocess.py:106} INFO - 	at org.openqa.selenium.remote.http.Filter$1.execute(Filter.java:63)
[2025-02-05T01:31:59.941-0500] {subprocess.py:106} INFO - 	at org.openqa.selenium.netty.server.SeleniumHandler.lambda$channelRead0$0(SeleniumHandler.java:49)
[2025-02-05T01:31:59.942-0500] {subprocess.py:106} INFO - 	at java.base/java.util.concurrent.Executors$RunnableAdapter.call(Executors.java:539)
[2025-02-05T01:31:59.942-0500] {subprocess.py:106} INFO - 	at java.base/java.util.concurrent.FutureTask.run(FutureTask.java:264)
[2025-02-05T01:31:59.943-0500] {subprocess.py:106} INFO - 	at java.base/java.util.concurrent.ThreadPoolExecutor.runWorker(ThreadPoolExecutor.java:1136)
[2025-02-05T01:31:59.943-0500] {subprocess.py:106} INFO - 	at java.base/java.util.concurrent.ThreadPoolExecutor$Worker.run(ThreadPoolExecutor.java:635)
[2025-02-05T01:31:59.944-0500] {subprocess.py:106} INFO - 	at java.base/java.lang.Thread.run(Thread.java:840)
[2025-02-05T01:31:59.944-0500] {subprocess.py:106} INFO - 
[2025-02-05T01:31:59.974-0500] {subprocess.py:110} INFO - Command exited with return code 1
[2025-02-05T01:31:59.988-0500] {taskinstance.py:3311} ERROR - Task failed with exception
Traceback (most recent call last):
  File "/home/airflow/.local/lib/python3.12/site-packages/airflow/models/taskinstance.py", line 767, in _execute_task
    result = _execute_callable(context=context, **execute_callable_kwargs)
             ^^^^^^^^^^^^^^^^^^^^^^^^^^^^^^^^^^^^^^^^^^^^^^^^^^^^^^^^^^^^^
  File "/home/airflow/.local/lib/python3.12/site-packages/airflow/models/taskinstance.py", line 733, in _execute_callable
    return ExecutionCallableRunner(
           ^^^^^^^^^^^^^^^^^^^^^^^^
  File "/home/airflow/.local/lib/python3.12/site-packages/airflow/utils/operator_helpers.py", line 252, in run
    return self.func(*args, **kwargs)
           ^^^^^^^^^^^^^^^^^^^^^^^^^^
  File "/home/airflow/.local/lib/python3.12/site-packages/airflow/models/baseoperator.py", line 422, in wrapper
    return func(self, *args, **kwargs)
           ^^^^^^^^^^^^^^^^^^^^^^^^^^^
  File "/home/airflow/.local/lib/python3.12/site-packages/airflow/operators/bash.py", line 276, in execute
    raise AirflowException(
airflow.exceptions.AirflowException: Bash command failed. The command returned a non-zero exit code 1.
[2025-02-05T01:31:59.999-0500] {taskinstance.py:1225} INFO - Marking task as UP_FOR_RETRY. dag_id=etl_reporte_como_vamos, task_id=bot_ex_bbva, run_id=scheduled__2025-02-04T06:30:00+00:00, execution_date=20250204T063000, start_date=20250205T063143, end_date=20250205T063159
[2025-02-05T01:32:00.022-0500] {taskinstance.py:340} INFO - ::group::Post task execution logs
[2025-02-05T01:32:00.023-0500] {standard_task_runner.py:124} ERROR - Failed to execute job 47 for task bot_ex_bbva (Bash command failed. The command returned a non-zero exit code 1.; 39842)
Traceback (most recent call last):
  File "/home/airflow/.local/lib/python3.12/site-packages/airflow/task/task_runner/standard_task_runner.py", line 117, in _start_by_fork
    ret = args.func(args, dag=self.dag)
          ^^^^^^^^^^^^^^^^^^^^^^^^^^^^^
  File "/home/airflow/.local/lib/python3.12/site-packages/airflow/cli/cli_config.py", line 49, in command
    return func(*args, **kwargs)
           ^^^^^^^^^^^^^^^^^^^^^
  File "/home/airflow/.local/lib/python3.12/site-packages/airflow/utils/cli.py", line 116, in wrapper
    return f(*args, **kwargs)
           ^^^^^^^^^^^^^^^^^^
  File "/home/airflow/.local/lib/python3.12/site-packages/airflow/cli/commands/task_command.py", line 483, in task_run
    task_return_code = _run_task_by_selected_method(args, _dag, ti)
                       ^^^^^^^^^^^^^^^^^^^^^^^^^^^^^^^^^^^^^^^^^^^^
  File "/home/airflow/.local/lib/python3.12/site-packages/airflow/cli/commands/task_command.py", line 256, in _run_task_by_selected_method
    return _run_raw_task(args, ti)
           ^^^^^^^^^^^^^^^^^^^^^^^
  File "/home/airflow/.local/lib/python3.12/site-packages/airflow/cli/commands/task_command.py", line 341, in _run_raw_task
    return ti._run_raw_task(
           ^^^^^^^^^^^^^^^^^
  File "/home/airflow/.local/lib/python3.12/site-packages/airflow/utils/session.py", line 97, in wrapper
    return func(*args, session=session, **kwargs)
           ^^^^^^^^^^^^^^^^^^^^^^^^^^^^^^^^^^^^^^
  File "/home/airflow/.local/lib/python3.12/site-packages/airflow/models/taskinstance.py", line 3005, in _run_raw_task
    return _run_raw_task(
           ^^^^^^^^^^^^^^
  File "/home/airflow/.local/lib/python3.12/site-packages/airflow/models/taskinstance.py", line 273, in _run_raw_task
    TaskInstance._execute_task_with_callbacks(
  File "/home/airflow/.local/lib/python3.12/site-packages/airflow/models/taskinstance.py", line 3159, in _execute_task_with_callbacks
    result = self._execute_task(context, task_orig)
             ^^^^^^^^^^^^^^^^^^^^^^^^^^^^^^^^^^^^^^
  File "/home/airflow/.local/lib/python3.12/site-packages/airflow/models/taskinstance.py", line 3183, in _execute_task
    return _execute_task(self, context, task_orig)
           ^^^^^^^^^^^^^^^^^^^^^^^^^^^^^^^^^^^^^^^
  File "/home/airflow/.local/lib/python3.12/site-packages/airflow/models/taskinstance.py", line 767, in _execute_task
    result = _execute_callable(context=context, **execute_callable_kwargs)
             ^^^^^^^^^^^^^^^^^^^^^^^^^^^^^^^^^^^^^^^^^^^^^^^^^^^^^^^^^^^^^
  File "/home/airflow/.local/lib/python3.12/site-packages/airflow/models/taskinstance.py", line 733, in _execute_callable
    return ExecutionCallableRunner(
           ^^^^^^^^^^^^^^^^^^^^^^^^
  File "/home/airflow/.local/lib/python3.12/site-packages/airflow/utils/operator_helpers.py", line 252, in run
    return self.func(*args, **kwargs)
           ^^^^^^^^^^^^^^^^^^^^^^^^^^
  File "/home/airflow/.local/lib/python3.12/site-packages/airflow/models/baseoperator.py", line 422, in wrapper
    return func(self, *args, **kwargs)
           ^^^^^^^^^^^^^^^^^^^^^^^^^^^
  File "/home/airflow/.local/lib/python3.12/site-packages/airflow/operators/bash.py", line 276, in execute
    raise AirflowException(
airflow.exceptions.AirflowException: Bash command failed. The command returned a non-zero exit code 1.
[2025-02-05T01:32:00.047-0500] {local_task_job_runner.py:266} INFO - Task exited with return code 1
[2025-02-05T01:32:00.073-0500] {taskinstance.py:3895} INFO - 0 downstream tasks scheduled from follow-on schedule check
[2025-02-05T01:32:00.077-0500] {local_task_job_runner.py:245} INFO - ::endgroup::
