[2025-02-04T07:24:26.697-0500] {local_task_job_runner.py:123} INFO - ::group::Pre task execution logs
[2025-02-04T07:24:26.720-0500] {taskinstance.py:2613} INFO - Dependencies all met for dep_context=non-requeueable deps ti=<TaskInstance: etl_reporte_como_vamos.bot_ex_bbva manual__2025-02-04T12:17:16.570936+00:00 [queued]>
[2025-02-04T07:24:26.731-0500] {taskinstance.py:2613} INFO - Dependencies all met for dep_context=requeueable deps ti=<TaskInstance: etl_reporte_como_vamos.bot_ex_bbva manual__2025-02-04T12:17:16.570936+00:00 [queued]>
[2025-02-04T07:24:26.732-0500] {taskinstance.py:2866} INFO - Starting attempt 2 of 4
[2025-02-04T07:24:26.749-0500] {taskinstance.py:2889} INFO - Executing <Task(BashOperator): bot_ex_bbva> on 2025-02-04 12:17:16.570936+00:00
[2025-02-04T07:24:26.756-0500] {warnings.py:112} WARNING - /home/***/.local/lib/python3.12/site-packages/***/task/task_runner/standard_task_runner.py:70: DeprecationWarning: This process (pid=26317) is multi-threaded, use of fork() may lead to deadlocks in the child.
  pid = os.fork()

[2025-02-04T07:24:26.758-0500] {standard_task_runner.py:72} INFO - Started process 26318 to run task
[2025-02-04T07:24:26.758-0500] {standard_task_runner.py:104} INFO - Running: ['***', 'tasks', 'run', 'etl_reporte_como_vamos', 'bot_ex_bbva', 'manual__2025-02-04T12:17:16.570936+00:00', '--job-id', '40', '--raw', '--subdir', 'DAGS_FOLDER/etl_como_vamos_dag.py', '--cfg-path', '/tmp/tmp74nu_kya']
[2025-02-04T07:24:26.760-0500] {standard_task_runner.py:105} INFO - Job 40: Subtask bot_ex_bbva
[2025-02-04T07:24:26.816-0500] {task_command.py:467} INFO - Running <TaskInstance: etl_reporte_como_vamos.bot_ex_bbva manual__2025-02-04T12:17:16.570936+00:00 [running]> on host 21f1c1b48730
[2025-02-04T07:24:26.913-0500] {taskinstance.py:3132} INFO - Exporting env vars: AIRFLOW_CTX_DAG_OWNER='***' AIRFLOW_CTX_DAG_ID='etl_reporte_como_vamos' AIRFLOW_CTX_TASK_ID='bot_ex_bbva' AIRFLOW_CTX_EXECUTION_DATE='2025-02-04T12:17:16.570936+00:00' AIRFLOW_CTX_TRY_NUMBER='2' AIRFLOW_CTX_DAG_RUN_ID='manual__2025-02-04T12:17:16.570936+00:00'
[2025-02-04T07:24:26.914-0500] {taskinstance.py:731} INFO - ::endgroup::
[2025-02-04T07:24:26.941-0500] {subprocess.py:78} INFO - Tmp dir root location: /tmp
[2025-02-04T07:24:26.943-0500] {subprocess.py:88} INFO - Running command: ['/usr/bin/bash', '-c', 'python /opt/***/scripts/bot_etl_ex_bbva.py']
[2025-02-04T07:24:26.956-0500] {subprocess.py:99} INFO - Output:
[2025-02-04T07:24:27.928-0500] {subprocess.py:106} INFO - 2025-02-04 07:24:27,928 - bot_etl_ex_bbva - INFO - Bot ETL Exito-BBVA started
[2025-02-04T07:24:28.805-0500] {subprocess.py:106} INFO - 2025-02-04 07:24:28,805 - bot_etl_ex_bbva - INFO - Conexi√≥n al Selenium Hub establecida correctamente
[2025-02-04T07:24:29.723-0500] {subprocess.py:106} INFO - 2025-02-04 07:24:29,722 - bot_etl_ex_bbva - INFO - Credentials input success
[2025-02-04T07:24:31.055-0500] {subprocess.py:106} INFO - 2025-02-04 07:24:31,055 - bot_etl_ex_bbva - INFO - Click in login button
[2025-02-04T07:24:41.078-0500] {subprocess.py:106} INFO - 2025-02-04 07:24:41,078 - bot_etl_ex_bbva - INFO - Loging success
[2025-02-04T07:24:41.332-0500] {subprocess.py:106} INFO - 2025-02-04 07:24:41,332 - bot_etl_ex_bbva - ERROR - Error Loading Cerrados.xlsx to ETL:
[2025-02-04T07:24:41.333-0500] {subprocess.py:106} INFO - ***Error type:*** ElementNotInteractableException
[2025-02-04T07:24:41.334-0500] {subprocess.py:106} INFO - ***Error message:*** Message: element not interactable
[2025-02-04T07:24:41.334-0500] {subprocess.py:106} INFO -   (Session info: chrome=132.0.6834.110)
[2025-02-04T07:24:41.335-0500] {subprocess.py:106} INFO - Stacktrace:
[2025-02-04T07:24:41.336-0500] {subprocess.py:106} INFO - #0 0x55cd5bc68dca <unknown>
[2025-02-04T07:24:41.337-0500] {subprocess.py:106} INFO - #1 0x55cd5b75f24d <unknown>
[2025-02-04T07:24:41.338-0500] {subprocess.py:106} INFO - #2 0x55cd5b7b02d9 <unknown>
[2025-02-04T07:24:41.338-0500] {subprocess.py:106} INFO - #3 0x55cd5b7a32bd <unknown>
[2025-02-04T07:24:41.339-0500] {subprocess.py:106} INFO - #4 0x55cd5b7d3a92 <unknown>
[2025-02-04T07:24:41.340-0500] {subprocess.py:106} INFO - #5 0x55cd5b7a2c48 <unknown>
[2025-02-04T07:24:41.340-0500] {subprocess.py:106} INFO - #6 0x55cd5b7d3c5e <unknown>
[2025-02-04T07:24:41.341-0500] {subprocess.py:106} INFO - #7 0x55cd5b7f24b3 <unknown>
[2025-02-04T07:24:41.341-0500] {subprocess.py:106} INFO - #8 0x55cd5b7d3833 <unknown>
[2025-02-04T07:24:41.342-0500] {subprocess.py:106} INFO - #9 0x55cd5b7a05a0 <unknown>
[2025-02-04T07:24:41.342-0500] {subprocess.py:106} INFO - #10 0x55cd5b7a1ece <unknown>
[2025-02-04T07:24:41.343-0500] {subprocess.py:106} INFO - #11 0x55cd5bc32bdb <unknown>
[2025-02-04T07:24:41.344-0500] {subprocess.py:106} INFO - #12 0x55cd5bc36b67 <unknown>
[2025-02-04T07:24:41.344-0500] {subprocess.py:106} INFO - #13 0x55cd5bc1e3bc <unknown>
[2025-02-04T07:24:41.345-0500] {subprocess.py:106} INFO - #14 0x55cd5bc37727 <unknown>
[2025-02-04T07:24:41.346-0500] {subprocess.py:106} INFO - #15 0x55cd5bc0274f <unknown>
[2025-02-04T07:24:41.346-0500] {subprocess.py:106} INFO - #16 0x55cd5bc57938 <unknown>
[2025-02-04T07:24:41.347-0500] {subprocess.py:106} INFO - #17 0x55cd5bc57b00 <unknown>
[2025-02-04T07:24:41.348-0500] {subprocess.py:106} INFO - #18 0x55cd5bc67c46 <unknown>
[2025-02-04T07:24:41.348-0500] {subprocess.py:106} INFO - #19 0x7fde9f243a94 <unknown>
[2025-02-04T07:24:41.349-0500] {subprocess.py:106} INFO - #20 0x7fde9f2d0c3c <unknown>
[2025-02-04T07:24:41.350-0500] {subprocess.py:106} INFO - 
[2025-02-04T07:24:41.351-0500] {subprocess.py:106} INFO - ***Full Traceback:*** Traceback (most recent call last):
[2025-02-04T07:24:41.352-0500] {subprocess.py:106} INFO -   File "/opt/***/scripts/bot_etl_ex_bbva.py", line 105, in main
[2025-02-04T07:24:41.352-0500] {subprocess.py:106} INFO -     up_button.click()
[2025-02-04T07:24:41.353-0500] {subprocess.py:106} INFO -   File "/home/***/.local/lib/python3.12/site-packages/selenium/webdriver/remote/webelement.py", line 119, in click
[2025-02-04T07:24:41.353-0500] {subprocess.py:106} INFO -     self._execute(Command.CLICK_ELEMENT)
[2025-02-04T07:24:41.354-0500] {subprocess.py:106} INFO -   File "/home/***/.local/lib/python3.12/site-packages/selenium/webdriver/remote/webelement.py", line 570, in _execute
[2025-02-04T07:24:41.355-0500] {subprocess.py:106} INFO -     return self._parent.execute(command, params)
[2025-02-04T07:24:41.355-0500] {subprocess.py:106} INFO -            ^^^^^^^^^^^^^^^^^^^^^^^^^^^^^^^^^^^^^
[2025-02-04T07:24:41.356-0500] {subprocess.py:106} INFO -   File "/home/***/.local/lib/python3.12/site-packages/selenium/webdriver/remote/webdriver.py", line 429, in execute
[2025-02-04T07:24:41.357-0500] {subprocess.py:106} INFO -     self.error_handler.check_response(response)
[2025-02-04T07:24:41.358-0500] {subprocess.py:106} INFO -   File "/home/***/.local/lib/python3.12/site-packages/selenium/webdriver/remote/errorhandler.py", line 232, in check_response
[2025-02-04T07:24:41.359-0500] {subprocess.py:106} INFO -     raise exception_class(message, screen, stacktrace)
[2025-02-04T07:24:41.360-0500] {subprocess.py:106} INFO - selenium.common.exceptions.ElementNotInteractableException: Message: element not interactable
[2025-02-04T07:24:41.360-0500] {subprocess.py:106} INFO -   (Session info: chrome=132.0.6834.110)
[2025-02-04T07:24:41.361-0500] {subprocess.py:106} INFO - Stacktrace:
[2025-02-04T07:24:41.362-0500] {subprocess.py:106} INFO - #0 0x55cd5bc68dca <unknown>
[2025-02-04T07:24:41.362-0500] {subprocess.py:106} INFO - #1 0x55cd5b75f24d <unknown>
[2025-02-04T07:24:41.363-0500] {subprocess.py:106} INFO - #2 0x55cd5b7b02d9 <unknown>
[2025-02-04T07:24:41.363-0500] {subprocess.py:106} INFO - #3 0x55cd5b7a32bd <unknown>
[2025-02-04T07:24:41.364-0500] {subprocess.py:106} INFO - #4 0x55cd5b7d3a92 <unknown>
[2025-02-04T07:24:41.364-0500] {subprocess.py:106} INFO - #5 0x55cd5b7a2c48 <unknown>
[2025-02-04T07:24:41.365-0500] {subprocess.py:106} INFO - #6 0x55cd5b7d3c5e <unknown>
[2025-02-04T07:24:41.365-0500] {subprocess.py:106} INFO - #7 0x55cd5b7f24b3 <unknown>
[2025-02-04T07:24:41.366-0500] {subprocess.py:106} INFO - #8 0x55cd5b7d3833 <unknown>
[2025-02-04T07:24:41.366-0500] {subprocess.py:106} INFO - #9 0x55cd5b7a05a0 <unknown>
[2025-02-04T07:24:41.367-0500] {subprocess.py:106} INFO - #10 0x55cd5b7a1ece <unknown>
[2025-02-04T07:24:41.368-0500] {subprocess.py:106} INFO - #11 0x55cd5bc32bdb <unknown>
[2025-02-04T07:24:41.368-0500] {subprocess.py:106} INFO - #12 0x55cd5bc36b67 <unknown>
[2025-02-04T07:24:41.369-0500] {subprocess.py:106} INFO - #13 0x55cd5bc1e3bc <unknown>
[2025-02-04T07:24:41.369-0500] {subprocess.py:106} INFO - #14 0x55cd5bc37727 <unknown>
[2025-02-04T07:24:41.370-0500] {subprocess.py:106} INFO - #15 0x55cd5bc0274f <unknown>
[2025-02-04T07:24:41.370-0500] {subprocess.py:106} INFO - #16 0x55cd5bc57938 <unknown>
[2025-02-04T07:24:41.370-0500] {subprocess.py:106} INFO - #17 0x55cd5bc57b00 <unknown>
[2025-02-04T07:24:41.371-0500] {subprocess.py:106} INFO - #18 0x55cd5bc67c46 <unknown>
[2025-02-04T07:24:41.371-0500] {subprocess.py:106} INFO - #19 0x7fde9f243a94 <unknown>
[2025-02-04T07:24:41.372-0500] {subprocess.py:106} INFO - #20 0x7fde9f2d0c3c <unknown>
[2025-02-04T07:24:41.372-0500] {subprocess.py:106} INFO - 
[2025-02-04T07:24:41.373-0500] {subprocess.py:106} INFO - 
[2025-02-04T07:24:41.465-0500] {subprocess.py:106} INFO - 2025-02-04 07:24:41,464 - bot_etl_ex_bbva - INFO - bot_etl_ex_bbva finish execution
[2025-02-04T07:24:41.470-0500] {subprocess.py:106} INFO - Traceback (most recent call last):
[2025-02-04T07:24:41.472-0500] {subprocess.py:106} INFO -   File "/opt/***/scripts/bot_etl_ex_bbva.py", line 136, in <module>
[2025-02-04T07:24:41.477-0500] {subprocess.py:106} INFO -     main()
[2025-02-04T07:24:41.478-0500] {subprocess.py:106} INFO -   File "/opt/***/scripts/bot_etl_ex_bbva.py", line 131, in main
[2025-02-04T07:24:41.482-0500] {subprocess.py:106} INFO -     driver.quit()
[2025-02-04T07:24:41.483-0500] {subprocess.py:106} INFO -   File "/home/***/.local/lib/python3.12/site-packages/selenium/webdriver/remote/webdriver.py", line 589, in quit
[2025-02-04T07:24:41.483-0500] {subprocess.py:106} INFO -     self.execute(Command.QUIT)
[2025-02-04T07:24:41.484-0500] {subprocess.py:106} INFO -   File "/home/***/.local/lib/python3.12/site-packages/selenium/webdriver/remote/webdriver.py", line 429, in execute
[2025-02-04T07:24:41.484-0500] {subprocess.py:106} INFO -     self.error_handler.check_response(response)
[2025-02-04T07:24:41.485-0500] {subprocess.py:106} INFO -   File "/home/***/.local/lib/python3.12/site-packages/selenium/webdriver/remote/errorhandler.py", line 232, in check_response
[2025-02-04T07:24:41.485-0500] {subprocess.py:106} INFO -     raise exception_class(message, screen, stacktrace)
[2025-02-04T07:24:41.486-0500] {subprocess.py:106} INFO - selenium.common.exceptions.InvalidSessionIdException: Message: Unable to find session with ID: 523303ab85996466e1c763b071a36f70
[2025-02-04T07:24:41.486-0500] {subprocess.py:106} INFO - Build info: version: '4.28.1', revision: '73f5ad48a2'
[2025-02-04T07:24:41.487-0500] {subprocess.py:106} INFO - System info: os.name: 'Linux', os.arch: 'amd64', os.version: '5.15.153.1-microsoft-standard-WSL2', java.version: '17.0.13'
[2025-02-04T07:24:41.488-0500] {subprocess.py:106} INFO - Driver info: driver.version: unknown
[2025-02-04T07:24:41.488-0500] {subprocess.py:106} INFO - Stacktrace:
[2025-02-04T07:24:41.489-0500] {subprocess.py:106} INFO - org.openqa.selenium.NoSuchSessionException: Unable to find session with ID: 523303ab85996466e1c763b071a36f70
[2025-02-04T07:24:41.489-0500] {subprocess.py:106} INFO - Build info: version: '4.28.1', revision: '73f5ad48a2'
[2025-02-04T07:24:41.490-0500] {subprocess.py:106} INFO - System info: os.name: 'Linux', os.arch: 'amd64', os.version: '5.15.153.1-microsoft-standard-WSL2', java.version: '17.0.13'
[2025-02-04T07:24:41.491-0500] {subprocess.py:106} INFO - Driver info: driver.version: unknown
[2025-02-04T07:24:41.491-0500] {subprocess.py:106} INFO - 	at org.openqa.selenium.grid.sessionmap.local.LocalSessionMap.get(LocalSessionMap.java:117)
[2025-02-04T07:24:41.492-0500] {subprocess.py:106} INFO - 	at org.openqa.selenium.grid.sessionmap.SessionMap.getUri(SessionMap.java:84)
[2025-02-04T07:24:41.492-0500] {subprocess.py:106} INFO - 	at org.openqa.selenium.grid.router.HandleSession.lambda$loadSessionId$4(HandleSession.java:225)
[2025-02-04T07:24:41.493-0500] {subprocess.py:106} INFO - 	at org.openqa.selenium.grid.router.HandleSession.execute(HandleSession.java:182)
[2025-02-04T07:24:41.493-0500] {subprocess.py:106} INFO - 	at org.openqa.selenium.remote.http.Route$PredicatedRoute.handle(Route.java:397)
[2025-02-04T07:24:41.494-0500] {subprocess.py:106} INFO - 	at org.openqa.selenium.remote.http.Route.execute(Route.java:69)
[2025-02-04T07:24:41.494-0500] {subprocess.py:106} INFO - 	at org.openqa.selenium.remote.http.Route$CombinedRoute.handle(Route.java:360)
[2025-02-04T07:24:41.494-0500] {subprocess.py:106} INFO - 	at org.openqa.selenium.remote.http.Route.execute(Route.java:69)
[2025-02-04T07:24:41.495-0500] {subprocess.py:106} INFO - 	at org.openqa.selenium.grid.router.Router.execute(Router.java:89)
[2025-02-04T07:24:41.495-0500] {subprocess.py:106} INFO - 	at org.openqa.selenium.grid.web.EnsureSpecCompliantResponseHeaders.lambda$apply$0(EnsureSpecCompliantResponseHeaders.java:34)
[2025-02-04T07:24:41.496-0500] {subprocess.py:106} INFO - 	at org.openqa.selenium.remote.http.Filter$1.execute(Filter.java:63)
[2025-02-04T07:24:41.496-0500] {subprocess.py:106} INFO - 	at org.openqa.selenium.remote.http.Route$CombinedRoute.handle(Route.java:360)
[2025-02-04T07:24:41.497-0500] {subprocess.py:106} INFO - 	at org.openqa.selenium.remote.http.Route.execute(Route.java:69)
[2025-02-04T07:24:41.498-0500] {subprocess.py:106} INFO - 	at org.openqa.selenium.remote.AddWebDriverSpecHeaders.lambda$apply$0(AddWebDriverSpecHeaders.java:35)
[2025-02-04T07:24:41.498-0500] {subprocess.py:106} INFO - 	at org.openqa.selenium.remote.ErrorFilter.lambda$apply$0(ErrorFilter.java:44)
[2025-02-04T07:24:41.499-0500] {subprocess.py:106} INFO - 	at org.openqa.selenium.remote.http.Filter$1.execute(Filter.java:63)
[2025-02-04T07:24:41.499-0500] {subprocess.py:106} INFO - 	at org.openqa.selenium.remote.ErrorFilter.lambda$apply$0(ErrorFilter.java:44)
[2025-02-04T07:24:41.500-0500] {subprocess.py:106} INFO - 	at org.openqa.selenium.remote.http.Filter$1.execute(Filter.java:63)
[2025-02-04T07:24:41.500-0500] {subprocess.py:106} INFO - 	at org.openqa.selenium.netty.server.SeleniumHandler.lambda$channelRead0$0(SeleniumHandler.java:49)
[2025-02-04T07:24:41.501-0500] {subprocess.py:106} INFO - 	at java.base/java.util.concurrent.Executors$RunnableAdapter.call(Executors.java:539)
[2025-02-04T07:24:41.501-0500] {subprocess.py:106} INFO - 	at java.base/java.util.concurrent.FutureTask.run(FutureTask.java:264)
[2025-02-04T07:24:41.502-0500] {subprocess.py:106} INFO - 	at java.base/java.util.concurrent.ThreadPoolExecutor.runWorker(ThreadPoolExecutor.java:1136)
[2025-02-04T07:24:41.502-0500] {subprocess.py:106} INFO - 	at java.base/java.util.concurrent.ThreadPoolExecutor$Worker.run(ThreadPoolExecutor.java:635)
[2025-02-04T07:24:41.503-0500] {subprocess.py:106} INFO - 	at java.base/java.lang.Thread.run(Thread.java:840)
[2025-02-04T07:24:41.503-0500] {subprocess.py:106} INFO - 
[2025-02-04T07:24:41.529-0500] {subprocess.py:110} INFO - Command exited with return code 1
[2025-02-04T07:24:41.543-0500] {taskinstance.py:3311} ERROR - Task failed with exception
Traceback (most recent call last):
  File "/home/airflow/.local/lib/python3.12/site-packages/airflow/models/taskinstance.py", line 767, in _execute_task
    result = _execute_callable(context=context, **execute_callable_kwargs)
             ^^^^^^^^^^^^^^^^^^^^^^^^^^^^^^^^^^^^^^^^^^^^^^^^^^^^^^^^^^^^^
  File "/home/airflow/.local/lib/python3.12/site-packages/airflow/models/taskinstance.py", line 733, in _execute_callable
    return ExecutionCallableRunner(
           ^^^^^^^^^^^^^^^^^^^^^^^^
  File "/home/airflow/.local/lib/python3.12/site-packages/airflow/utils/operator_helpers.py", line 252, in run
    return self.func(*args, **kwargs)
           ^^^^^^^^^^^^^^^^^^^^^^^^^^
  File "/home/airflow/.local/lib/python3.12/site-packages/airflow/models/baseoperator.py", line 422, in wrapper
    return func(self, *args, **kwargs)
           ^^^^^^^^^^^^^^^^^^^^^^^^^^^
  File "/home/airflow/.local/lib/python3.12/site-packages/airflow/operators/bash.py", line 276, in execute
    raise AirflowException(
airflow.exceptions.AirflowException: Bash command failed. The command returned a non-zero exit code 1.
[2025-02-04T07:24:41.553-0500] {taskinstance.py:1225} INFO - Marking task as UP_FOR_RETRY. dag_id=etl_reporte_como_vamos, task_id=bot_ex_bbva, run_id=manual__2025-02-04T12:17:16.570936+00:00, execution_date=20250204T121716, start_date=20250204T122426, end_date=20250204T122441
[2025-02-04T07:24:41.572-0500] {taskinstance.py:340} INFO - ::group::Post task execution logs
[2025-02-04T07:24:41.573-0500] {standard_task_runner.py:124} ERROR - Failed to execute job 40 for task bot_ex_bbva (Bash command failed. The command returned a non-zero exit code 1.; 26318)
Traceback (most recent call last):
  File "/home/airflow/.local/lib/python3.12/site-packages/airflow/task/task_runner/standard_task_runner.py", line 117, in _start_by_fork
    ret = args.func(args, dag=self.dag)
          ^^^^^^^^^^^^^^^^^^^^^^^^^^^^^
  File "/home/airflow/.local/lib/python3.12/site-packages/airflow/cli/cli_config.py", line 49, in command
    return func(*args, **kwargs)
           ^^^^^^^^^^^^^^^^^^^^^
  File "/home/airflow/.local/lib/python3.12/site-packages/airflow/utils/cli.py", line 116, in wrapper
    return f(*args, **kwargs)
           ^^^^^^^^^^^^^^^^^^
  File "/home/airflow/.local/lib/python3.12/site-packages/airflow/cli/commands/task_command.py", line 483, in task_run
    task_return_code = _run_task_by_selected_method(args, _dag, ti)
                       ^^^^^^^^^^^^^^^^^^^^^^^^^^^^^^^^^^^^^^^^^^^^
  File "/home/airflow/.local/lib/python3.12/site-packages/airflow/cli/commands/task_command.py", line 256, in _run_task_by_selected_method
    return _run_raw_task(args, ti)
           ^^^^^^^^^^^^^^^^^^^^^^^
  File "/home/airflow/.local/lib/python3.12/site-packages/airflow/cli/commands/task_command.py", line 341, in _run_raw_task
    return ti._run_raw_task(
           ^^^^^^^^^^^^^^^^^
  File "/home/airflow/.local/lib/python3.12/site-packages/airflow/utils/session.py", line 97, in wrapper
    return func(*args, session=session, **kwargs)
           ^^^^^^^^^^^^^^^^^^^^^^^^^^^^^^^^^^^^^^
  File "/home/airflow/.local/lib/python3.12/site-packages/airflow/models/taskinstance.py", line 3005, in _run_raw_task
    return _run_raw_task(
           ^^^^^^^^^^^^^^
  File "/home/airflow/.local/lib/python3.12/site-packages/airflow/models/taskinstance.py", line 273, in _run_raw_task
    TaskInstance._execute_task_with_callbacks(
  File "/home/airflow/.local/lib/python3.12/site-packages/airflow/models/taskinstance.py", line 3159, in _execute_task_with_callbacks
    result = self._execute_task(context, task_orig)
             ^^^^^^^^^^^^^^^^^^^^^^^^^^^^^^^^^^^^^^
  File "/home/airflow/.local/lib/python3.12/site-packages/airflow/models/taskinstance.py", line 3183, in _execute_task
    return _execute_task(self, context, task_orig)
           ^^^^^^^^^^^^^^^^^^^^^^^^^^^^^^^^^^^^^^^
  File "/home/airflow/.local/lib/python3.12/site-packages/airflow/models/taskinstance.py", line 767, in _execute_task
    result = _execute_callable(context=context, **execute_callable_kwargs)
             ^^^^^^^^^^^^^^^^^^^^^^^^^^^^^^^^^^^^^^^^^^^^^^^^^^^^^^^^^^^^^
  File "/home/airflow/.local/lib/python3.12/site-packages/airflow/models/taskinstance.py", line 733, in _execute_callable
    return ExecutionCallableRunner(
           ^^^^^^^^^^^^^^^^^^^^^^^^
  File "/home/airflow/.local/lib/python3.12/site-packages/airflow/utils/operator_helpers.py", line 252, in run
    return self.func(*args, **kwargs)
           ^^^^^^^^^^^^^^^^^^^^^^^^^^
  File "/home/airflow/.local/lib/python3.12/site-packages/airflow/models/baseoperator.py", line 422, in wrapper
    return func(self, *args, **kwargs)
           ^^^^^^^^^^^^^^^^^^^^^^^^^^^
  File "/home/airflow/.local/lib/python3.12/site-packages/airflow/operators/bash.py", line 276, in execute
    raise AirflowException(
airflow.exceptions.AirflowException: Bash command failed. The command returned a non-zero exit code 1.
[2025-02-04T07:24:41.592-0500] {local_task_job_runner.py:266} INFO - Task exited with return code 1
[2025-02-04T07:24:41.616-0500] {taskinstance.py:3895} INFO - 0 downstream tasks scheduled from follow-on schedule check
[2025-02-04T07:24:41.619-0500] {local_task_job_runner.py:245} INFO - ::endgroup::
