[2025-02-04T07:29:43.156-0500] {local_task_job_runner.py:123} INFO - ::group::Pre task execution logs
[2025-02-04T07:29:43.178-0500] {taskinstance.py:2613} INFO - Dependencies all met for dep_context=non-requeueable deps ti=<TaskInstance: etl_reporte_como_vamos.bot_ex_bbva manual__2025-02-04T12:17:16.570936+00:00 [queued]>
[2025-02-04T07:29:43.189-0500] {taskinstance.py:2613} INFO - Dependencies all met for dep_context=requeueable deps ti=<TaskInstance: etl_reporte_como_vamos.bot_ex_bbva manual__2025-02-04T12:17:16.570936+00:00 [queued]>
[2025-02-04T07:29:43.191-0500] {taskinstance.py:2866} INFO - Starting attempt 3 of 4
[2025-02-04T07:29:43.207-0500] {taskinstance.py:2889} INFO - Executing <Task(BashOperator): bot_ex_bbva> on 2025-02-04 12:17:16.570936+00:00
[2025-02-04T07:29:43.214-0500] {warnings.py:112} WARNING - /home/***/.local/lib/python3.12/site-packages/***/task/task_runner/standard_task_runner.py:70: DeprecationWarning: This process (pid=26384) is multi-threaded, use of fork() may lead to deadlocks in the child.
  pid = os.fork()

[2025-02-04T07:29:43.216-0500] {standard_task_runner.py:72} INFO - Started process 26385 to run task
[2025-02-04T07:29:43.216-0500] {standard_task_runner.py:104} INFO - Running: ['***', 'tasks', 'run', 'etl_reporte_como_vamos', 'bot_ex_bbva', 'manual__2025-02-04T12:17:16.570936+00:00', '--job-id', '41', '--raw', '--subdir', 'DAGS_FOLDER/etl_como_vamos_dag.py', '--cfg-path', '/tmp/tmpvodrx81h']
[2025-02-04T07:29:43.218-0500] {standard_task_runner.py:105} INFO - Job 41: Subtask bot_ex_bbva
[2025-02-04T07:29:43.273-0500] {task_command.py:467} INFO - Running <TaskInstance: etl_reporte_como_vamos.bot_ex_bbva manual__2025-02-04T12:17:16.570936+00:00 [running]> on host 21f1c1b48730
[2025-02-04T07:29:43.377-0500] {taskinstance.py:3132} INFO - Exporting env vars: AIRFLOW_CTX_DAG_OWNER='***' AIRFLOW_CTX_DAG_ID='etl_reporte_como_vamos' AIRFLOW_CTX_TASK_ID='bot_ex_bbva' AIRFLOW_CTX_EXECUTION_DATE='2025-02-04T12:17:16.570936+00:00' AIRFLOW_CTX_TRY_NUMBER='3' AIRFLOW_CTX_DAG_RUN_ID='manual__2025-02-04T12:17:16.570936+00:00'
[2025-02-04T07:29:43.379-0500] {taskinstance.py:731} INFO - ::endgroup::
[2025-02-04T07:29:43.398-0500] {subprocess.py:78} INFO - Tmp dir root location: /tmp
[2025-02-04T07:29:43.399-0500] {subprocess.py:88} INFO - Running command: ['/usr/bin/bash', '-c', 'python /opt/***/scripts/bot_etl_ex_bbva.py']
[2025-02-04T07:29:43.410-0500] {subprocess.py:99} INFO - Output:
[2025-02-04T07:29:44.374-0500] {subprocess.py:106} INFO - 2025-02-04 07:29:44,374 - bot_etl_ex_bbva - INFO - Bot ETL Exito-BBVA started
[2025-02-04T07:29:45.231-0500] {subprocess.py:106} INFO - 2025-02-04 07:29:45,230 - bot_etl_ex_bbva - INFO - Conexi√≥n al Selenium Hub establecida correctamente
[2025-02-04T07:29:46.215-0500] {subprocess.py:106} INFO - 2025-02-04 07:29:46,215 - bot_etl_ex_bbva - INFO - Credentials input success
[2025-02-04T07:29:47.664-0500] {subprocess.py:106} INFO - 2025-02-04 07:29:47,664 - bot_etl_ex_bbva - INFO - Click in login button
[2025-02-04T07:29:57.691-0500] {subprocess.py:106} INFO - 2025-02-04 07:29:57,691 - bot_etl_ex_bbva - INFO - Loging success
[2025-02-04T07:29:58.007-0500] {subprocess.py:106} INFO - 2025-02-04 07:29:58,007 - bot_etl_ex_bbva - ERROR - Error Loading Cerrados.xlsx to ETL:
[2025-02-04T07:29:58.008-0500] {subprocess.py:106} INFO - ***Error type:*** ElementNotInteractableException
[2025-02-04T07:29:58.009-0500] {subprocess.py:106} INFO - ***Error message:*** Message: element not interactable
[2025-02-04T07:29:58.010-0500] {subprocess.py:106} INFO -   (Session info: chrome=132.0.6834.110)
[2025-02-04T07:29:58.011-0500] {subprocess.py:106} INFO - Stacktrace:
[2025-02-04T07:29:58.013-0500] {subprocess.py:106} INFO - #0 0x55b281a42dca <unknown>
[2025-02-04T07:29:58.014-0500] {subprocess.py:106} INFO - #1 0x55b28153924d <unknown>
[2025-02-04T07:29:58.015-0500] {subprocess.py:106} INFO - #2 0x55b28158a2d9 <unknown>
[2025-02-04T07:29:58.015-0500] {subprocess.py:106} INFO - #3 0x55b28157d2bd <unknown>
[2025-02-04T07:29:58.016-0500] {subprocess.py:106} INFO - #4 0x55b2815ada92 <unknown>
[2025-02-04T07:29:58.018-0500] {subprocess.py:106} INFO - #5 0x55b28157cc48 <unknown>
[2025-02-04T07:29:58.019-0500] {subprocess.py:106} INFO - #6 0x55b2815adc5e <unknown>
[2025-02-04T07:29:58.020-0500] {subprocess.py:106} INFO - #7 0x55b2815cc4b3 <unknown>
[2025-02-04T07:29:58.021-0500] {subprocess.py:106} INFO - #8 0x55b2815ad833 <unknown>
[2025-02-04T07:29:58.021-0500] {subprocess.py:106} INFO - #9 0x55b28157a5a0 <unknown>
[2025-02-04T07:29:58.022-0500] {subprocess.py:106} INFO - #10 0x55b28157bece <unknown>
[2025-02-04T07:29:58.022-0500] {subprocess.py:106} INFO - #11 0x55b281a0cbdb <unknown>
[2025-02-04T07:29:58.024-0500] {subprocess.py:106} INFO - #12 0x55b281a10b67 <unknown>
[2025-02-04T07:29:58.026-0500] {subprocess.py:106} INFO - #13 0x55b2819f83bc <unknown>
[2025-02-04T07:29:58.028-0500] {subprocess.py:106} INFO - #14 0x55b281a11727 <unknown>
[2025-02-04T07:29:58.029-0500] {subprocess.py:106} INFO - #15 0x55b2819dc74f <unknown>
[2025-02-04T07:29:58.030-0500] {subprocess.py:106} INFO - #16 0x55b281a31938 <unknown>
[2025-02-04T07:29:58.033-0500] {subprocess.py:106} INFO - #17 0x55b281a31b00 <unknown>
[2025-02-04T07:29:58.036-0500] {subprocess.py:106} INFO - #18 0x55b281a41c46 <unknown>
[2025-02-04T07:29:58.037-0500] {subprocess.py:106} INFO - #19 0x7fd77d9faa94 <unknown>
[2025-02-04T07:29:58.041-0500] {subprocess.py:106} INFO - #20 0x7fd77da87c3c <unknown>
[2025-02-04T07:29:58.042-0500] {subprocess.py:106} INFO - 
[2025-02-04T07:29:58.043-0500] {subprocess.py:106} INFO - ***Full Traceback:*** Traceback (most recent call last):
[2025-02-04T07:29:58.044-0500] {subprocess.py:106} INFO -   File "/opt/***/scripts/bot_etl_ex_bbva.py", line 105, in main
[2025-02-04T07:29:58.045-0500] {subprocess.py:106} INFO -     up_button.click()
[2025-02-04T07:29:58.046-0500] {subprocess.py:106} INFO -   File "/home/***/.local/lib/python3.12/site-packages/selenium/webdriver/remote/webelement.py", line 119, in click
[2025-02-04T07:29:58.047-0500] {subprocess.py:106} INFO -     self._execute(Command.CLICK_ELEMENT)
[2025-02-04T07:29:58.048-0500] {subprocess.py:106} INFO -   File "/home/***/.local/lib/python3.12/site-packages/selenium/webdriver/remote/webelement.py", line 570, in _execute
[2025-02-04T07:29:58.048-0500] {subprocess.py:106} INFO -     return self._parent.execute(command, params)
[2025-02-04T07:29:58.049-0500] {subprocess.py:106} INFO -            ^^^^^^^^^^^^^^^^^^^^^^^^^^^^^^^^^^^^^
[2025-02-04T07:29:58.050-0500] {subprocess.py:106} INFO -   File "/home/***/.local/lib/python3.12/site-packages/selenium/webdriver/remote/webdriver.py", line 429, in execute
[2025-02-04T07:29:58.050-0500] {subprocess.py:106} INFO -     self.error_handler.check_response(response)
[2025-02-04T07:29:58.051-0500] {subprocess.py:106} INFO -   File "/home/***/.local/lib/python3.12/site-packages/selenium/webdriver/remote/errorhandler.py", line 232, in check_response
[2025-02-04T07:29:58.054-0500] {subprocess.py:106} INFO -     raise exception_class(message, screen, stacktrace)
[2025-02-04T07:29:58.055-0500] {subprocess.py:106} INFO - selenium.common.exceptions.ElementNotInteractableException: Message: element not interactable
[2025-02-04T07:29:58.056-0500] {subprocess.py:106} INFO -   (Session info: chrome=132.0.6834.110)
[2025-02-04T07:29:58.056-0500] {subprocess.py:106} INFO - Stacktrace:
[2025-02-04T07:29:58.057-0500] {subprocess.py:106} INFO - #0 0x55b281a42dca <unknown>
[2025-02-04T07:29:58.058-0500] {subprocess.py:106} INFO - #1 0x55b28153924d <unknown>
[2025-02-04T07:29:58.059-0500] {subprocess.py:106} INFO - #2 0x55b28158a2d9 <unknown>
[2025-02-04T07:29:58.059-0500] {subprocess.py:106} INFO - #3 0x55b28157d2bd <unknown>
[2025-02-04T07:29:58.060-0500] {subprocess.py:106} INFO - #4 0x55b2815ada92 <unknown>
[2025-02-04T07:29:58.061-0500] {subprocess.py:106} INFO - #5 0x55b28157cc48 <unknown>
[2025-02-04T07:29:58.061-0500] {subprocess.py:106} INFO - #6 0x55b2815adc5e <unknown>
[2025-02-04T07:29:58.062-0500] {subprocess.py:106} INFO - #7 0x55b2815cc4b3 <unknown>
[2025-02-04T07:29:58.063-0500] {subprocess.py:106} INFO - #8 0x55b2815ad833 <unknown>
[2025-02-04T07:29:58.063-0500] {subprocess.py:106} INFO - #9 0x55b28157a5a0 <unknown>
[2025-02-04T07:29:58.064-0500] {subprocess.py:106} INFO - #10 0x55b28157bece <unknown>
[2025-02-04T07:29:58.065-0500] {subprocess.py:106} INFO - #11 0x55b281a0cbdb <unknown>
[2025-02-04T07:29:58.065-0500] {subprocess.py:106} INFO - #12 0x55b281a10b67 <unknown>
[2025-02-04T07:29:58.066-0500] {subprocess.py:106} INFO - #13 0x55b2819f83bc <unknown>
[2025-02-04T07:29:58.066-0500] {subprocess.py:106} INFO - #14 0x55b281a11727 <unknown>
[2025-02-04T07:29:58.067-0500] {subprocess.py:106} INFO - #15 0x55b2819dc74f <unknown>
[2025-02-04T07:29:58.068-0500] {subprocess.py:106} INFO - #16 0x55b281a31938 <unknown>
[2025-02-04T07:29:58.068-0500] {subprocess.py:106} INFO - #17 0x55b281a31b00 <unknown>
[2025-02-04T07:29:58.069-0500] {subprocess.py:106} INFO - #18 0x55b281a41c46 <unknown>
[2025-02-04T07:29:58.070-0500] {subprocess.py:106} INFO - #19 0x7fd77d9faa94 <unknown>
[2025-02-04T07:29:58.070-0500] {subprocess.py:106} INFO - #20 0x7fd77da87c3c <unknown>
[2025-02-04T07:29:58.071-0500] {subprocess.py:106} INFO - 
[2025-02-04T07:29:58.072-0500] {subprocess.py:106} INFO - 
[2025-02-04T07:29:58.100-0500] {subprocess.py:106} INFO - 2025-02-04 07:29:58,100 - bot_etl_ex_bbva - INFO - bot_etl_ex_bbva finish execution
[2025-02-04T07:29:58.112-0500] {subprocess.py:106} INFO - Traceback (most recent call last):
[2025-02-04T07:29:58.114-0500] {subprocess.py:106} INFO -   File "/opt/***/scripts/bot_etl_ex_bbva.py", line 136, in <module>
[2025-02-04T07:29:58.119-0500] {subprocess.py:106} INFO -     main()
[2025-02-04T07:29:58.120-0500] {subprocess.py:106} INFO -   File "/opt/***/scripts/bot_etl_ex_bbva.py", line 131, in main
[2025-02-04T07:29:58.124-0500] {subprocess.py:106} INFO -     driver.quit()
[2025-02-04T07:29:58.125-0500] {subprocess.py:106} INFO -   File "/home/***/.local/lib/python3.12/site-packages/selenium/webdriver/remote/webdriver.py", line 589, in quit
[2025-02-04T07:29:58.126-0500] {subprocess.py:106} INFO -     self.execute(Command.QUIT)
[2025-02-04T07:29:58.127-0500] {subprocess.py:106} INFO -   File "/home/***/.local/lib/python3.12/site-packages/selenium/webdriver/remote/webdriver.py", line 429, in execute
[2025-02-04T07:29:58.129-0500] {subprocess.py:106} INFO -     self.error_handler.check_response(response)
[2025-02-04T07:29:58.130-0500] {subprocess.py:106} INFO -   File "/home/***/.local/lib/python3.12/site-packages/selenium/webdriver/remote/errorhandler.py", line 232, in check_response
[2025-02-04T07:29:58.131-0500] {subprocess.py:106} INFO -     raise exception_class(message, screen, stacktrace)
[2025-02-04T07:29:58.132-0500] {subprocess.py:106} INFO - selenium.common.exceptions.InvalidSessionIdException: Message: Unable to find session with ID: e0b84f162dd0d71a01ac47b721a9953e
[2025-02-04T07:29:58.133-0500] {subprocess.py:106} INFO - Build info: version: '4.28.1', revision: '73f5ad48a2'
[2025-02-04T07:29:58.134-0500] {subprocess.py:106} INFO - System info: os.name: 'Linux', os.arch: 'amd64', os.version: '5.15.153.1-microsoft-standard-WSL2', java.version: '17.0.13'
[2025-02-04T07:29:58.134-0500] {subprocess.py:106} INFO - Driver info: driver.version: unknown
[2025-02-04T07:29:58.135-0500] {subprocess.py:106} INFO - Stacktrace:
[2025-02-04T07:29:58.136-0500] {subprocess.py:106} INFO - org.openqa.selenium.NoSuchSessionException: Unable to find session with ID: e0b84f162dd0d71a01ac47b721a9953e
[2025-02-04T07:29:58.138-0500] {subprocess.py:106} INFO - Build info: version: '4.28.1', revision: '73f5ad48a2'
[2025-02-04T07:29:58.138-0500] {subprocess.py:106} INFO - System info: os.name: 'Linux', os.arch: 'amd64', os.version: '5.15.153.1-microsoft-standard-WSL2', java.version: '17.0.13'
[2025-02-04T07:29:58.139-0500] {subprocess.py:106} INFO - Driver info: driver.version: unknown
[2025-02-04T07:29:58.140-0500] {subprocess.py:106} INFO - 	at org.openqa.selenium.grid.sessionmap.local.LocalSessionMap.get(LocalSessionMap.java:117)
[2025-02-04T07:29:58.141-0500] {subprocess.py:106} INFO - 	at org.openqa.selenium.grid.sessionmap.SessionMap.getUri(SessionMap.java:84)
[2025-02-04T07:29:58.141-0500] {subprocess.py:106} INFO - 	at org.openqa.selenium.grid.router.HandleSession.lambda$loadSessionId$4(HandleSession.java:225)
[2025-02-04T07:29:58.142-0500] {subprocess.py:106} INFO - 	at org.openqa.selenium.grid.router.HandleSession.execute(HandleSession.java:182)
[2025-02-04T07:29:58.143-0500] {subprocess.py:106} INFO - 	at org.openqa.selenium.remote.http.Route$PredicatedRoute.handle(Route.java:397)
[2025-02-04T07:29:58.143-0500] {subprocess.py:106} INFO - 	at org.openqa.selenium.remote.http.Route.execute(Route.java:69)
[2025-02-04T07:29:58.144-0500] {subprocess.py:106} INFO - 	at org.openqa.selenium.remote.http.Route$CombinedRoute.handle(Route.java:360)
[2025-02-04T07:29:58.144-0500] {subprocess.py:106} INFO - 	at org.openqa.selenium.remote.http.Route.execute(Route.java:69)
[2025-02-04T07:29:58.145-0500] {subprocess.py:106} INFO - 	at org.openqa.selenium.grid.router.Router.execute(Router.java:89)
[2025-02-04T07:29:58.146-0500] {subprocess.py:106} INFO - 	at org.openqa.selenium.grid.web.EnsureSpecCompliantResponseHeaders.lambda$apply$0(EnsureSpecCompliantResponseHeaders.java:34)
[2025-02-04T07:29:58.146-0500] {subprocess.py:106} INFO - 	at org.openqa.selenium.remote.http.Filter$1.execute(Filter.java:63)
[2025-02-04T07:29:58.147-0500] {subprocess.py:106} INFO - 	at org.openqa.selenium.remote.http.Route$CombinedRoute.handle(Route.java:360)
[2025-02-04T07:29:58.148-0500] {subprocess.py:106} INFO - 	at org.openqa.selenium.remote.http.Route.execute(Route.java:69)
[2025-02-04T07:29:58.149-0500] {subprocess.py:106} INFO - 	at org.openqa.selenium.remote.AddWebDriverSpecHeaders.lambda$apply$0(AddWebDriverSpecHeaders.java:35)
[2025-02-04T07:29:58.150-0500] {subprocess.py:106} INFO - 	at org.openqa.selenium.remote.ErrorFilter.lambda$apply$0(ErrorFilter.java:44)
[2025-02-04T07:29:58.150-0500] {subprocess.py:106} INFO - 	at org.openqa.selenium.remote.http.Filter$1.execute(Filter.java:63)
[2025-02-04T07:29:58.151-0500] {subprocess.py:106} INFO - 	at org.openqa.selenium.remote.ErrorFilter.lambda$apply$0(ErrorFilter.java:44)
[2025-02-04T07:29:58.152-0500] {subprocess.py:106} INFO - 	at org.openqa.selenium.remote.http.Filter$1.execute(Filter.java:63)
[2025-02-04T07:29:58.152-0500] {subprocess.py:106} INFO - 	at org.openqa.selenium.netty.server.SeleniumHandler.lambda$channelRead0$0(SeleniumHandler.java:49)
[2025-02-04T07:29:58.153-0500] {subprocess.py:106} INFO - 	at java.base/java.util.concurrent.Executors$RunnableAdapter.call(Executors.java:539)
[2025-02-04T07:29:58.154-0500] {subprocess.py:106} INFO - 	at java.base/java.util.concurrent.FutureTask.run(FutureTask.java:264)
[2025-02-04T07:29:58.155-0500] {subprocess.py:106} INFO - 	at java.base/java.util.concurrent.ThreadPoolExecutor.runWorker(ThreadPoolExecutor.java:1136)
[2025-02-04T07:29:58.156-0500] {subprocess.py:106} INFO - 	at java.base/java.util.concurrent.ThreadPoolExecutor$Worker.run(ThreadPoolExecutor.java:635)
[2025-02-04T07:29:58.157-0500] {subprocess.py:106} INFO - 	at java.base/java.lang.Thread.run(Thread.java:840)
[2025-02-04T07:29:58.158-0500] {subprocess.py:106} INFO - 
[2025-02-04T07:29:58.216-0500] {subprocess.py:110} INFO - Command exited with return code 1
[2025-02-04T07:29:58.240-0500] {taskinstance.py:3311} ERROR - Task failed with exception
Traceback (most recent call last):
  File "/home/airflow/.local/lib/python3.12/site-packages/airflow/models/taskinstance.py", line 767, in _execute_task
    result = _execute_callable(context=context, **execute_callable_kwargs)
             ^^^^^^^^^^^^^^^^^^^^^^^^^^^^^^^^^^^^^^^^^^^^^^^^^^^^^^^^^^^^^
  File "/home/airflow/.local/lib/python3.12/site-packages/airflow/models/taskinstance.py", line 733, in _execute_callable
    return ExecutionCallableRunner(
           ^^^^^^^^^^^^^^^^^^^^^^^^
  File "/home/airflow/.local/lib/python3.12/site-packages/airflow/utils/operator_helpers.py", line 252, in run
    return self.func(*args, **kwargs)
           ^^^^^^^^^^^^^^^^^^^^^^^^^^
  File "/home/airflow/.local/lib/python3.12/site-packages/airflow/models/baseoperator.py", line 422, in wrapper
    return func(self, *args, **kwargs)
           ^^^^^^^^^^^^^^^^^^^^^^^^^^^
  File "/home/airflow/.local/lib/python3.12/site-packages/airflow/operators/bash.py", line 276, in execute
    raise AirflowException(
airflow.exceptions.AirflowException: Bash command failed. The command returned a non-zero exit code 1.
[2025-02-04T07:29:58.259-0500] {taskinstance.py:1225} INFO - Marking task as UP_FOR_RETRY. dag_id=etl_reporte_como_vamos, task_id=bot_ex_bbva, run_id=manual__2025-02-04T12:17:16.570936+00:00, execution_date=20250204T121716, start_date=20250204T122943, end_date=20250204T122958
[2025-02-04T07:29:58.301-0500] {taskinstance.py:340} INFO - ::group::Post task execution logs
[2025-02-04T07:29:58.303-0500] {standard_task_runner.py:124} ERROR - Failed to execute job 41 for task bot_ex_bbva (Bash command failed. The command returned a non-zero exit code 1.; 26385)
Traceback (most recent call last):
  File "/home/airflow/.local/lib/python3.12/site-packages/airflow/task/task_runner/standard_task_runner.py", line 117, in _start_by_fork
    ret = args.func(args, dag=self.dag)
          ^^^^^^^^^^^^^^^^^^^^^^^^^^^^^
  File "/home/airflow/.local/lib/python3.12/site-packages/airflow/cli/cli_config.py", line 49, in command
    return func(*args, **kwargs)
           ^^^^^^^^^^^^^^^^^^^^^
  File "/home/airflow/.local/lib/python3.12/site-packages/airflow/utils/cli.py", line 116, in wrapper
    return f(*args, **kwargs)
           ^^^^^^^^^^^^^^^^^^
  File "/home/airflow/.local/lib/python3.12/site-packages/airflow/cli/commands/task_command.py", line 483, in task_run
    task_return_code = _run_task_by_selected_method(args, _dag, ti)
                       ^^^^^^^^^^^^^^^^^^^^^^^^^^^^^^^^^^^^^^^^^^^^
  File "/home/airflow/.local/lib/python3.12/site-packages/airflow/cli/commands/task_command.py", line 256, in _run_task_by_selected_method
    return _run_raw_task(args, ti)
           ^^^^^^^^^^^^^^^^^^^^^^^
  File "/home/airflow/.local/lib/python3.12/site-packages/airflow/cli/commands/task_command.py", line 341, in _run_raw_task
    return ti._run_raw_task(
           ^^^^^^^^^^^^^^^^^
  File "/home/airflow/.local/lib/python3.12/site-packages/airflow/utils/session.py", line 97, in wrapper
    return func(*args, session=session, **kwargs)
           ^^^^^^^^^^^^^^^^^^^^^^^^^^^^^^^^^^^^^^
  File "/home/airflow/.local/lib/python3.12/site-packages/airflow/models/taskinstance.py", line 3005, in _run_raw_task
    return _run_raw_task(
           ^^^^^^^^^^^^^^
  File "/home/airflow/.local/lib/python3.12/site-packages/airflow/models/taskinstance.py", line 273, in _run_raw_task
    TaskInstance._execute_task_with_callbacks(
  File "/home/airflow/.local/lib/python3.12/site-packages/airflow/models/taskinstance.py", line 3159, in _execute_task_with_callbacks
    result = self._execute_task(context, task_orig)
             ^^^^^^^^^^^^^^^^^^^^^^^^^^^^^^^^^^^^^^
  File "/home/airflow/.local/lib/python3.12/site-packages/airflow/models/taskinstance.py", line 3183, in _execute_task
    return _execute_task(self, context, task_orig)
           ^^^^^^^^^^^^^^^^^^^^^^^^^^^^^^^^^^^^^^^
  File "/home/airflow/.local/lib/python3.12/site-packages/airflow/models/taskinstance.py", line 767, in _execute_task
    result = _execute_callable(context=context, **execute_callable_kwargs)
             ^^^^^^^^^^^^^^^^^^^^^^^^^^^^^^^^^^^^^^^^^^^^^^^^^^^^^^^^^^^^^
  File "/home/airflow/.local/lib/python3.12/site-packages/airflow/models/taskinstance.py", line 733, in _execute_callable
    return ExecutionCallableRunner(
           ^^^^^^^^^^^^^^^^^^^^^^^^
  File "/home/airflow/.local/lib/python3.12/site-packages/airflow/utils/operator_helpers.py", line 252, in run
    return self.func(*args, **kwargs)
           ^^^^^^^^^^^^^^^^^^^^^^^^^^
  File "/home/airflow/.local/lib/python3.12/site-packages/airflow/models/baseoperator.py", line 422, in wrapper
    return func(self, *args, **kwargs)
           ^^^^^^^^^^^^^^^^^^^^^^^^^^^
  File "/home/airflow/.local/lib/python3.12/site-packages/airflow/operators/bash.py", line 276, in execute
    raise AirflowException(
airflow.exceptions.AirflowException: Bash command failed. The command returned a non-zero exit code 1.
[2025-02-04T07:29:58.333-0500] {local_task_job_runner.py:266} INFO - Task exited with return code 1
[2025-02-04T07:29:58.371-0500] {taskinstance.py:3895} INFO - 0 downstream tasks scheduled from follow-on schedule check
[2025-02-04T07:29:58.374-0500] {local_task_job_runner.py:245} INFO - ::endgroup::
