[2025-02-04T07:19:11.150-0500] {local_task_job_runner.py:123} INFO - ::group::Pre task execution logs
[2025-02-04T07:19:11.171-0500] {taskinstance.py:2613} INFO - Dependencies all met for dep_context=non-requeueable deps ti=<TaskInstance: etl_reporte_como_vamos.bot_ex_bbva manual__2025-02-04T12:17:16.570936+00:00 [queued]>
[2025-02-04T07:19:11.186-0500] {taskinstance.py:2613} INFO - Dependencies all met for dep_context=requeueable deps ti=<TaskInstance: etl_reporte_como_vamos.bot_ex_bbva manual__2025-02-04T12:17:16.570936+00:00 [queued]>
[2025-02-04T07:19:11.188-0500] {taskinstance.py:2866} INFO - Starting attempt 1 of 4
[2025-02-04T07:19:11.205-0500] {taskinstance.py:2889} INFO - Executing <Task(BashOperator): bot_ex_bbva> on 2025-02-04 12:17:16.570936+00:00
[2025-02-04T07:19:11.212-0500] {warnings.py:112} WARNING - /home/***/.local/lib/python3.12/site-packages/***/task/task_runner/standard_task_runner.py:70: DeprecationWarning: This process (pid=26250) is multi-threaded, use of fork() may lead to deadlocks in the child.
  pid = os.fork()

[2025-02-04T07:19:11.215-0500] {standard_task_runner.py:72} INFO - Started process 26251 to run task
[2025-02-04T07:19:11.216-0500] {standard_task_runner.py:104} INFO - Running: ['***', 'tasks', 'run', 'etl_reporte_como_vamos', 'bot_ex_bbva', 'manual__2025-02-04T12:17:16.570936+00:00', '--job-id', '39', '--raw', '--subdir', 'DAGS_FOLDER/etl_como_vamos_dag.py', '--cfg-path', '/tmp/tmp38k28zyn']
[2025-02-04T07:19:11.218-0500] {standard_task_runner.py:105} INFO - Job 39: Subtask bot_ex_bbva
[2025-02-04T07:19:11.271-0500] {task_command.py:467} INFO - Running <TaskInstance: etl_reporte_como_vamos.bot_ex_bbva manual__2025-02-04T12:17:16.570936+00:00 [running]> on host 21f1c1b48730
[2025-02-04T07:19:11.363-0500] {taskinstance.py:3132} INFO - Exporting env vars: AIRFLOW_CTX_DAG_OWNER='***' AIRFLOW_CTX_DAG_ID='etl_reporte_como_vamos' AIRFLOW_CTX_TASK_ID='bot_ex_bbva' AIRFLOW_CTX_EXECUTION_DATE='2025-02-04T12:17:16.570936+00:00' AIRFLOW_CTX_TRY_NUMBER='1' AIRFLOW_CTX_DAG_RUN_ID='manual__2025-02-04T12:17:16.570936+00:00'
[2025-02-04T07:19:11.365-0500] {taskinstance.py:731} INFO - ::endgroup::
[2025-02-04T07:19:11.380-0500] {subprocess.py:78} INFO - Tmp dir root location: /tmp
[2025-02-04T07:19:11.382-0500] {subprocess.py:88} INFO - Running command: ['/usr/bin/bash', '-c', 'python /opt/***/scripts/bot_etl_ex_bbva.py']
[2025-02-04T07:19:11.393-0500] {subprocess.py:99} INFO - Output:
[2025-02-04T07:19:12.396-0500] {subprocess.py:106} INFO - 2025-02-04 07:19:12,395 - bot_etl_ex_bbva - INFO - Bot ETL Exito-BBVA started
[2025-02-04T07:19:12.957-0500] {subprocess.py:106} INFO - 2025-02-04 07:19:12,957 - bot_etl_ex_bbva - INFO - Conexi√≥n al Selenium Hub establecida correctamente
[2025-02-04T07:19:13.870-0500] {subprocess.py:106} INFO - 2025-02-04 07:19:13,869 - bot_etl_ex_bbva - INFO - Credentials input success
[2025-02-04T07:19:15.144-0500] {subprocess.py:106} INFO - 2025-02-04 07:19:15,143 - bot_etl_ex_bbva - INFO - Click in login button
[2025-02-04T07:19:25.169-0500] {subprocess.py:106} INFO - 2025-02-04 07:19:25,169 - bot_etl_ex_bbva - INFO - Loging success
[2025-02-04T07:19:25.415-0500] {subprocess.py:106} INFO - 2025-02-04 07:19:25,415 - bot_etl_ex_bbva - ERROR - Error Loading Cerrados.xlsx to ETL:
[2025-02-04T07:19:25.416-0500] {subprocess.py:106} INFO - ***Error type:*** ElementNotInteractableException
[2025-02-04T07:19:25.417-0500] {subprocess.py:106} INFO - ***Error message:*** Message: element not interactable
[2025-02-04T07:19:25.417-0500] {subprocess.py:106} INFO -   (Session info: chrome=132.0.6834.110)
[2025-02-04T07:19:25.418-0500] {subprocess.py:106} INFO - Stacktrace:
[2025-02-04T07:19:25.419-0500] {subprocess.py:106} INFO - #0 0x55c4c1a65dca <unknown>
[2025-02-04T07:19:25.420-0500] {subprocess.py:106} INFO - #1 0x55c4c155c24d <unknown>
[2025-02-04T07:19:25.421-0500] {subprocess.py:106} INFO - #2 0x55c4c15ad2d9 <unknown>
[2025-02-04T07:19:25.421-0500] {subprocess.py:106} INFO - #3 0x55c4c15a02bd <unknown>
[2025-02-04T07:19:25.422-0500] {subprocess.py:106} INFO - #4 0x55c4c15d0a92 <unknown>
[2025-02-04T07:19:25.422-0500] {subprocess.py:106} INFO - #5 0x55c4c159fc48 <unknown>
[2025-02-04T07:19:25.423-0500] {subprocess.py:106} INFO - #6 0x55c4c15d0c5e <unknown>
[2025-02-04T07:19:25.423-0500] {subprocess.py:106} INFO - #7 0x55c4c15ef4b3 <unknown>
[2025-02-04T07:19:25.424-0500] {subprocess.py:106} INFO - #8 0x55c4c15d0833 <unknown>
[2025-02-04T07:19:25.424-0500] {subprocess.py:106} INFO - #9 0x55c4c159d5a0 <unknown>
[2025-02-04T07:19:25.425-0500] {subprocess.py:106} INFO - #10 0x55c4c159eece <unknown>
[2025-02-04T07:19:25.426-0500] {subprocess.py:106} INFO - #11 0x55c4c1a2fbdb <unknown>
[2025-02-04T07:19:25.426-0500] {subprocess.py:106} INFO - #12 0x55c4c1a33b67 <unknown>
[2025-02-04T07:19:25.427-0500] {subprocess.py:106} INFO - #13 0x55c4c1a1b3bc <unknown>
[2025-02-04T07:19:25.430-0500] {subprocess.py:106} INFO - #14 0x55c4c1a34727 <unknown>
[2025-02-04T07:19:25.431-0500] {subprocess.py:106} INFO - #15 0x55c4c19ff74f <unknown>
[2025-02-04T07:19:25.431-0500] {subprocess.py:106} INFO - #16 0x55c4c1a54938 <unknown>
[2025-02-04T07:19:25.432-0500] {subprocess.py:106} INFO - #17 0x55c4c1a54b00 <unknown>
[2025-02-04T07:19:25.433-0500] {subprocess.py:106} INFO - #18 0x55c4c1a64c46 <unknown>
[2025-02-04T07:19:25.433-0500] {subprocess.py:106} INFO - #19 0x7fd1cf9a9a94 <unknown>
[2025-02-04T07:19:25.434-0500] {subprocess.py:106} INFO - #20 0x7fd1cfa36c3c <unknown>
[2025-02-04T07:19:25.434-0500] {subprocess.py:106} INFO - 
[2025-02-04T07:19:25.435-0500] {subprocess.py:106} INFO - ***Full Traceback:*** Traceback (most recent call last):
[2025-02-04T07:19:25.436-0500] {subprocess.py:106} INFO -   File "/opt/***/scripts/bot_etl_ex_bbva.py", line 105, in main
[2025-02-04T07:19:25.436-0500] {subprocess.py:106} INFO -     up_button.click()
[2025-02-04T07:19:25.437-0500] {subprocess.py:106} INFO -   File "/home/***/.local/lib/python3.12/site-packages/selenium/webdriver/remote/webelement.py", line 119, in click
[2025-02-04T07:19:25.438-0500] {subprocess.py:106} INFO -     self._execute(Command.CLICK_ELEMENT)
[2025-02-04T07:19:25.439-0500] {subprocess.py:106} INFO -   File "/home/***/.local/lib/python3.12/site-packages/selenium/webdriver/remote/webelement.py", line 570, in _execute
[2025-02-04T07:19:25.440-0500] {subprocess.py:106} INFO -     return self._parent.execute(command, params)
[2025-02-04T07:19:25.440-0500] {subprocess.py:106} INFO -            ^^^^^^^^^^^^^^^^^^^^^^^^^^^^^^^^^^^^^
[2025-02-04T07:19:25.441-0500] {subprocess.py:106} INFO -   File "/home/***/.local/lib/python3.12/site-packages/selenium/webdriver/remote/webdriver.py", line 429, in execute
[2025-02-04T07:19:25.442-0500] {subprocess.py:106} INFO -     self.error_handler.check_response(response)
[2025-02-04T07:19:25.442-0500] {subprocess.py:106} INFO -   File "/home/***/.local/lib/python3.12/site-packages/selenium/webdriver/remote/errorhandler.py", line 232, in check_response
[2025-02-04T07:19:25.443-0500] {subprocess.py:106} INFO -     raise exception_class(message, screen, stacktrace)
[2025-02-04T07:19:25.443-0500] {subprocess.py:106} INFO - selenium.common.exceptions.ElementNotInteractableException: Message: element not interactable
[2025-02-04T07:19:25.444-0500] {subprocess.py:106} INFO -   (Session info: chrome=132.0.6834.110)
[2025-02-04T07:19:25.445-0500] {subprocess.py:106} INFO - Stacktrace:
[2025-02-04T07:19:25.445-0500] {subprocess.py:106} INFO - #0 0x55c4c1a65dca <unknown>
[2025-02-04T07:19:25.446-0500] {subprocess.py:106} INFO - #1 0x55c4c155c24d <unknown>
[2025-02-04T07:19:25.446-0500] {subprocess.py:106} INFO - #2 0x55c4c15ad2d9 <unknown>
[2025-02-04T07:19:25.447-0500] {subprocess.py:106} INFO - #3 0x55c4c15a02bd <unknown>
[2025-02-04T07:19:25.447-0500] {subprocess.py:106} INFO - #4 0x55c4c15d0a92 <unknown>
[2025-02-04T07:19:25.448-0500] {subprocess.py:106} INFO - #5 0x55c4c159fc48 <unknown>
[2025-02-04T07:19:25.449-0500] {subprocess.py:106} INFO - #6 0x55c4c15d0c5e <unknown>
[2025-02-04T07:19:25.449-0500] {subprocess.py:106} INFO - #7 0x55c4c15ef4b3 <unknown>
[2025-02-04T07:19:25.450-0500] {subprocess.py:106} INFO - #8 0x55c4c15d0833 <unknown>
[2025-02-04T07:19:25.450-0500] {subprocess.py:106} INFO - #9 0x55c4c159d5a0 <unknown>
[2025-02-04T07:19:25.451-0500] {subprocess.py:106} INFO - #10 0x55c4c159eece <unknown>
[2025-02-04T07:19:25.451-0500] {subprocess.py:106} INFO - #11 0x55c4c1a2fbdb <unknown>
[2025-02-04T07:19:25.452-0500] {subprocess.py:106} INFO - #12 0x55c4c1a33b67 <unknown>
[2025-02-04T07:19:25.452-0500] {subprocess.py:106} INFO - #13 0x55c4c1a1b3bc <unknown>
[2025-02-04T07:19:25.453-0500] {subprocess.py:106} INFO - #14 0x55c4c1a34727 <unknown>
[2025-02-04T07:19:25.453-0500] {subprocess.py:106} INFO - #15 0x55c4c19ff74f <unknown>
[2025-02-04T07:19:25.454-0500] {subprocess.py:106} INFO - #16 0x55c4c1a54938 <unknown>
[2025-02-04T07:19:25.454-0500] {subprocess.py:106} INFO - #17 0x55c4c1a54b00 <unknown>
[2025-02-04T07:19:25.455-0500] {subprocess.py:106} INFO - #18 0x55c4c1a64c46 <unknown>
[2025-02-04T07:19:25.455-0500] {subprocess.py:106} INFO - #19 0x7fd1cf9a9a94 <unknown>
[2025-02-04T07:19:25.456-0500] {subprocess.py:106} INFO - #20 0x7fd1cfa36c3c <unknown>
[2025-02-04T07:19:25.456-0500] {subprocess.py:106} INFO - 
[2025-02-04T07:19:25.456-0500] {subprocess.py:106} INFO - 
[2025-02-04T07:19:25.550-0500] {subprocess.py:106} INFO - 2025-02-04 07:19:25,550 - bot_etl_ex_bbva - INFO - bot_etl_ex_bbva finish execution
[2025-02-04T07:19:25.559-0500] {subprocess.py:106} INFO - Traceback (most recent call last):
[2025-02-04T07:19:25.560-0500] {subprocess.py:106} INFO -   File "/opt/***/scripts/bot_etl_ex_bbva.py", line 136, in <module>
[2025-02-04T07:19:25.565-0500] {subprocess.py:106} INFO -     main()
[2025-02-04T07:19:25.566-0500] {subprocess.py:106} INFO -   File "/opt/***/scripts/bot_etl_ex_bbva.py", line 131, in main
[2025-02-04T07:19:25.572-0500] {subprocess.py:106} INFO -     driver.quit()
[2025-02-04T07:19:25.573-0500] {subprocess.py:106} INFO -   File "/home/***/.local/lib/python3.12/site-packages/selenium/webdriver/remote/webdriver.py", line 589, in quit
[2025-02-04T07:19:25.574-0500] {subprocess.py:106} INFO -     self.execute(Command.QUIT)
[2025-02-04T07:19:25.575-0500] {subprocess.py:106} INFO -   File "/home/***/.local/lib/python3.12/site-packages/selenium/webdriver/remote/webdriver.py", line 429, in execute
[2025-02-04T07:19:25.576-0500] {subprocess.py:106} INFO -     self.error_handler.check_response(response)
[2025-02-04T07:19:25.576-0500] {subprocess.py:106} INFO -   File "/home/***/.local/lib/python3.12/site-packages/selenium/webdriver/remote/errorhandler.py", line 232, in check_response
[2025-02-04T07:19:25.577-0500] {subprocess.py:106} INFO -     raise exception_class(message, screen, stacktrace)
[2025-02-04T07:19:25.578-0500] {subprocess.py:106} INFO - selenium.common.exceptions.InvalidSessionIdException: Message: Unable to find session with ID: fa591c9a5ea6be0ed9a3e2036065c365
[2025-02-04T07:19:25.578-0500] {subprocess.py:106} INFO - Build info: version: '4.28.1', revision: '73f5ad48a2'
[2025-02-04T07:19:25.579-0500] {subprocess.py:106} INFO - System info: os.name: 'Linux', os.arch: 'amd64', os.version: '5.15.153.1-microsoft-standard-WSL2', java.version: '17.0.13'
[2025-02-04T07:19:25.580-0500] {subprocess.py:106} INFO - Driver info: driver.version: unknown
[2025-02-04T07:19:25.580-0500] {subprocess.py:106} INFO - Stacktrace:
[2025-02-04T07:19:25.581-0500] {subprocess.py:106} INFO - org.openqa.selenium.NoSuchSessionException: Unable to find session with ID: fa591c9a5ea6be0ed9a3e2036065c365
[2025-02-04T07:19:25.581-0500] {subprocess.py:106} INFO - Build info: version: '4.28.1', revision: '73f5ad48a2'
[2025-02-04T07:19:25.582-0500] {subprocess.py:106} INFO - System info: os.name: 'Linux', os.arch: 'amd64', os.version: '5.15.153.1-microsoft-standard-WSL2', java.version: '17.0.13'
[2025-02-04T07:19:25.583-0500] {subprocess.py:106} INFO - Driver info: driver.version: unknown
[2025-02-04T07:19:25.584-0500] {subprocess.py:106} INFO - 	at org.openqa.selenium.grid.sessionmap.local.LocalSessionMap.get(LocalSessionMap.java:117)
[2025-02-04T07:19:25.584-0500] {subprocess.py:106} INFO - 	at org.openqa.selenium.grid.sessionmap.SessionMap.getUri(SessionMap.java:84)
[2025-02-04T07:19:25.585-0500] {subprocess.py:106} INFO - 	at org.openqa.selenium.grid.router.HandleSession.lambda$loadSessionId$4(HandleSession.java:225)
[2025-02-04T07:19:25.586-0500] {subprocess.py:106} INFO - 	at org.openqa.selenium.grid.router.HandleSession.execute(HandleSession.java:182)
[2025-02-04T07:19:25.587-0500] {subprocess.py:106} INFO - 	at org.openqa.selenium.remote.http.Route$PredicatedRoute.handle(Route.java:397)
[2025-02-04T07:19:25.587-0500] {subprocess.py:106} INFO - 	at org.openqa.selenium.remote.http.Route.execute(Route.java:69)
[2025-02-04T07:19:25.588-0500] {subprocess.py:106} INFO - 	at org.openqa.selenium.remote.http.Route$CombinedRoute.handle(Route.java:360)
[2025-02-04T07:19:25.589-0500] {subprocess.py:106} INFO - 	at org.openqa.selenium.remote.http.Route.execute(Route.java:69)
[2025-02-04T07:19:25.590-0500] {subprocess.py:106} INFO - 	at org.openqa.selenium.grid.router.Router.execute(Router.java:89)
[2025-02-04T07:19:25.591-0500] {subprocess.py:106} INFO - 	at org.openqa.selenium.grid.web.EnsureSpecCompliantResponseHeaders.lambda$apply$0(EnsureSpecCompliantResponseHeaders.java:34)
[2025-02-04T07:19:25.591-0500] {subprocess.py:106} INFO - 	at org.openqa.selenium.remote.http.Filter$1.execute(Filter.java:63)
[2025-02-04T07:19:25.592-0500] {subprocess.py:106} INFO - 	at org.openqa.selenium.remote.http.Route$CombinedRoute.handle(Route.java:360)
[2025-02-04T07:19:25.593-0500] {subprocess.py:106} INFO - 	at org.openqa.selenium.remote.http.Route.execute(Route.java:69)
[2025-02-04T07:19:25.593-0500] {subprocess.py:106} INFO - 	at org.openqa.selenium.remote.AddWebDriverSpecHeaders.lambda$apply$0(AddWebDriverSpecHeaders.java:35)
[2025-02-04T07:19:25.594-0500] {subprocess.py:106} INFO - 	at org.openqa.selenium.remote.ErrorFilter.lambda$apply$0(ErrorFilter.java:44)
[2025-02-04T07:19:25.595-0500] {subprocess.py:106} INFO - 	at org.openqa.selenium.remote.http.Filter$1.execute(Filter.java:63)
[2025-02-04T07:19:25.596-0500] {subprocess.py:106} INFO - 	at org.openqa.selenium.remote.ErrorFilter.lambda$apply$0(ErrorFilter.java:44)
[2025-02-04T07:19:25.597-0500] {subprocess.py:106} INFO - 	at org.openqa.selenium.remote.http.Filter$1.execute(Filter.java:63)
[2025-02-04T07:19:25.597-0500] {subprocess.py:106} INFO - 	at org.openqa.selenium.netty.server.SeleniumHandler.lambda$channelRead0$0(SeleniumHandler.java:49)
[2025-02-04T07:19:25.598-0500] {subprocess.py:106} INFO - 	at java.base/java.util.concurrent.Executors$RunnableAdapter.call(Executors.java:539)
[2025-02-04T07:19:25.599-0500] {subprocess.py:106} INFO - 	at java.base/java.util.concurrent.FutureTask.run(FutureTask.java:264)
[2025-02-04T07:19:25.599-0500] {subprocess.py:106} INFO - 	at java.base/java.util.concurrent.ThreadPoolExecutor.runWorker(ThreadPoolExecutor.java:1136)
[2025-02-04T07:19:25.600-0500] {subprocess.py:106} INFO - 	at java.base/java.util.concurrent.ThreadPoolExecutor$Worker.run(ThreadPoolExecutor.java:635)
[2025-02-04T07:19:25.601-0500] {subprocess.py:106} INFO - 	at java.base/java.lang.Thread.run(Thread.java:840)
[2025-02-04T07:19:25.601-0500] {subprocess.py:106} INFO - 
[2025-02-04T07:19:25.621-0500] {subprocess.py:110} INFO - Command exited with return code 1
[2025-02-04T07:19:25.634-0500] {taskinstance.py:3311} ERROR - Task failed with exception
Traceback (most recent call last):
  File "/home/airflow/.local/lib/python3.12/site-packages/airflow/models/taskinstance.py", line 767, in _execute_task
    result = _execute_callable(context=context, **execute_callable_kwargs)
             ^^^^^^^^^^^^^^^^^^^^^^^^^^^^^^^^^^^^^^^^^^^^^^^^^^^^^^^^^^^^^
  File "/home/airflow/.local/lib/python3.12/site-packages/airflow/models/taskinstance.py", line 733, in _execute_callable
    return ExecutionCallableRunner(
           ^^^^^^^^^^^^^^^^^^^^^^^^
  File "/home/airflow/.local/lib/python3.12/site-packages/airflow/utils/operator_helpers.py", line 252, in run
    return self.func(*args, **kwargs)
           ^^^^^^^^^^^^^^^^^^^^^^^^^^
  File "/home/airflow/.local/lib/python3.12/site-packages/airflow/models/baseoperator.py", line 422, in wrapper
    return func(self, *args, **kwargs)
           ^^^^^^^^^^^^^^^^^^^^^^^^^^^
  File "/home/airflow/.local/lib/python3.12/site-packages/airflow/operators/bash.py", line 276, in execute
    raise AirflowException(
airflow.exceptions.AirflowException: Bash command failed. The command returned a non-zero exit code 1.
[2025-02-04T07:19:25.645-0500] {taskinstance.py:1225} INFO - Marking task as UP_FOR_RETRY. dag_id=etl_reporte_como_vamos, task_id=bot_ex_bbva, run_id=manual__2025-02-04T12:17:16.570936+00:00, execution_date=20250204T121716, start_date=20250204T121911, end_date=20250204T121925
[2025-02-04T07:19:25.666-0500] {taskinstance.py:340} INFO - ::group::Post task execution logs
[2025-02-04T07:19:25.667-0500] {standard_task_runner.py:124} ERROR - Failed to execute job 39 for task bot_ex_bbva (Bash command failed. The command returned a non-zero exit code 1.; 26251)
Traceback (most recent call last):
  File "/home/airflow/.local/lib/python3.12/site-packages/airflow/task/task_runner/standard_task_runner.py", line 117, in _start_by_fork
    ret = args.func(args, dag=self.dag)
          ^^^^^^^^^^^^^^^^^^^^^^^^^^^^^
  File "/home/airflow/.local/lib/python3.12/site-packages/airflow/cli/cli_config.py", line 49, in command
    return func(*args, **kwargs)
           ^^^^^^^^^^^^^^^^^^^^^
  File "/home/airflow/.local/lib/python3.12/site-packages/airflow/utils/cli.py", line 116, in wrapper
    return f(*args, **kwargs)
           ^^^^^^^^^^^^^^^^^^
  File "/home/airflow/.local/lib/python3.12/site-packages/airflow/cli/commands/task_command.py", line 483, in task_run
    task_return_code = _run_task_by_selected_method(args, _dag, ti)
                       ^^^^^^^^^^^^^^^^^^^^^^^^^^^^^^^^^^^^^^^^^^^^
  File "/home/airflow/.local/lib/python3.12/site-packages/airflow/cli/commands/task_command.py", line 256, in _run_task_by_selected_method
    return _run_raw_task(args, ti)
           ^^^^^^^^^^^^^^^^^^^^^^^
  File "/home/airflow/.local/lib/python3.12/site-packages/airflow/cli/commands/task_command.py", line 341, in _run_raw_task
    return ti._run_raw_task(
           ^^^^^^^^^^^^^^^^^
  File "/home/airflow/.local/lib/python3.12/site-packages/airflow/utils/session.py", line 97, in wrapper
    return func(*args, session=session, **kwargs)
           ^^^^^^^^^^^^^^^^^^^^^^^^^^^^^^^^^^^^^^
  File "/home/airflow/.local/lib/python3.12/site-packages/airflow/models/taskinstance.py", line 3005, in _run_raw_task
    return _run_raw_task(
           ^^^^^^^^^^^^^^
  File "/home/airflow/.local/lib/python3.12/site-packages/airflow/models/taskinstance.py", line 273, in _run_raw_task
    TaskInstance._execute_task_with_callbacks(
  File "/home/airflow/.local/lib/python3.12/site-packages/airflow/models/taskinstance.py", line 3159, in _execute_task_with_callbacks
    result = self._execute_task(context, task_orig)
             ^^^^^^^^^^^^^^^^^^^^^^^^^^^^^^^^^^^^^^
  File "/home/airflow/.local/lib/python3.12/site-packages/airflow/models/taskinstance.py", line 3183, in _execute_task
    return _execute_task(self, context, task_orig)
           ^^^^^^^^^^^^^^^^^^^^^^^^^^^^^^^^^^^^^^^
  File "/home/airflow/.local/lib/python3.12/site-packages/airflow/models/taskinstance.py", line 767, in _execute_task
    result = _execute_callable(context=context, **execute_callable_kwargs)
             ^^^^^^^^^^^^^^^^^^^^^^^^^^^^^^^^^^^^^^^^^^^^^^^^^^^^^^^^^^^^^
  File "/home/airflow/.local/lib/python3.12/site-packages/airflow/models/taskinstance.py", line 733, in _execute_callable
    return ExecutionCallableRunner(
           ^^^^^^^^^^^^^^^^^^^^^^^^
  File "/home/airflow/.local/lib/python3.12/site-packages/airflow/utils/operator_helpers.py", line 252, in run
    return self.func(*args, **kwargs)
           ^^^^^^^^^^^^^^^^^^^^^^^^^^
  File "/home/airflow/.local/lib/python3.12/site-packages/airflow/models/baseoperator.py", line 422, in wrapper
    return func(self, *args, **kwargs)
           ^^^^^^^^^^^^^^^^^^^^^^^^^^^
  File "/home/airflow/.local/lib/python3.12/site-packages/airflow/operators/bash.py", line 276, in execute
    raise AirflowException(
airflow.exceptions.AirflowException: Bash command failed. The command returned a non-zero exit code 1.
[2025-02-04T07:19:25.690-0500] {local_task_job_runner.py:266} INFO - Task exited with return code 1
[2025-02-04T07:19:25.713-0500] {taskinstance.py:3895} INFO - 0 downstream tasks scheduled from follow-on schedule check
[2025-02-04T07:19:25.716-0500] {local_task_job_runner.py:245} INFO - ::endgroup::
