[2025-01-30T15:58:53.852+0000] {local_task_job_runner.py:123} INFO - ::group::Pre task execution logs
[2025-01-30T15:58:53.889+0000] {taskinstance.py:2613} INFO - Dependencies all met for dep_context=non-requeueable deps ti=<TaskInstance: etl_reporte_como_vamos.task_bot_como_vamos manual__2025-01-30T15:58:50.241264+00:00 [queued]>
[2025-01-30T15:58:53.909+0000] {taskinstance.py:2613} INFO - Dependencies all met for dep_context=requeueable deps ti=<TaskInstance: etl_reporte_como_vamos.task_bot_como_vamos manual__2025-01-30T15:58:50.241264+00:00 [queued]>
[2025-01-30T15:58:53.911+0000] {taskinstance.py:2866} INFO - Starting attempt 1 of 1
[2025-01-30T15:58:53.942+0000] {taskinstance.py:2889} INFO - Executing <Task(BashOperator): task_bot_como_vamos> on 2025-01-30 15:58:50.241264+00:00
[2025-01-30T15:58:53.955+0000] {warnings.py:112} WARNING - /home/***/.local/lib/python3.12/site-packages/***/task/task_runner/standard_task_runner.py:70: DeprecationWarning: This process (pid=163) is multi-threaded, use of fork() may lead to deadlocks in the child.
  pid = os.fork()

[2025-01-30T15:58:53.958+0000] {standard_task_runner.py:104} INFO - Running: ['***', 'tasks', 'run', 'etl_reporte_como_vamos', 'task_bot_como_vamos', 'manual__2025-01-30T15:58:50.241264+00:00', '--job-id', '21', '--raw', '--subdir', 'DAGS_FOLDER/etl_como_vamos_dag.py', '--cfg-path', '/tmp/tmpedtfau0y']
[2025-01-30T15:58:53.960+0000] {standard_task_runner.py:72} INFO - Started process 164 to run task
[2025-01-30T15:58:53.961+0000] {standard_task_runner.py:105} INFO - Job 21: Subtask task_bot_como_vamos
[2025-01-30T15:58:54.087+0000] {task_command.py:467} INFO - Running <TaskInstance: etl_reporte_como_vamos.task_bot_como_vamos manual__2025-01-30T15:58:50.241264+00:00 [running]> on host f34597614f96
[2025-01-30T15:58:54.315+0000] {taskinstance.py:3132} INFO - Exporting env vars: AIRFLOW_CTX_DAG_OWNER='***' AIRFLOW_CTX_DAG_ID='etl_reporte_como_vamos' AIRFLOW_CTX_TASK_ID='task_bot_como_vamos' AIRFLOW_CTX_EXECUTION_DATE='2025-01-30T15:58:50.241264+00:00' AIRFLOW_CTX_TRY_NUMBER='1' AIRFLOW_CTX_DAG_RUN_ID='manual__2025-01-30T15:58:50.241264+00:00'
[2025-01-30T15:58:54.318+0000] {taskinstance.py:731} INFO - ::endgroup::
[2025-01-30T15:58:54.437+0000] {subprocess.py:78} INFO - Tmp dir root location: /tmp
[2025-01-30T15:58:54.440+0000] {subprocess.py:88} INFO - Running command: ['/usr/bin/bash', '-c', 'python /opt/***/scripts/bot_reporte_como_vamos.py']
[2025-01-30T15:58:54.458+0000] {subprocess.py:99} INFO - Output:
[2025-01-30T15:59:02.980+0000] {subprocess.py:106} INFO - ic| start_date: '01/01/2025', end_date: '30/01/2025'
[2025-01-30T15:59:02.982+0000] {subprocess.py:106} INFO - 2025-01-30 15:59:02,980 - bot_como_vamos - INFO - Starting script bot_como_vamos.py
[2025-01-30T15:59:07.067+0000] {subprocess.py:106} INFO - 2025-01-30 15:59:07,064 - bot_como_vamos - INFO - Conexi√≥n al Selenium Hub establecida correctamente
[2025-01-30T16:00:02.619+0000] {subprocess.py:106} INFO - ic| login_success: <selenium.webdriver.remote.webelement.WebElement (session="b9f3c1320496937ae6ce197a262cd45b", element="f.619ED0C6F0E24B9F1315FD383CBF6D2A.d.0A9A45FB96F9DF50FA52741F1DEC61E9.e.77")>
[2025-01-30T16:00:02.621+0000] {subprocess.py:106} INFO - 2025-01-30 16:00:02,619 - bot_como_vamos - INFO - Loging success
[2025-01-30T16:00:12.790+0000] {subprocess.py:106} INFO - 2025-01-30 16:00:12,789 - bot_como_vamos - INFO - Click in menu button successfully
[2025-01-30T16:00:23.478+0000] {subprocess.py:106} INFO - 2025-01-30 16:00:23,477 - bot_como_vamos - INFO - Input dates successfully
[2025-01-30T16:00:33.791+0000] {subprocess.py:106} INFO - 2025-01-30 16:00:33,791 - bot_como_vamos - INFO - Click in 'Empresas Y Negocios' successfully
[2025-01-30T16:03:43.836+0000] {subprocess.py:106} INFO - 2025-01-30 16:03:43,835 - bot_como_vamos - INFO - Click in 'Como Vamos' successfully
[2025-01-30T16:03:43.839+0000] {subprocess.py:106} INFO - 2025-01-30 16:03:43,836 - bot_como_vamos - INFO - Waiting for download file...............
[2025-01-30T16:05:19.125+0000] {subprocess.py:106} INFO - ic| file: 'Unconfirmed 954225.crdownload'
[2025-01-30T16:05:24.138+0000] {subprocess.py:106} INFO - ic| file: 'Unconfirmed 954225.crdownload'
[2025-01-30T16:05:29.148+0000] {subprocess.py:106} INFO - ic| file: 'Reporte como_vamos.xlsx'
[2025-01-30T16:08:41.187+0000] {subprocess.py:106} INFO - Traceback (most recent call last):
[2025-01-30T16:08:41.189+0000] {subprocess.py:106} INFO -   File "/opt/***/scripts/bot_reporte_como_vamos.py", line 172, in <module>
[2025-01-30T16:08:41.198+0000] {subprocess.py:106} INFO -     main()
[2025-01-30T16:08:41.199+0000] {subprocess.py:106} INFO -   File "/opt/***/scripts/bot_reporte_como_vamos.py", line 153, in main
[2025-01-30T16:08:41.207+0000] {subprocess.py:106} INFO -     driver.quit()
[2025-01-30T16:08:41.210+0000] {subprocess.py:106} INFO -   File "/home/***/.local/lib/python3.12/site-packages/selenium/webdriver/remote/webdriver.py", line 589, in quit
[2025-01-30T16:08:41.214+0000] {subprocess.py:106} INFO -     self.execute(Command.QUIT)
[2025-01-30T16:08:41.216+0000] {subprocess.py:106} INFO -   File "/home/***/.local/lib/python3.12/site-packages/selenium/webdriver/remote/webdriver.py", line 429, in execute
[2025-01-30T16:08:41.219+0000] {subprocess.py:106} INFO -     self.error_handler.check_response(response)
[2025-01-30T16:08:41.224+0000] {subprocess.py:106} INFO -   File "/home/***/.local/lib/python3.12/site-packages/selenium/webdriver/remote/errorhandler.py", line 232, in check_response
[2025-01-30T16:08:41.228+0000] {subprocess.py:106} INFO -     raise exception_class(message, screen, stacktrace)
[2025-01-30T16:08:41.230+0000] {subprocess.py:106} INFO - selenium.common.exceptions.InvalidSessionIdException: Message: Unable to find session with ID: b9f3c1320496937ae6ce197a262cd45b
[2025-01-30T16:08:41.234+0000] {subprocess.py:106} INFO - Build info: version: '4.28.1', revision: '73f5ad48a2'
[2025-01-30T16:08:41.236+0000] {subprocess.py:106} INFO - System info: os.name: 'Linux', os.arch: 'amd64', os.version: '5.15.153.1-microsoft-standard-WSL2', java.version: '17.0.13'
[2025-01-30T16:08:41.237+0000] {subprocess.py:106} INFO - Driver info: driver.version: unknown
[2025-01-30T16:08:41.238+0000] {subprocess.py:106} INFO - Stacktrace:
[2025-01-30T16:08:41.240+0000] {subprocess.py:106} INFO - org.openqa.selenium.NoSuchSessionException: Unable to find session with ID: b9f3c1320496937ae6ce197a262cd45b
[2025-01-30T16:08:41.241+0000] {subprocess.py:106} INFO - Build info: version: '4.28.1', revision: '73f5ad48a2'
[2025-01-30T16:08:41.242+0000] {subprocess.py:106} INFO - System info: os.name: 'Linux', os.arch: 'amd64', os.version: '5.15.153.1-microsoft-standard-WSL2', java.version: '17.0.13'
[2025-01-30T16:08:41.244+0000] {subprocess.py:106} INFO - Driver info: driver.version: unknown
[2025-01-30T16:08:41.245+0000] {subprocess.py:106} INFO - 	at org.openqa.selenium.grid.sessionmap.local.LocalSessionMap.get(LocalSessionMap.java:117)
[2025-01-30T16:08:41.247+0000] {subprocess.py:106} INFO - 	at org.openqa.selenium.grid.sessionmap.SessionMap.getUri(SessionMap.java:84)
[2025-01-30T16:08:41.248+0000] {subprocess.py:106} INFO - 	at org.openqa.selenium.grid.router.HandleSession.lambda$loadSessionId$4(HandleSession.java:225)
[2025-01-30T16:08:41.250+0000] {subprocess.py:106} INFO - 	at org.openqa.selenium.grid.router.HandleSession.execute(HandleSession.java:182)
[2025-01-30T16:08:41.251+0000] {subprocess.py:106} INFO - 	at org.openqa.selenium.remote.http.Route$PredicatedRoute.handle(Route.java:397)
[2025-01-30T16:08:41.252+0000] {subprocess.py:106} INFO - 	at org.openqa.selenium.remote.http.Route.execute(Route.java:69)
[2025-01-30T16:08:41.253+0000] {subprocess.py:106} INFO - 	at org.openqa.selenium.remote.http.Route$CombinedRoute.handle(Route.java:360)
[2025-01-30T16:08:41.255+0000] {subprocess.py:106} INFO - 	at org.openqa.selenium.remote.http.Route.execute(Route.java:69)
[2025-01-30T16:08:41.256+0000] {subprocess.py:106} INFO - 	at org.openqa.selenium.grid.router.Router.execute(Router.java:89)
[2025-01-30T16:08:41.257+0000] {subprocess.py:106} INFO - 	at org.openqa.selenium.grid.web.EnsureSpecCompliantResponseHeaders.lambda$apply$0(EnsureSpecCompliantResponseHeaders.java:34)
[2025-01-30T16:08:41.259+0000] {subprocess.py:106} INFO - 	at org.openqa.selenium.remote.http.Filter$1.execute(Filter.java:63)
[2025-01-30T16:08:41.260+0000] {subprocess.py:106} INFO - 	at org.openqa.selenium.remote.http.Route$CombinedRoute.handle(Route.java:360)
[2025-01-30T16:08:41.262+0000] {subprocess.py:106} INFO - 	at org.openqa.selenium.remote.http.Route.execute(Route.java:69)
[2025-01-30T16:08:41.264+0000] {subprocess.py:106} INFO - 	at org.openqa.selenium.remote.AddWebDriverSpecHeaders.lambda$apply$0(AddWebDriverSpecHeaders.java:35)
[2025-01-30T16:08:41.265+0000] {subprocess.py:106} INFO - 	at org.openqa.selenium.remote.ErrorFilter.lambda$apply$0(ErrorFilter.java:44)
[2025-01-30T16:08:41.267+0000] {subprocess.py:106} INFO - 	at org.openqa.selenium.remote.http.Filter$1.execute(Filter.java:63)
[2025-01-30T16:08:41.268+0000] {subprocess.py:106} INFO - 	at org.openqa.selenium.remote.ErrorFilter.lambda$apply$0(ErrorFilter.java:44)
[2025-01-30T16:08:41.269+0000] {subprocess.py:106} INFO - 	at org.openqa.selenium.remote.http.Filter$1.execute(Filter.java:63)
[2025-01-30T16:08:41.271+0000] {subprocess.py:106} INFO - 	at org.openqa.selenium.netty.server.SeleniumHandler.lambda$channelRead0$0(SeleniumHandler.java:49)
[2025-01-30T16:08:41.272+0000] {subprocess.py:106} INFO - 	at java.base/java.util.concurrent.Executors$RunnableAdapter.call(Executors.java:539)
[2025-01-30T16:08:41.274+0000] {subprocess.py:106} INFO - 	at java.base/java.util.concurrent.FutureTask.run(FutureTask.java:264)
[2025-01-30T16:08:41.278+0000] {subprocess.py:106} INFO - 	at java.base/java.util.concurrent.ThreadPoolExecutor.runWorker(ThreadPoolExecutor.java:1136)
[2025-01-30T16:08:41.283+0000] {subprocess.py:106} INFO - 	at java.base/java.util.concurrent.ThreadPoolExecutor$Worker.run(ThreadPoolExecutor.java:635)
[2025-01-30T16:08:41.285+0000] {subprocess.py:106} INFO - 	at java.base/java.lang.Thread.run(Thread.java:840)
[2025-01-30T16:08:41.286+0000] {subprocess.py:106} INFO - 
[2025-01-30T16:08:41.792+0000] {subprocess.py:110} INFO - Command exited with return code 1
[2025-01-30T16:08:41.851+0000] {taskinstance.py:3311} ERROR - Task failed with exception
Traceback (most recent call last):
  File "/home/airflow/.local/lib/python3.12/site-packages/airflow/models/taskinstance.py", line 767, in _execute_task
    result = _execute_callable(context=context, **execute_callable_kwargs)
             ^^^^^^^^^^^^^^^^^^^^^^^^^^^^^^^^^^^^^^^^^^^^^^^^^^^^^^^^^^^^^
  File "/home/airflow/.local/lib/python3.12/site-packages/airflow/models/taskinstance.py", line 733, in _execute_callable
    return ExecutionCallableRunner(
           ^^^^^^^^^^^^^^^^^^^^^^^^
  File "/home/airflow/.local/lib/python3.12/site-packages/airflow/utils/operator_helpers.py", line 252, in run
    return self.func(*args, **kwargs)
           ^^^^^^^^^^^^^^^^^^^^^^^^^^
  File "/home/airflow/.local/lib/python3.12/site-packages/airflow/models/baseoperator.py", line 422, in wrapper
    return func(self, *args, **kwargs)
           ^^^^^^^^^^^^^^^^^^^^^^^^^^^
  File "/home/airflow/.local/lib/python3.12/site-packages/airflow/operators/bash.py", line 276, in execute
    raise AirflowException(
airflow.exceptions.AirflowException: Bash command failed. The command returned a non-zero exit code 1.
[2025-01-30T16:08:41.876+0000] {taskinstance.py:1225} INFO - Marking task as FAILED. dag_id=etl_reporte_como_vamos, task_id=task_bot_como_vamos, run_id=manual__2025-01-30T15:58:50.241264+00:00, execution_date=20250130T155850, start_date=20250130T155853, end_date=20250130T160841
[2025-01-30T16:08:41.931+0000] {taskinstance.py:340} INFO - ::group::Post task execution logs
[2025-01-30T16:08:41.934+0000] {standard_task_runner.py:124} ERROR - Failed to execute job 21 for task task_bot_como_vamos (Bash command failed. The command returned a non-zero exit code 1.; 164)
Traceback (most recent call last):
  File "/home/airflow/.local/lib/python3.12/site-packages/airflow/task/task_runner/standard_task_runner.py", line 117, in _start_by_fork
    ret = args.func(args, dag=self.dag)
          ^^^^^^^^^^^^^^^^^^^^^^^^^^^^^
  File "/home/airflow/.local/lib/python3.12/site-packages/airflow/cli/cli_config.py", line 49, in command
    return func(*args, **kwargs)
           ^^^^^^^^^^^^^^^^^^^^^
  File "/home/airflow/.local/lib/python3.12/site-packages/airflow/utils/cli.py", line 116, in wrapper
    return f(*args, **kwargs)
           ^^^^^^^^^^^^^^^^^^
  File "/home/airflow/.local/lib/python3.12/site-packages/airflow/cli/commands/task_command.py", line 483, in task_run
    task_return_code = _run_task_by_selected_method(args, _dag, ti)
                       ^^^^^^^^^^^^^^^^^^^^^^^^^^^^^^^^^^^^^^^^^^^^
  File "/home/airflow/.local/lib/python3.12/site-packages/airflow/cli/commands/task_command.py", line 256, in _run_task_by_selected_method
    return _run_raw_task(args, ti)
           ^^^^^^^^^^^^^^^^^^^^^^^
  File "/home/airflow/.local/lib/python3.12/site-packages/airflow/cli/commands/task_command.py", line 341, in _run_raw_task
    return ti._run_raw_task(
           ^^^^^^^^^^^^^^^^^
  File "/home/airflow/.local/lib/python3.12/site-packages/airflow/utils/session.py", line 97, in wrapper
    return func(*args, session=session, **kwargs)
           ^^^^^^^^^^^^^^^^^^^^^^^^^^^^^^^^^^^^^^
  File "/home/airflow/.local/lib/python3.12/site-packages/airflow/models/taskinstance.py", line 3005, in _run_raw_task
    return _run_raw_task(
           ^^^^^^^^^^^^^^
  File "/home/airflow/.local/lib/python3.12/site-packages/airflow/models/taskinstance.py", line 273, in _run_raw_task
    TaskInstance._execute_task_with_callbacks(
  File "/home/airflow/.local/lib/python3.12/site-packages/airflow/models/taskinstance.py", line 3159, in _execute_task_with_callbacks
    result = self._execute_task(context, task_orig)
             ^^^^^^^^^^^^^^^^^^^^^^^^^^^^^^^^^^^^^^
  File "/home/airflow/.local/lib/python3.12/site-packages/airflow/models/taskinstance.py", line 3183, in _execute_task
    return _execute_task(self, context, task_orig)
           ^^^^^^^^^^^^^^^^^^^^^^^^^^^^^^^^^^^^^^^
  File "/home/airflow/.local/lib/python3.12/site-packages/airflow/models/taskinstance.py", line 767, in _execute_task
    result = _execute_callable(context=context, **execute_callable_kwargs)
             ^^^^^^^^^^^^^^^^^^^^^^^^^^^^^^^^^^^^^^^^^^^^^^^^^^^^^^^^^^^^^
  File "/home/airflow/.local/lib/python3.12/site-packages/airflow/models/taskinstance.py", line 733, in _execute_callable
    return ExecutionCallableRunner(
           ^^^^^^^^^^^^^^^^^^^^^^^^
  File "/home/airflow/.local/lib/python3.12/site-packages/airflow/utils/operator_helpers.py", line 252, in run
    return self.func(*args, **kwargs)
           ^^^^^^^^^^^^^^^^^^^^^^^^^^
  File "/home/airflow/.local/lib/python3.12/site-packages/airflow/models/baseoperator.py", line 422, in wrapper
    return func(self, *args, **kwargs)
           ^^^^^^^^^^^^^^^^^^^^^^^^^^^
  File "/home/airflow/.local/lib/python3.12/site-packages/airflow/operators/bash.py", line 276, in execute
    raise AirflowException(
airflow.exceptions.AirflowException: Bash command failed. The command returned a non-zero exit code 1.
[2025-01-30T16:08:42.015+0000] {local_task_job_runner.py:266} INFO - Task exited with return code 1
[2025-01-30T16:08:42.073+0000] {taskinstance.py:3895} INFO - 0 downstream tasks scheduled from follow-on schedule check
[2025-01-30T16:08:42.084+0000] {local_task_job_runner.py:245} INFO - ::endgroup::
