[2025-02-01T03:17:29.039+0000] {local_task_job_runner.py:123} INFO - ::group::Pre task execution logs
[2025-02-01T03:17:29.078+0000] {taskinstance.py:2613} INFO - Dependencies all met for dep_context=non-requeueable deps ti=<TaskInstance: etl_reporte_como_vamos.bot_ex_bbva manual__2025-02-01T03:17:26.847855+00:00 [queued]>
[2025-02-01T03:17:29.095+0000] {taskinstance.py:2613} INFO - Dependencies all met for dep_context=requeueable deps ti=<TaskInstance: etl_reporte_como_vamos.bot_ex_bbva manual__2025-02-01T03:17:26.847855+00:00 [queued]>
[2025-02-01T03:17:29.097+0000] {taskinstance.py:2866} INFO - Starting attempt 1 of 1
[2025-02-01T03:17:29.132+0000] {taskinstance.py:2889} INFO - Executing <Task(BashOperator): bot_ex_bbva> on 2025-02-01 03:17:26.847855+00:00
[2025-02-01T03:17:29.142+0000] {warnings.py:112} WARNING - /home/***/.local/lib/python3.12/site-packages/***/task/task_runner/standard_task_runner.py:70: DeprecationWarning: This process (pid=1739) is multi-threaded, use of fork() may lead to deadlocks in the child.
  pid = os.fork()

[2025-02-01T03:17:29.145+0000] {standard_task_runner.py:72} INFO - Started process 1740 to run task
[2025-02-01T03:17:29.146+0000] {standard_task_runner.py:104} INFO - Running: ['***', 'tasks', 'run', 'etl_reporte_como_vamos', 'bot_ex_bbva', 'manual__2025-02-01T03:17:26.847855+00:00', '--job-id', '68', '--raw', '--subdir', 'DAGS_FOLDER/etl_como_vamos_dag.py', '--cfg-path', '/tmp/tmp4ycr44wj']
[2025-02-01T03:17:29.148+0000] {standard_task_runner.py:105} INFO - Job 68: Subtask bot_ex_bbva
[2025-02-01T03:17:29.231+0000] {task_command.py:467} INFO - Running <TaskInstance: etl_reporte_como_vamos.bot_ex_bbva manual__2025-02-01T03:17:26.847855+00:00 [running]> on host 56024cb05cfe
[2025-02-01T03:17:29.401+0000] {taskinstance.py:3132} INFO - Exporting env vars: AIRFLOW_CTX_DAG_OWNER='***' AIRFLOW_CTX_DAG_ID='etl_reporte_como_vamos' AIRFLOW_CTX_TASK_ID='bot_ex_bbva' AIRFLOW_CTX_EXECUTION_DATE='2025-02-01T03:17:26.847855+00:00' AIRFLOW_CTX_TRY_NUMBER='1' AIRFLOW_CTX_DAG_RUN_ID='manual__2025-02-01T03:17:26.847855+00:00'
[2025-02-01T03:17:29.405+0000] {taskinstance.py:731} INFO - ::endgroup::
[2025-02-01T03:17:29.459+0000] {subprocess.py:78} INFO - Tmp dir root location: /tmp
[2025-02-01T03:17:29.463+0000] {subprocess.py:88} INFO - Running command: ['/usr/bin/bash', '-c', 'python /opt/***/scripts/bot_etl_ex_bbva.py']
[2025-02-01T03:17:29.482+0000] {subprocess.py:99} INFO - Output:
[2025-02-01T03:17:31.754+0000] {subprocess.py:106} INFO - 2025-02-01 03:17:31,754 - bot_etl_ex_bbva - INFO - Bot ETL Exito-BBVA started
[2025-02-01T03:17:32.711+0000] {subprocess.py:106} INFO - 2025-02-01 03:17:32,710 - bot_etl_ex_bbva - INFO - Conexi√≥n al Selenium Hub establecida correctamente
[2025-02-01T03:17:33.918+0000] {subprocess.py:106} INFO - 2025-02-01 03:17:33,918 - bot_etl_ex_bbva - INFO - Credentials input success
[2025-02-01T03:17:34.604+0000] {subprocess.py:106} INFO - 2025-02-01 03:17:34,603 - bot_etl_ex_bbva - INFO - Click in login button
[2025-02-01T03:17:44.701+0000] {subprocess.py:106} INFO - 2025-02-01 03:17:44,701 - bot_etl_ex_bbva - INFO - Loging success
[2025-02-01T03:17:48.785+0000] {subprocess.py:106} INFO - 2025-02-01 03:17:48,785 - bot_etl_ex_bbva - INFO - Input file succes
[2025-02-01T03:18:00.730+0000] {subprocess.py:106} INFO - 2025-02-01 03:18:00,729 - bot_etl_ex_bbva - INFO - Click in Cargar
[2025-02-01T03:18:30.869+0000] {subprocess.py:106} INFO - 2025-02-01 03:18:30,869 - bot_etl_ex_bbva - ERROR - Error Loading Cerrados.xlsx to ETL:
[2025-02-01T03:18:30.872+0000] {subprocess.py:106} INFO - ***Error type:*** TimeoutException
[2025-02-01T03:18:30.876+0000] {subprocess.py:106} INFO - ***Error message:*** Message:
[2025-02-01T03:18:30.877+0000] {subprocess.py:106} INFO - 
[2025-02-01T03:18:30.882+0000] {subprocess.py:106} INFO - ***Full Traceback:*** Traceback (most recent call last):
[2025-02-01T03:18:30.884+0000] {subprocess.py:106} INFO -   File "/opt/***/scripts/bot_etl_ex_bbva.py", line 115, in main
[2025-02-01T03:18:30.886+0000] {subprocess.py:106} INFO -     error_alert = WebDriverWait(driver, 10).until(EC.text_to_be_present_in_element((By.XPATH, "/html/body/div/main/div/div/div[4]/div/div[1]/a"), " Errores Conocidos "))
[2025-02-01T03:18:30.887+0000] {subprocess.py:106} INFO -                   ^^^^^^^^^^^^^^^^^^^^^^^^^^^^^^^^^^^^^^^^^^^^^^^^^^^^^^^^^^^^^^^^^^^^^^^^^^^^^^^^^^^^^^^^^^^^^^^^^^^^^^^^^^^^^^^^^^^^^^^^^^^^^^^^^^^^^^^^^^^^^^^^^^^^^^^
[2025-02-01T03:18:30.889+0000] {subprocess.py:106} INFO -   File "/home/***/.local/lib/python3.12/site-packages/selenium/webdriver/support/wait.py", line 146, in until
[2025-02-01T03:18:30.891+0000] {subprocess.py:106} INFO -     raise TimeoutException(message, screen, stacktrace)
[2025-02-01T03:18:30.893+0000] {subprocess.py:106} INFO - selenium.common.exceptions.TimeoutException: Message:
[2025-02-01T03:18:30.895+0000] {subprocess.py:106} INFO - 
[2025-02-01T03:18:30.916+0000] {subprocess.py:106} INFO - 
[2025-02-01T03:18:31.106+0000] {subprocess.py:106} INFO - 2025-02-01 03:18:31,105 - bot_etl_ex_bbva - INFO - bot_etl_ex_bbva finish execution
[2025-02-01T03:18:31.140+0000] {subprocess.py:106} INFO - Traceback (most recent call last):
[2025-02-01T03:18:31.148+0000] {subprocess.py:106} INFO -   File "/opt/***/scripts/bot_etl_ex_bbva.py", line 137, in <module>
[2025-02-01T03:18:31.175+0000] {subprocess.py:106} INFO -     main()
[2025-02-01T03:18:31.177+0000] {subprocess.py:106} INFO -   File "/opt/***/scripts/bot_etl_ex_bbva.py", line 132, in main
[2025-02-01T03:18:31.185+0000] {subprocess.py:106} INFO -     driver.quit()
[2025-02-01T03:18:31.188+0000] {subprocess.py:106} INFO -   File "/home/***/.local/lib/python3.12/site-packages/selenium/webdriver/remote/webdriver.py", line 589, in quit
[2025-02-01T03:18:31.189+0000] {subprocess.py:106} INFO -     self.execute(Command.QUIT)
[2025-02-01T03:18:31.191+0000] {subprocess.py:106} INFO -   File "/home/***/.local/lib/python3.12/site-packages/selenium/webdriver/remote/webdriver.py", line 429, in execute
[2025-02-01T03:18:31.193+0000] {subprocess.py:106} INFO -     self.error_handler.check_response(response)
[2025-02-01T03:18:31.195+0000] {subprocess.py:106} INFO -   File "/home/***/.local/lib/python3.12/site-packages/selenium/webdriver/remote/errorhandler.py", line 232, in check_response
[2025-02-01T03:18:31.197+0000] {subprocess.py:106} INFO -     raise exception_class(message, screen, stacktrace)
[2025-02-01T03:18:31.201+0000] {subprocess.py:106} INFO - selenium.common.exceptions.InvalidSessionIdException: Message: Unable to find session with ID: 167e51aefa9dea62710fc8f2429a0e04
[2025-02-01T03:18:31.204+0000] {subprocess.py:106} INFO - Build info: version: '4.28.1', revision: '73f5ad48a2'
[2025-02-01T03:18:31.208+0000] {subprocess.py:106} INFO - System info: os.name: 'Linux', os.arch: 'amd64', os.version: '5.15.153.1-microsoft-standard-WSL2', java.version: '17.0.13'
[2025-02-01T03:18:31.211+0000] {subprocess.py:106} INFO - Driver info: driver.version: unknown
[2025-02-01T03:18:31.223+0000] {subprocess.py:106} INFO - Stacktrace:
[2025-02-01T03:18:31.230+0000] {subprocess.py:106} INFO - org.openqa.selenium.NoSuchSessionException: Unable to find session with ID: 167e51aefa9dea62710fc8f2429a0e04
[2025-02-01T03:18:31.231+0000] {subprocess.py:106} INFO - Build info: version: '4.28.1', revision: '73f5ad48a2'
[2025-02-01T03:18:31.238+0000] {subprocess.py:106} INFO - System info: os.name: 'Linux', os.arch: 'amd64', os.version: '5.15.153.1-microsoft-standard-WSL2', java.version: '17.0.13'
[2025-02-01T03:18:31.245+0000] {subprocess.py:106} INFO - Driver info: driver.version: unknown
[2025-02-01T03:18:31.247+0000] {subprocess.py:106} INFO - 	at org.openqa.selenium.grid.sessionmap.local.LocalSessionMap.get(LocalSessionMap.java:117)
[2025-02-01T03:18:31.251+0000] {subprocess.py:106} INFO - 	at org.openqa.selenium.grid.sessionmap.SessionMap.getUri(SessionMap.java:84)
[2025-02-01T03:18:31.252+0000] {subprocess.py:106} INFO - 	at org.openqa.selenium.grid.router.HandleSession.lambda$loadSessionId$4(HandleSession.java:225)
[2025-02-01T03:18:31.254+0000] {subprocess.py:106} INFO - 	at org.openqa.selenium.grid.router.HandleSession.execute(HandleSession.java:182)
[2025-02-01T03:18:31.256+0000] {subprocess.py:106} INFO - 	at org.openqa.selenium.remote.http.Route$PredicatedRoute.handle(Route.java:397)
[2025-02-01T03:18:31.258+0000] {subprocess.py:106} INFO - 	at org.openqa.selenium.remote.http.Route.execute(Route.java:69)
[2025-02-01T03:18:31.260+0000] {subprocess.py:106} INFO - 	at org.openqa.selenium.remote.http.Route$CombinedRoute.handle(Route.java:360)
[2025-02-01T03:18:31.262+0000] {subprocess.py:106} INFO - 	at org.openqa.selenium.remote.http.Route.execute(Route.java:69)
[2025-02-01T03:18:31.265+0000] {subprocess.py:106} INFO - 	at org.openqa.selenium.grid.router.Router.execute(Router.java:89)
[2025-02-01T03:18:31.267+0000] {subprocess.py:106} INFO - 	at org.openqa.selenium.grid.web.EnsureSpecCompliantResponseHeaders.lambda$apply$0(EnsureSpecCompliantResponseHeaders.java:34)
[2025-02-01T03:18:31.272+0000] {subprocess.py:106} INFO - 	at org.openqa.selenium.remote.http.Filter$1.execute(Filter.java:63)
[2025-02-01T03:18:31.275+0000] {subprocess.py:106} INFO - 	at org.openqa.selenium.remote.http.Route$CombinedRoute.handle(Route.java:360)
[2025-02-01T03:18:31.277+0000] {subprocess.py:106} INFO - 	at org.openqa.selenium.remote.http.Route.execute(Route.java:69)
[2025-02-01T03:18:31.279+0000] {subprocess.py:106} INFO - 	at org.openqa.selenium.remote.AddWebDriverSpecHeaders.lambda$apply$0(AddWebDriverSpecHeaders.java:35)
[2025-02-01T03:18:31.280+0000] {subprocess.py:106} INFO - 	at org.openqa.selenium.remote.ErrorFilter.lambda$apply$0(ErrorFilter.java:44)
[2025-02-01T03:18:31.282+0000] {subprocess.py:106} INFO - 	at org.openqa.selenium.remote.http.Filter$1.execute(Filter.java:63)
[2025-02-01T03:18:31.284+0000] {subprocess.py:106} INFO - 	at org.openqa.selenium.remote.ErrorFilter.lambda$apply$0(ErrorFilter.java:44)
[2025-02-01T03:18:31.285+0000] {subprocess.py:106} INFO - 	at org.openqa.selenium.remote.http.Filter$1.execute(Filter.java:63)
[2025-02-01T03:18:31.287+0000] {subprocess.py:106} INFO - 	at org.openqa.selenium.netty.server.SeleniumHandler.lambda$channelRead0$0(SeleniumHandler.java:49)
[2025-02-01T03:18:31.288+0000] {subprocess.py:106} INFO - 	at java.base/java.util.concurrent.Executors$RunnableAdapter.call(Executors.java:539)
[2025-02-01T03:18:31.290+0000] {subprocess.py:106} INFO - 	at java.base/java.util.concurrent.FutureTask.run(FutureTask.java:264)
[2025-02-01T03:18:31.291+0000] {subprocess.py:106} INFO - 	at java.base/java.util.concurrent.ThreadPoolExecutor.runWorker(ThreadPoolExecutor.java:1136)
[2025-02-01T03:18:31.293+0000] {subprocess.py:106} INFO - 	at java.base/java.util.concurrent.ThreadPoolExecutor$Worker.run(ThreadPoolExecutor.java:635)
[2025-02-01T03:18:31.295+0000] {subprocess.py:106} INFO - 	at java.base/java.lang.Thread.run(Thread.java:840)
[2025-02-01T03:18:31.297+0000] {subprocess.py:106} INFO - 
[2025-02-01T03:18:31.394+0000] {subprocess.py:110} INFO - Command exited with return code 1
[2025-02-01T03:18:31.452+0000] {taskinstance.py:3311} ERROR - Task failed with exception
Traceback (most recent call last):
  File "/home/airflow/.local/lib/python3.12/site-packages/airflow/models/taskinstance.py", line 767, in _execute_task
    result = _execute_callable(context=context, **execute_callable_kwargs)
             ^^^^^^^^^^^^^^^^^^^^^^^^^^^^^^^^^^^^^^^^^^^^^^^^^^^^^^^^^^^^^
  File "/home/airflow/.local/lib/python3.12/site-packages/airflow/models/taskinstance.py", line 733, in _execute_callable
    return ExecutionCallableRunner(
           ^^^^^^^^^^^^^^^^^^^^^^^^
  File "/home/airflow/.local/lib/python3.12/site-packages/airflow/utils/operator_helpers.py", line 252, in run
    return self.func(*args, **kwargs)
           ^^^^^^^^^^^^^^^^^^^^^^^^^^
  File "/home/airflow/.local/lib/python3.12/site-packages/airflow/models/baseoperator.py", line 422, in wrapper
    return func(self, *args, **kwargs)
           ^^^^^^^^^^^^^^^^^^^^^^^^^^^
  File "/home/airflow/.local/lib/python3.12/site-packages/airflow/operators/bash.py", line 276, in execute
    raise AirflowException(
airflow.exceptions.AirflowException: Bash command failed. The command returned a non-zero exit code 1.
[2025-02-01T03:18:31.478+0000] {taskinstance.py:1225} INFO - Marking task as FAILED. dag_id=etl_reporte_como_vamos, task_id=bot_ex_bbva, run_id=manual__2025-02-01T03:17:26.847855+00:00, execution_date=20250201T031726, start_date=20250201T031729, end_date=20250201T031831
[2025-02-01T03:18:31.538+0000] {taskinstance.py:340} INFO - ::group::Post task execution logs
[2025-02-01T03:18:31.545+0000] {standard_task_runner.py:124} ERROR - Failed to execute job 68 for task bot_ex_bbva (Bash command failed. The command returned a non-zero exit code 1.; 1740)
Traceback (most recent call last):
  File "/home/airflow/.local/lib/python3.12/site-packages/airflow/task/task_runner/standard_task_runner.py", line 117, in _start_by_fork
    ret = args.func(args, dag=self.dag)
          ^^^^^^^^^^^^^^^^^^^^^^^^^^^^^
  File "/home/airflow/.local/lib/python3.12/site-packages/airflow/cli/cli_config.py", line 49, in command
    return func(*args, **kwargs)
           ^^^^^^^^^^^^^^^^^^^^^
  File "/home/airflow/.local/lib/python3.12/site-packages/airflow/utils/cli.py", line 116, in wrapper
    return f(*args, **kwargs)
           ^^^^^^^^^^^^^^^^^^
  File "/home/airflow/.local/lib/python3.12/site-packages/airflow/cli/commands/task_command.py", line 483, in task_run
    task_return_code = _run_task_by_selected_method(args, _dag, ti)
                       ^^^^^^^^^^^^^^^^^^^^^^^^^^^^^^^^^^^^^^^^^^^^
  File "/home/airflow/.local/lib/python3.12/site-packages/airflow/cli/commands/task_command.py", line 256, in _run_task_by_selected_method
    return _run_raw_task(args, ti)
           ^^^^^^^^^^^^^^^^^^^^^^^
  File "/home/airflow/.local/lib/python3.12/site-packages/airflow/cli/commands/task_command.py", line 341, in _run_raw_task
    return ti._run_raw_task(
           ^^^^^^^^^^^^^^^^^
  File "/home/airflow/.local/lib/python3.12/site-packages/airflow/utils/session.py", line 97, in wrapper
    return func(*args, session=session, **kwargs)
           ^^^^^^^^^^^^^^^^^^^^^^^^^^^^^^^^^^^^^^
  File "/home/airflow/.local/lib/python3.12/site-packages/airflow/models/taskinstance.py", line 3005, in _run_raw_task
    return _run_raw_task(
           ^^^^^^^^^^^^^^
  File "/home/airflow/.local/lib/python3.12/site-packages/airflow/models/taskinstance.py", line 273, in _run_raw_task
    TaskInstance._execute_task_with_callbacks(
  File "/home/airflow/.local/lib/python3.12/site-packages/airflow/models/taskinstance.py", line 3159, in _execute_task_with_callbacks
    result = self._execute_task(context, task_orig)
             ^^^^^^^^^^^^^^^^^^^^^^^^^^^^^^^^^^^^^^
  File "/home/airflow/.local/lib/python3.12/site-packages/airflow/models/taskinstance.py", line 3183, in _execute_task
    return _execute_task(self, context, task_orig)
           ^^^^^^^^^^^^^^^^^^^^^^^^^^^^^^^^^^^^^^^
  File "/home/airflow/.local/lib/python3.12/site-packages/airflow/models/taskinstance.py", line 767, in _execute_task
    result = _execute_callable(context=context, **execute_callable_kwargs)
             ^^^^^^^^^^^^^^^^^^^^^^^^^^^^^^^^^^^^^^^^^^^^^^^^^^^^^^^^^^^^^
  File "/home/airflow/.local/lib/python3.12/site-packages/airflow/models/taskinstance.py", line 733, in _execute_callable
    return ExecutionCallableRunner(
           ^^^^^^^^^^^^^^^^^^^^^^^^
  File "/home/airflow/.local/lib/python3.12/site-packages/airflow/utils/operator_helpers.py", line 252, in run
    return self.func(*args, **kwargs)
           ^^^^^^^^^^^^^^^^^^^^^^^^^^
  File "/home/airflow/.local/lib/python3.12/site-packages/airflow/models/baseoperator.py", line 422, in wrapper
    return func(self, *args, **kwargs)
           ^^^^^^^^^^^^^^^^^^^^^^^^^^^
  File "/home/airflow/.local/lib/python3.12/site-packages/airflow/operators/bash.py", line 276, in execute
    raise AirflowException(
airflow.exceptions.AirflowException: Bash command failed. The command returned a non-zero exit code 1.
[2025-02-01T03:18:31.601+0000] {local_task_job_runner.py:266} INFO - Task exited with return code 1
[2025-02-01T03:18:31.655+0000] {taskinstance.py:3895} INFO - 0 downstream tasks scheduled from follow-on schedule check
[2025-02-01T03:18:31.661+0000] {local_task_job_runner.py:245} INFO - ::endgroup::
