[2025-01-30T16:12:16.529+0000] {local_task_job_runner.py:123} INFO - ::group::Pre task execution logs
[2025-01-30T16:12:16.568+0000] {taskinstance.py:2613} INFO - Dependencies all met for dep_context=non-requeueable deps ti=<TaskInstance: etl_reporte_como_vamos.task_bot_como_vamos manual__2025-01-30T16:12:12.945089+00:00 [queued]>
[2025-01-30T16:12:16.595+0000] {taskinstance.py:2613} INFO - Dependencies all met for dep_context=requeueable deps ti=<TaskInstance: etl_reporte_como_vamos.task_bot_como_vamos manual__2025-01-30T16:12:12.945089+00:00 [queued]>
[2025-01-30T16:12:16.597+0000] {taskinstance.py:2866} INFO - Starting attempt 1 of 1
[2025-01-30T16:12:16.639+0000] {taskinstance.py:2889} INFO - Executing <Task(BashOperator): task_bot_como_vamos> on 2025-01-30 16:12:12.945089+00:00
[2025-01-30T16:12:16.651+0000] {warnings.py:112} WARNING - /home/***/.local/lib/python3.12/site-packages/***/task/task_runner/standard_task_runner.py:70: DeprecationWarning: This process (pid=327) is multi-threaded, use of fork() may lead to deadlocks in the child.
  pid = os.fork()

[2025-01-30T16:12:16.658+0000] {standard_task_runner.py:72} INFO - Started process 328 to run task
[2025-01-30T16:12:16.657+0000] {standard_task_runner.py:104} INFO - Running: ['***', 'tasks', 'run', 'etl_reporte_como_vamos', 'task_bot_como_vamos', 'manual__2025-01-30T16:12:12.945089+00:00', '--job-id', '22', '--raw', '--subdir', 'DAGS_FOLDER/etl_como_vamos_dag.py', '--cfg-path', '/tmp/tmp8ypxyaxr']
[2025-01-30T16:12:16.660+0000] {standard_task_runner.py:105} INFO - Job 22: Subtask task_bot_como_vamos
[2025-01-30T16:12:16.811+0000] {task_command.py:467} INFO - Running <TaskInstance: etl_reporte_como_vamos.task_bot_como_vamos manual__2025-01-30T16:12:12.945089+00:00 [running]> on host f34597614f96
[2025-01-30T16:12:17.103+0000] {taskinstance.py:3132} INFO - Exporting env vars: AIRFLOW_CTX_DAG_OWNER='***' AIRFLOW_CTX_DAG_ID='etl_reporte_como_vamos' AIRFLOW_CTX_TASK_ID='task_bot_como_vamos' AIRFLOW_CTX_EXECUTION_DATE='2025-01-30T16:12:12.945089+00:00' AIRFLOW_CTX_TRY_NUMBER='1' AIRFLOW_CTX_DAG_RUN_ID='manual__2025-01-30T16:12:12.945089+00:00'
[2025-01-30T16:12:17.106+0000] {taskinstance.py:731} INFO - ::endgroup::
[2025-01-30T16:12:17.170+0000] {subprocess.py:78} INFO - Tmp dir root location: /tmp
[2025-01-30T16:12:17.175+0000] {subprocess.py:88} INFO - Running command: ['/usr/bin/bash', '-c', 'python /opt/***/scripts/bot_reporte_como_vamos.py']
[2025-01-30T16:12:17.200+0000] {subprocess.py:99} INFO - Output:
[2025-01-30T16:12:21.800+0000] {subprocess.py:106} INFO - ic| start_date: '01/01/2025', end_date: '30/01/2025'
[2025-01-30T16:12:21.802+0000] {subprocess.py:106} INFO - 2025-01-30 16:12:21,800 - bot_como_vamos - INFO - Starting script bot_como_vamos.py
[2025-01-30T16:12:23.461+0000] {subprocess.py:106} INFO - 2025-01-30 16:12:23,460 - bot_como_vamos - INFO - ConexiÃ³n al Selenium Hub establecida correctamente
[2025-01-30T16:12:57.710+0000] {subprocess.py:106} INFO - ic| login_success: <selenium.webdriver.remote.webelement.WebElement (session="2acc60d3d4ea753bd2d64c13f2a0f2bf", element="f.019E917DF72C376332CB903AEC14BE39.d.9B92429F6DBF1658A9ABAE3107F32EF8.e.78")>
[2025-01-30T16:12:57.711+0000] {subprocess.py:106} INFO - 2025-01-30 16:12:57,710 - bot_como_vamos - INFO - Loging success
[2025-01-30T16:13:07.830+0000] {subprocess.py:106} INFO - 2025-01-30 16:13:07,830 - bot_como_vamos - INFO - Click in menu button successfully
[2025-01-30T16:13:18.203+0000] {subprocess.py:106} INFO - 2025-01-30 16:13:18,202 - bot_como_vamos - INFO - Input dates successfully
[2025-01-30T16:13:28.363+0000] {subprocess.py:106} INFO - 2025-01-30 16:13:28,363 - bot_como_vamos - INFO - Click in 'Empresas Y Negocios' successfully
[2025-01-30T16:16:38.901+0000] {subprocess.py:106} INFO - 2025-01-30 16:16:38,901 - bot_como_vamos - INFO - Click in 'Como Vamos' successfully
[2025-01-30T16:16:38.903+0000] {subprocess.py:106} INFO - 2025-01-30 16:16:38,901 - bot_como_vamos - INFO - Waiting for download file...............
[2025-01-30T16:17:29.111+0000] {subprocess.py:106} INFO - ic| file: 'Unconfirmed 723586.crdownload'
[2025-01-30T16:17:34.133+0000] {subprocess.py:106} INFO - ic| file: 'Reporte como_vamos.xlsx'
[2025-01-30T16:20:43.726+0000] {subprocess.py:106} INFO - 2025-01-30 16:20:43,725 - bot_como_vamos - INFO - Download Reporte como_vamos succesfully, Columns:116, size:247.20MB
[2025-01-30T16:20:43.732+0000] {subprocess.py:106} INFO - âœ… Descarga del reporte como_vamos exitosa âœ…
[2025-01-30T16:20:43.734+0000] {subprocess.py:106} INFO - 
[2025-01-30T16:20:43.735+0000] {subprocess.py:106} INFO - ðŸŽ¯ Resultado de la operacionðŸŽ¯:
[2025-01-30T16:20:43.737+0000] {subprocess.py:106} INFO -  Columnas:116
[2025-01-30T16:20:43.738+0000] {subprocess.py:106} INFO - TamaÃ±o del archivo:247.20MB
[2025-01-30T16:20:43.740+0000] {subprocess.py:106} INFO - Traceback (most recent call last):
[2025-01-30T16:20:43.741+0000] {subprocess.py:106} INFO -   File "/opt/***/scripts/bot_reporte_como_vamos.py", line 166, in <module>
[2025-01-30T16:20:43.744+0000] {subprocess.py:106} INFO -     main()
[2025-01-30T16:20:43.746+0000] {subprocess.py:106} INFO -   File "/opt/***/scripts/bot_reporte_como_vamos.py", line 156, in main
[2025-01-30T16:20:43.756+0000] {subprocess.py:106} INFO -     driver.quit()
[2025-01-30T16:20:43.758+0000] {subprocess.py:106} INFO -   File "/home/***/.local/lib/python3.12/site-packages/selenium/webdriver/remote/webdriver.py", line 589, in quit
[2025-01-30T16:20:43.760+0000] {subprocess.py:106} INFO -     self.execute(Command.QUIT)
[2025-01-30T16:20:43.761+0000] {subprocess.py:106} INFO -   File "/home/***/.local/lib/python3.12/site-packages/selenium/webdriver/remote/webdriver.py", line 429, in execute
[2025-01-30T16:20:43.763+0000] {subprocess.py:106} INFO -     self.error_handler.check_response(response)
[2025-01-30T16:20:43.765+0000] {subprocess.py:106} INFO -   File "/home/***/.local/lib/python3.12/site-packages/selenium/webdriver/remote/errorhandler.py", line 232, in check_response
[2025-01-30T16:20:43.767+0000] {subprocess.py:106} INFO -     raise exception_class(message, screen, stacktrace)
[2025-01-30T16:20:43.768+0000] {subprocess.py:106} INFO - selenium.common.exceptions.InvalidSessionIdException: Message: Unable to find session with ID: 2acc60d3d4ea753bd2d64c13f2a0f2bf
[2025-01-30T16:20:43.770+0000] {subprocess.py:106} INFO - Build info: version: '4.28.1', revision: '73f5ad48a2'
[2025-01-30T16:20:43.771+0000] {subprocess.py:106} INFO - System info: os.name: 'Linux', os.arch: 'amd64', os.version: '5.15.153.1-microsoft-standard-WSL2', java.version: '17.0.13'
[2025-01-30T16:20:43.773+0000] {subprocess.py:106} INFO - Driver info: driver.version: unknown
[2025-01-30T16:20:43.774+0000] {subprocess.py:106} INFO - Stacktrace:
[2025-01-30T16:20:43.776+0000] {subprocess.py:106} INFO - org.openqa.selenium.NoSuchSessionException: Unable to find session with ID: 2acc60d3d4ea753bd2d64c13f2a0f2bf
[2025-01-30T16:20:43.777+0000] {subprocess.py:106} INFO - Build info: version: '4.28.1', revision: '73f5ad48a2'
[2025-01-30T16:20:43.778+0000] {subprocess.py:106} INFO - System info: os.name: 'Linux', os.arch: 'amd64', os.version: '5.15.153.1-microsoft-standard-WSL2', java.version: '17.0.13'
[2025-01-30T16:20:43.780+0000] {subprocess.py:106} INFO - Driver info: driver.version: unknown
[2025-01-30T16:20:43.781+0000] {subprocess.py:106} INFO - 	at org.openqa.selenium.grid.sessionmap.local.LocalSessionMap.get(LocalSessionMap.java:117)
[2025-01-30T16:20:43.783+0000] {subprocess.py:106} INFO - 	at org.openqa.selenium.grid.sessionmap.SessionMap.getUri(SessionMap.java:84)
[2025-01-30T16:20:43.785+0000] {subprocess.py:106} INFO - 	at org.openqa.selenium.grid.router.HandleSession.lambda$loadSessionId$4(HandleSession.java:225)
[2025-01-30T16:20:43.787+0000] {subprocess.py:106} INFO - 	at org.openqa.selenium.grid.router.HandleSession.execute(HandleSession.java:182)
[2025-01-30T16:20:43.788+0000] {subprocess.py:106} INFO - 	at org.openqa.selenium.remote.http.Route$PredicatedRoute.handle(Route.java:397)
[2025-01-30T16:20:43.790+0000] {subprocess.py:106} INFO - 	at org.openqa.selenium.remote.http.Route.execute(Route.java:69)
[2025-01-30T16:20:43.791+0000] {subprocess.py:106} INFO - 	at org.openqa.selenium.remote.http.Route$CombinedRoute.handle(Route.java:360)
[2025-01-30T16:20:43.793+0000] {subprocess.py:106} INFO - 	at org.openqa.selenium.remote.http.Route.execute(Route.java:69)
[2025-01-30T16:20:43.795+0000] {subprocess.py:106} INFO - 	at org.openqa.selenium.grid.router.Router.execute(Router.java:89)
[2025-01-30T16:20:43.796+0000] {subprocess.py:106} INFO - 	at org.openqa.selenium.grid.web.EnsureSpecCompliantResponseHeaders.lambda$apply$0(EnsureSpecCompliantResponseHeaders.java:34)
[2025-01-30T16:20:43.797+0000] {subprocess.py:106} INFO - 	at org.openqa.selenium.remote.http.Filter$1.execute(Filter.java:63)
[2025-01-30T16:20:43.798+0000] {subprocess.py:106} INFO - 	at org.openqa.selenium.remote.http.Route$CombinedRoute.handle(Route.java:360)
[2025-01-30T16:20:43.800+0000] {subprocess.py:106} INFO - 	at org.openqa.selenium.remote.http.Route.execute(Route.java:69)
[2025-01-30T16:20:43.801+0000] {subprocess.py:106} INFO - 	at org.openqa.selenium.remote.AddWebDriverSpecHeaders.lambda$apply$0(AddWebDriverSpecHeaders.java:35)
[2025-01-30T16:20:43.802+0000] {subprocess.py:106} INFO - 	at org.openqa.selenium.remote.ErrorFilter.lambda$apply$0(ErrorFilter.java:44)
[2025-01-30T16:20:43.804+0000] {subprocess.py:106} INFO - 	at org.openqa.selenium.remote.http.Filter$1.execute(Filter.java:63)
[2025-01-30T16:20:43.805+0000] {subprocess.py:106} INFO - 	at org.openqa.selenium.remote.ErrorFilter.lambda$apply$0(ErrorFilter.java:44)
[2025-01-30T16:20:43.807+0000] {subprocess.py:106} INFO - 	at org.openqa.selenium.remote.http.Filter$1.execute(Filter.java:63)
[2025-01-30T16:20:43.808+0000] {subprocess.py:106} INFO - 	at org.openqa.selenium.netty.server.SeleniumHandler.lambda$channelRead0$0(SeleniumHandler.java:49)
[2025-01-30T16:20:43.809+0000] {subprocess.py:106} INFO - 	at java.base/java.util.concurrent.Executors$RunnableAdapter.call(Executors.java:539)
[2025-01-30T16:20:43.810+0000] {subprocess.py:106} INFO - 	at java.base/java.util.concurrent.FutureTask.run(FutureTask.java:264)
[2025-01-30T16:20:43.812+0000] {subprocess.py:106} INFO - 	at java.base/java.util.concurrent.ThreadPoolExecutor.runWorker(ThreadPoolExecutor.java:1136)
[2025-01-30T16:20:43.813+0000] {subprocess.py:106} INFO - 	at java.base/java.util.concurrent.ThreadPoolExecutor$Worker.run(ThreadPoolExecutor.java:635)
[2025-01-30T16:20:43.814+0000] {subprocess.py:106} INFO - 	at java.base/java.lang.Thread.run(Thread.java:840)
[2025-01-30T16:20:43.815+0000] {subprocess.py:106} INFO - 
[2025-01-30T16:20:44.249+0000] {subprocess.py:110} INFO - Command exited with return code 1
[2025-01-30T16:20:44.283+0000] {taskinstance.py:3311} ERROR - Task failed with exception
Traceback (most recent call last):
  File "/home/airflow/.local/lib/python3.12/site-packages/airflow/models/taskinstance.py", line 767, in _execute_task
    result = _execute_callable(context=context, **execute_callable_kwargs)
             ^^^^^^^^^^^^^^^^^^^^^^^^^^^^^^^^^^^^^^^^^^^^^^^^^^^^^^^^^^^^^
  File "/home/airflow/.local/lib/python3.12/site-packages/airflow/models/taskinstance.py", line 733, in _execute_callable
    return ExecutionCallableRunner(
           ^^^^^^^^^^^^^^^^^^^^^^^^
  File "/home/airflow/.local/lib/python3.12/site-packages/airflow/utils/operator_helpers.py", line 252, in run
    return self.func(*args, **kwargs)
           ^^^^^^^^^^^^^^^^^^^^^^^^^^
  File "/home/airflow/.local/lib/python3.12/site-packages/airflow/models/baseoperator.py", line 422, in wrapper
    return func(self, *args, **kwargs)
           ^^^^^^^^^^^^^^^^^^^^^^^^^^^
  File "/home/airflow/.local/lib/python3.12/site-packages/airflow/operators/bash.py", line 276, in execute
    raise AirflowException(
airflow.exceptions.AirflowException: Bash command failed. The command returned a non-zero exit code 1.
[2025-01-30T16:20:44.299+0000] {taskinstance.py:1225} INFO - Marking task as FAILED. dag_id=etl_reporte_como_vamos, task_id=task_bot_como_vamos, run_id=manual__2025-01-30T16:12:12.945089+00:00, execution_date=20250130T161212, start_date=20250130T161216, end_date=20250130T162044
[2025-01-30T16:20:44.355+0000] {taskinstance.py:340} INFO - ::group::Post task execution logs
[2025-01-30T16:20:44.357+0000] {standard_task_runner.py:124} ERROR - Failed to execute job 22 for task task_bot_como_vamos (Bash command failed. The command returned a non-zero exit code 1.; 328)
Traceback (most recent call last):
  File "/home/airflow/.local/lib/python3.12/site-packages/airflow/task/task_runner/standard_task_runner.py", line 117, in _start_by_fork
    ret = args.func(args, dag=self.dag)
          ^^^^^^^^^^^^^^^^^^^^^^^^^^^^^
  File "/home/airflow/.local/lib/python3.12/site-packages/airflow/cli/cli_config.py", line 49, in command
    return func(*args, **kwargs)
           ^^^^^^^^^^^^^^^^^^^^^
  File "/home/airflow/.local/lib/python3.12/site-packages/airflow/utils/cli.py", line 116, in wrapper
    return f(*args, **kwargs)
           ^^^^^^^^^^^^^^^^^^
  File "/home/airflow/.local/lib/python3.12/site-packages/airflow/cli/commands/task_command.py", line 483, in task_run
    task_return_code = _run_task_by_selected_method(args, _dag, ti)
                       ^^^^^^^^^^^^^^^^^^^^^^^^^^^^^^^^^^^^^^^^^^^^
  File "/home/airflow/.local/lib/python3.12/site-packages/airflow/cli/commands/task_command.py", line 256, in _run_task_by_selected_method
    return _run_raw_task(args, ti)
           ^^^^^^^^^^^^^^^^^^^^^^^
  File "/home/airflow/.local/lib/python3.12/site-packages/airflow/cli/commands/task_command.py", line 341, in _run_raw_task
    return ti._run_raw_task(
           ^^^^^^^^^^^^^^^^^
  File "/home/airflow/.local/lib/python3.12/site-packages/airflow/utils/session.py", line 97, in wrapper
    return func(*args, session=session, **kwargs)
           ^^^^^^^^^^^^^^^^^^^^^^^^^^^^^^^^^^^^^^
  File "/home/airflow/.local/lib/python3.12/site-packages/airflow/models/taskinstance.py", line 3005, in _run_raw_task
    return _run_raw_task(
           ^^^^^^^^^^^^^^
  File "/home/airflow/.local/lib/python3.12/site-packages/airflow/models/taskinstance.py", line 273, in _run_raw_task
    TaskInstance._execute_task_with_callbacks(
  File "/home/airflow/.local/lib/python3.12/site-packages/airflow/models/taskinstance.py", line 3159, in _execute_task_with_callbacks
    result = self._execute_task(context, task_orig)
             ^^^^^^^^^^^^^^^^^^^^^^^^^^^^^^^^^^^^^^
  File "/home/airflow/.local/lib/python3.12/site-packages/airflow/models/taskinstance.py", line 3183, in _execute_task
    return _execute_task(self, context, task_orig)
           ^^^^^^^^^^^^^^^^^^^^^^^^^^^^^^^^^^^^^^^
  File "/home/airflow/.local/lib/python3.12/site-packages/airflow/models/taskinstance.py", line 767, in _execute_task
    result = _execute_callable(context=context, **execute_callable_kwargs)
             ^^^^^^^^^^^^^^^^^^^^^^^^^^^^^^^^^^^^^^^^^^^^^^^^^^^^^^^^^^^^^
  File "/home/airflow/.local/lib/python3.12/site-packages/airflow/models/taskinstance.py", line 733, in _execute_callable
    return ExecutionCallableRunner(
           ^^^^^^^^^^^^^^^^^^^^^^^^
  File "/home/airflow/.local/lib/python3.12/site-packages/airflow/utils/operator_helpers.py", line 252, in run
    return self.func(*args, **kwargs)
           ^^^^^^^^^^^^^^^^^^^^^^^^^^
  File "/home/airflow/.local/lib/python3.12/site-packages/airflow/models/baseoperator.py", line 422, in wrapper
    return func(self, *args, **kwargs)
           ^^^^^^^^^^^^^^^^^^^^^^^^^^^
  File "/home/airflow/.local/lib/python3.12/site-packages/airflow/operators/bash.py", line 276, in execute
    raise AirflowException(
airflow.exceptions.AirflowException: Bash command failed. The command returned a non-zero exit code 1.
[2025-01-30T16:20:44.424+0000] {local_task_job_runner.py:266} INFO - Task exited with return code 1
[2025-01-30T16:20:44.489+0000] {taskinstance.py:3895} INFO - 0 downstream tasks scheduled from follow-on schedule check
[2025-01-30T16:20:44.502+0000] {local_task_job_runner.py:245} INFO - ::endgroup::
