[2025-02-01T03:06:39.287+0000] {local_task_job_runner.py:123} INFO - ::group::Pre task execution logs
[2025-02-01T03:06:39.344+0000] {taskinstance.py:2613} INFO - Dependencies all met for dep_context=non-requeueable deps ti=<TaskInstance: etl_reporte_como_vamos.bot_ex_bbva manual__2025-02-01T03:06:35.415096+00:00 [queued]>
[2025-02-01T03:06:39.366+0000] {taskinstance.py:2613} INFO - Dependencies all met for dep_context=requeueable deps ti=<TaskInstance: etl_reporte_como_vamos.bot_ex_bbva manual__2025-02-01T03:06:35.415096+00:00 [queued]>
[2025-02-01T03:06:39.368+0000] {taskinstance.py:2866} INFO - Starting attempt 1 of 1
[2025-02-01T03:06:39.415+0000] {taskinstance.py:2889} INFO - Executing <Task(BashOperator): bot_ex_bbva> on 2025-02-01 03:06:35.415096+00:00
[2025-02-01T03:06:39.430+0000] {warnings.py:112} WARNING - /home/***/.local/lib/python3.12/site-packages/***/task/task_runner/standard_task_runner.py:70: DeprecationWarning: This process (pid=1608) is multi-threaded, use of fork() may lead to deadlocks in the child.
  pid = os.fork()

[2025-02-01T03:06:39.435+0000] {standard_task_runner.py:72} INFO - Started process 1610 to run task
[2025-02-01T03:06:39.434+0000] {standard_task_runner.py:104} INFO - Running: ['***', 'tasks', 'run', 'etl_reporte_como_vamos', 'bot_ex_bbva', 'manual__2025-02-01T03:06:35.415096+00:00', '--job-id', '67', '--raw', '--subdir', 'DAGS_FOLDER/etl_como_vamos_dag.py', '--cfg-path', '/tmp/tmpwasbgmk1']
[2025-02-01T03:06:39.437+0000] {standard_task_runner.py:105} INFO - Job 67: Subtask bot_ex_bbva
[2025-02-01T03:06:39.580+0000] {task_command.py:467} INFO - Running <TaskInstance: etl_reporte_como_vamos.bot_ex_bbva manual__2025-02-01T03:06:35.415096+00:00 [running]> on host 56024cb05cfe
[2025-02-01T03:06:39.851+0000] {taskinstance.py:3132} INFO - Exporting env vars: AIRFLOW_CTX_DAG_OWNER='***' AIRFLOW_CTX_DAG_ID='etl_reporte_como_vamos' AIRFLOW_CTX_TASK_ID='bot_ex_bbva' AIRFLOW_CTX_EXECUTION_DATE='2025-02-01T03:06:35.415096+00:00' AIRFLOW_CTX_TRY_NUMBER='1' AIRFLOW_CTX_DAG_RUN_ID='manual__2025-02-01T03:06:35.415096+00:00'
[2025-02-01T03:06:39.855+0000] {taskinstance.py:731} INFO - ::endgroup::
[2025-02-01T03:06:39.937+0000] {subprocess.py:78} INFO - Tmp dir root location: /tmp
[2025-02-01T03:06:39.942+0000] {subprocess.py:88} INFO - Running command: ['/usr/bin/bash', '-c', 'python /opt/***/scripts/bot_etl_ex_bbva.py']
[2025-02-01T03:06:39.973+0000] {subprocess.py:99} INFO - Output:
[2025-02-01T03:06:42.185+0000] {subprocess.py:106} INFO - 2025-02-01 03:06:42,185 - bot_etl_ex_bbva - INFO - Bot ETL Exito-BBVA started
[2025-02-01T03:06:43.955+0000] {subprocess.py:106} INFO - 2025-02-01 03:06:43,954 - bot_etl_ex_bbva - INFO - Conexi√≥n al Selenium Hub establecida correctamente
[2025-02-01T03:06:45.264+0000] {subprocess.py:106} INFO - 2025-02-01 03:06:45,263 - bot_etl_ex_bbva - INFO - Credentials input success
[2025-02-01T03:06:45.935+0000] {subprocess.py:106} INFO - 2025-02-01 03:06:45,934 - bot_etl_ex_bbva - INFO - Click in login button
[2025-02-01T03:06:55.997+0000] {subprocess.py:106} INFO - 2025-02-01 03:06:55,996 - bot_etl_ex_bbva - INFO - Loging success
[2025-02-01T03:06:58.483+0000] {subprocess.py:106} INFO - 2025-02-01 03:06:58,481 - bot_etl_ex_bbva - INFO - Input file succes
[2025-02-01T03:07:10.398+0000] {subprocess.py:106} INFO - 2025-02-01 03:07:10,398 - bot_etl_ex_bbva - INFO - Click in Cargar
[2025-02-01T03:08:00.524+0000] {subprocess.py:106} INFO - 2025-02-01 03:08:00,523 - bot_etl_ex_bbva - ERROR - Error Loading Cerrados.xlsx to ETL:
[2025-02-01T03:08:00.527+0000] {subprocess.py:106} INFO - ***Error type:*** TimeoutException
[2025-02-01T03:08:00.528+0000] {subprocess.py:106} INFO - ***Error message:*** Message:
[2025-02-01T03:08:00.529+0000] {subprocess.py:106} INFO - 
[2025-02-01T03:08:00.531+0000] {subprocess.py:106} INFO - ***Full Traceback:*** Traceback (most recent call last):
[2025-02-01T03:08:00.533+0000] {subprocess.py:106} INFO -   File "/opt/***/scripts/bot_etl_ex_bbva.py", line 115, in main
[2025-02-01T03:08:00.534+0000] {subprocess.py:106} INFO -     error_alert = wait.until(EC.text_to_be_present_in_element((By.XPATH, "/html/body/div/main/div/div/div[4]/div/div[1]/a"), " Errores Conocidos "))
[2025-02-01T03:08:00.535+0000] {subprocess.py:106} INFO -                   ^^^^^^^^^^^^^^^^^^^^^^^^^^^^^^^^^^^^^^^^^^^^^^^^^^^^^^^^^^^^^^^^^^^^^^^^^^^^^^^^^^^^^^^^^^^^^^^^^^^^^^^^^^^^^^^^^^^^^^^^^^^^^^^^^^
[2025-02-01T03:08:00.536+0000] {subprocess.py:106} INFO -   File "/home/***/.local/lib/python3.12/site-packages/selenium/webdriver/support/wait.py", line 146, in until
[2025-02-01T03:08:00.538+0000] {subprocess.py:106} INFO -     raise TimeoutException(message, screen, stacktrace)
[2025-02-01T03:08:00.539+0000] {subprocess.py:106} INFO - selenium.common.exceptions.TimeoutException: Message:
[2025-02-01T03:08:00.541+0000] {subprocess.py:106} INFO - 
[2025-02-01T03:08:00.541+0000] {subprocess.py:106} INFO - 
[2025-02-01T03:08:00.687+0000] {subprocess.py:106} INFO - 2025-02-01 03:08:00,687 - bot_etl_ex_bbva - INFO - bot_etl_ex_bbva finish execution
[2025-02-01T03:08:00.715+0000] {subprocess.py:106} INFO - Traceback (most recent call last):
[2025-02-01T03:08:00.716+0000] {subprocess.py:106} INFO -   File "/opt/***/scripts/bot_etl_ex_bbva.py", line 137, in <module>
[2025-02-01T03:08:00.720+0000] {subprocess.py:106} INFO -     main()
[2025-02-01T03:08:00.721+0000] {subprocess.py:106} INFO -   File "/opt/***/scripts/bot_etl_ex_bbva.py", line 132, in main
[2025-02-01T03:08:00.726+0000] {subprocess.py:106} INFO -     driver.quit()
[2025-02-01T03:08:00.727+0000] {subprocess.py:106} INFO -   File "/home/***/.local/lib/python3.12/site-packages/selenium/webdriver/remote/webdriver.py", line 589, in quit
[2025-02-01T03:08:00.728+0000] {subprocess.py:106} INFO -     self.execute(Command.QUIT)
[2025-02-01T03:08:00.728+0000] {subprocess.py:106} INFO -   File "/home/***/.local/lib/python3.12/site-packages/selenium/webdriver/remote/webdriver.py", line 429, in execute
[2025-02-01T03:08:00.729+0000] {subprocess.py:106} INFO -     self.error_handler.check_response(response)
[2025-02-01T03:08:00.730+0000] {subprocess.py:106} INFO -   File "/home/***/.local/lib/python3.12/site-packages/selenium/webdriver/remote/errorhandler.py", line 232, in check_response
[2025-02-01T03:08:00.730+0000] {subprocess.py:106} INFO -     raise exception_class(message, screen, stacktrace)
[2025-02-01T03:08:00.731+0000] {subprocess.py:106} INFO - selenium.common.exceptions.InvalidSessionIdException: Message: Unable to find session with ID: 63fe44e5fd24293d1557d229cbf70214
[2025-02-01T03:08:00.732+0000] {subprocess.py:106} INFO - Build info: version: '4.28.1', revision: '73f5ad48a2'
[2025-02-01T03:08:00.732+0000] {subprocess.py:106} INFO - System info: os.name: 'Linux', os.arch: 'amd64', os.version: '5.15.153.1-microsoft-standard-WSL2', java.version: '17.0.13'
[2025-02-01T03:08:00.733+0000] {subprocess.py:106} INFO - Driver info: driver.version: unknown
[2025-02-01T03:08:00.734+0000] {subprocess.py:106} INFO - Stacktrace:
[2025-02-01T03:08:00.734+0000] {subprocess.py:106} INFO - org.openqa.selenium.NoSuchSessionException: Unable to find session with ID: 63fe44e5fd24293d1557d229cbf70214
[2025-02-01T03:08:00.735+0000] {subprocess.py:106} INFO - Build info: version: '4.28.1', revision: '73f5ad48a2'
[2025-02-01T03:08:00.736+0000] {subprocess.py:106} INFO - System info: os.name: 'Linux', os.arch: 'amd64', os.version: '5.15.153.1-microsoft-standard-WSL2', java.version: '17.0.13'
[2025-02-01T03:08:00.737+0000] {subprocess.py:106} INFO - Driver info: driver.version: unknown
[2025-02-01T03:08:00.737+0000] {subprocess.py:106} INFO - 	at org.openqa.selenium.grid.sessionmap.local.LocalSessionMap.get(LocalSessionMap.java:117)
[2025-02-01T03:08:00.739+0000] {subprocess.py:106} INFO - 	at org.openqa.selenium.grid.sessionmap.SessionMap.getUri(SessionMap.java:84)
[2025-02-01T03:08:00.740+0000] {subprocess.py:106} INFO - 	at org.openqa.selenium.grid.router.HandleSession.lambda$loadSessionId$4(HandleSession.java:225)
[2025-02-01T03:08:00.741+0000] {subprocess.py:106} INFO - 	at org.openqa.selenium.grid.router.HandleSession.execute(HandleSession.java:182)
[2025-02-01T03:08:00.742+0000] {subprocess.py:106} INFO - 	at org.openqa.selenium.remote.http.Route$PredicatedRoute.handle(Route.java:397)
[2025-02-01T03:08:00.743+0000] {subprocess.py:106} INFO - 	at org.openqa.selenium.remote.http.Route.execute(Route.java:69)
[2025-02-01T03:08:00.744+0000] {subprocess.py:106} INFO - 	at org.openqa.selenium.remote.http.Route$CombinedRoute.handle(Route.java:360)
[2025-02-01T03:08:00.745+0000] {subprocess.py:106} INFO - 	at org.openqa.selenium.remote.http.Route.execute(Route.java:69)
[2025-02-01T03:08:00.746+0000] {subprocess.py:106} INFO - 	at org.openqa.selenium.grid.router.Router.execute(Router.java:89)
[2025-02-01T03:08:00.747+0000] {subprocess.py:106} INFO - 	at org.openqa.selenium.grid.web.EnsureSpecCompliantResponseHeaders.lambda$apply$0(EnsureSpecCompliantResponseHeaders.java:34)
[2025-02-01T03:08:00.748+0000] {subprocess.py:106} INFO - 	at org.openqa.selenium.remote.http.Filter$1.execute(Filter.java:63)
[2025-02-01T03:08:00.748+0000] {subprocess.py:106} INFO - 	at org.openqa.selenium.remote.http.Route$CombinedRoute.handle(Route.java:360)
[2025-02-01T03:08:00.749+0000] {subprocess.py:106} INFO - 	at org.openqa.selenium.remote.http.Route.execute(Route.java:69)
[2025-02-01T03:08:00.750+0000] {subprocess.py:106} INFO - 	at org.openqa.selenium.remote.AddWebDriverSpecHeaders.lambda$apply$0(AddWebDriverSpecHeaders.java:35)
[2025-02-01T03:08:00.751+0000] {subprocess.py:106} INFO - 	at org.openqa.selenium.remote.ErrorFilter.lambda$apply$0(ErrorFilter.java:44)
[2025-02-01T03:08:00.752+0000] {subprocess.py:106} INFO - 	at org.openqa.selenium.remote.http.Filter$1.execute(Filter.java:63)
[2025-02-01T03:08:00.752+0000] {subprocess.py:106} INFO - 	at org.openqa.selenium.remote.ErrorFilter.lambda$apply$0(ErrorFilter.java:44)
[2025-02-01T03:08:00.753+0000] {subprocess.py:106} INFO - 	at org.openqa.selenium.remote.http.Filter$1.execute(Filter.java:63)
[2025-02-01T03:08:00.754+0000] {subprocess.py:106} INFO - 	at org.openqa.selenium.netty.server.SeleniumHandler.lambda$channelRead0$0(SeleniumHandler.java:49)
[2025-02-01T03:08:00.755+0000] {subprocess.py:106} INFO - 	at java.base/java.util.concurrent.Executors$RunnableAdapter.call(Executors.java:539)
[2025-02-01T03:08:00.756+0000] {subprocess.py:106} INFO - 	at java.base/java.util.concurrent.FutureTask.run(FutureTask.java:264)
[2025-02-01T03:08:00.757+0000] {subprocess.py:106} INFO - 	at java.base/java.util.concurrent.ThreadPoolExecutor.runWorker(ThreadPoolExecutor.java:1136)
[2025-02-01T03:08:00.758+0000] {subprocess.py:106} INFO - 	at java.base/java.util.concurrent.ThreadPoolExecutor$Worker.run(ThreadPoolExecutor.java:635)
[2025-02-01T03:08:00.759+0000] {subprocess.py:106} INFO - 	at java.base/java.lang.Thread.run(Thread.java:840)
[2025-02-01T03:08:00.761+0000] {subprocess.py:106} INFO - 
[2025-02-01T03:08:00.805+0000] {subprocess.py:110} INFO - Command exited with return code 1
[2025-02-01T03:08:00.831+0000] {taskinstance.py:3311} ERROR - Task failed with exception
Traceback (most recent call last):
  File "/home/airflow/.local/lib/python3.12/site-packages/airflow/models/taskinstance.py", line 767, in _execute_task
    result = _execute_callable(context=context, **execute_callable_kwargs)
             ^^^^^^^^^^^^^^^^^^^^^^^^^^^^^^^^^^^^^^^^^^^^^^^^^^^^^^^^^^^^^
  File "/home/airflow/.local/lib/python3.12/site-packages/airflow/models/taskinstance.py", line 733, in _execute_callable
    return ExecutionCallableRunner(
           ^^^^^^^^^^^^^^^^^^^^^^^^
  File "/home/airflow/.local/lib/python3.12/site-packages/airflow/utils/operator_helpers.py", line 252, in run
    return self.func(*args, **kwargs)
           ^^^^^^^^^^^^^^^^^^^^^^^^^^
  File "/home/airflow/.local/lib/python3.12/site-packages/airflow/models/baseoperator.py", line 422, in wrapper
    return func(self, *args, **kwargs)
           ^^^^^^^^^^^^^^^^^^^^^^^^^^^
  File "/home/airflow/.local/lib/python3.12/site-packages/airflow/operators/bash.py", line 276, in execute
    raise AirflowException(
airflow.exceptions.AirflowException: Bash command failed. The command returned a non-zero exit code 1.
[2025-02-01T03:08:00.844+0000] {taskinstance.py:1225} INFO - Marking task as FAILED. dag_id=etl_reporte_como_vamos, task_id=bot_ex_bbva, run_id=manual__2025-02-01T03:06:35.415096+00:00, execution_date=20250201T030635, start_date=20250201T030639, end_date=20250201T030800
[2025-02-01T03:08:00.871+0000] {taskinstance.py:340} INFO - ::group::Post task execution logs
[2025-02-01T03:08:00.872+0000] {standard_task_runner.py:124} ERROR - Failed to execute job 67 for task bot_ex_bbva (Bash command failed. The command returned a non-zero exit code 1.; 1610)
Traceback (most recent call last):
  File "/home/airflow/.local/lib/python3.12/site-packages/airflow/task/task_runner/standard_task_runner.py", line 117, in _start_by_fork
    ret = args.func(args, dag=self.dag)
          ^^^^^^^^^^^^^^^^^^^^^^^^^^^^^
  File "/home/airflow/.local/lib/python3.12/site-packages/airflow/cli/cli_config.py", line 49, in command
    return func(*args, **kwargs)
           ^^^^^^^^^^^^^^^^^^^^^
  File "/home/airflow/.local/lib/python3.12/site-packages/airflow/utils/cli.py", line 116, in wrapper
    return f(*args, **kwargs)
           ^^^^^^^^^^^^^^^^^^
  File "/home/airflow/.local/lib/python3.12/site-packages/airflow/cli/commands/task_command.py", line 483, in task_run
    task_return_code = _run_task_by_selected_method(args, _dag, ti)
                       ^^^^^^^^^^^^^^^^^^^^^^^^^^^^^^^^^^^^^^^^^^^^
  File "/home/airflow/.local/lib/python3.12/site-packages/airflow/cli/commands/task_command.py", line 256, in _run_task_by_selected_method
    return _run_raw_task(args, ti)
           ^^^^^^^^^^^^^^^^^^^^^^^
  File "/home/airflow/.local/lib/python3.12/site-packages/airflow/cli/commands/task_command.py", line 341, in _run_raw_task
    return ti._run_raw_task(
           ^^^^^^^^^^^^^^^^^
  File "/home/airflow/.local/lib/python3.12/site-packages/airflow/utils/session.py", line 97, in wrapper
    return func(*args, session=session, **kwargs)
           ^^^^^^^^^^^^^^^^^^^^^^^^^^^^^^^^^^^^^^
  File "/home/airflow/.local/lib/python3.12/site-packages/airflow/models/taskinstance.py", line 3005, in _run_raw_task
    return _run_raw_task(
           ^^^^^^^^^^^^^^
  File "/home/airflow/.local/lib/python3.12/site-packages/airflow/models/taskinstance.py", line 273, in _run_raw_task
    TaskInstance._execute_task_with_callbacks(
  File "/home/airflow/.local/lib/python3.12/site-packages/airflow/models/taskinstance.py", line 3159, in _execute_task_with_callbacks
    result = self._execute_task(context, task_orig)
             ^^^^^^^^^^^^^^^^^^^^^^^^^^^^^^^^^^^^^^
  File "/home/airflow/.local/lib/python3.12/site-packages/airflow/models/taskinstance.py", line 3183, in _execute_task
    return _execute_task(self, context, task_orig)
           ^^^^^^^^^^^^^^^^^^^^^^^^^^^^^^^^^^^^^^^
  File "/home/airflow/.local/lib/python3.12/site-packages/airflow/models/taskinstance.py", line 767, in _execute_task
    result = _execute_callable(context=context, **execute_callable_kwargs)
             ^^^^^^^^^^^^^^^^^^^^^^^^^^^^^^^^^^^^^^^^^^^^^^^^^^^^^^^^^^^^^
  File "/home/airflow/.local/lib/python3.12/site-packages/airflow/models/taskinstance.py", line 733, in _execute_callable
    return ExecutionCallableRunner(
           ^^^^^^^^^^^^^^^^^^^^^^^^
  File "/home/airflow/.local/lib/python3.12/site-packages/airflow/utils/operator_helpers.py", line 252, in run
    return self.func(*args, **kwargs)
           ^^^^^^^^^^^^^^^^^^^^^^^^^^
  File "/home/airflow/.local/lib/python3.12/site-packages/airflow/models/baseoperator.py", line 422, in wrapper
    return func(self, *args, **kwargs)
           ^^^^^^^^^^^^^^^^^^^^^^^^^^^
  File "/home/airflow/.local/lib/python3.12/site-packages/airflow/operators/bash.py", line 276, in execute
    raise AirflowException(
airflow.exceptions.AirflowException: Bash command failed. The command returned a non-zero exit code 1.
[2025-02-01T03:08:00.904+0000] {local_task_job_runner.py:266} INFO - Task exited with return code 1
[2025-02-01T03:08:00.926+0000] {local_task_job_runner.py:245} INFO - ::endgroup::
