[2025-02-07T06:32:07.113-0500] {local_task_job_runner.py:123} INFO - ::group::Pre task execution logs
[2025-02-07T06:32:07.138-0500] {taskinstance.py:2613} INFO - Dependencies all met for dep_context=non-requeueable deps ti=<TaskInstance: etl_reporte_como_vamos.bot_ex_bbva scheduled__2025-02-06T11:30:00+00:00 [queued]>
[2025-02-07T06:32:07.147-0500] {taskinstance.py:2613} INFO - Dependencies all met for dep_context=requeueable deps ti=<TaskInstance: etl_reporte_como_vamos.bot_ex_bbva scheduled__2025-02-06T11:30:00+00:00 [queued]>
[2025-02-07T06:32:07.149-0500] {taskinstance.py:2866} INFO - Starting attempt 1 of 4
[2025-02-07T06:32:07.163-0500] {taskinstance.py:2889} INFO - Executing <Task(BashOperator): bot_ex_bbva> on 2025-02-06 11:30:00+00:00
[2025-02-07T06:32:07.170-0500] {warnings.py:112} WARNING - /home/***/.local/lib/python3.12/site-packages/***/task/task_runner/standard_task_runner.py:70: DeprecationWarning: This process (pid=35814) is multi-threaded, use of fork() may lead to deadlocks in the child.
  pid = os.fork()

[2025-02-07T06:32:07.172-0500] {standard_task_runner.py:72} INFO - Started process 35815 to run task
[2025-02-07T06:32:07.173-0500] {standard_task_runner.py:104} INFO - Running: ['***', 'tasks', 'run', 'etl_reporte_como_vamos', 'bot_ex_bbva', 'scheduled__2025-02-06T11:30:00+00:00', '--job-id', '69', '--raw', '--subdir', 'DAGS_FOLDER/etl_como_vamos_dag.py', '--cfg-path', '/tmp/tmp9g9k_x9u']
[2025-02-07T06:32:07.174-0500] {standard_task_runner.py:105} INFO - Job 69: Subtask bot_ex_bbva
[2025-02-07T06:32:07.225-0500] {task_command.py:467} INFO - Running <TaskInstance: etl_reporte_como_vamos.bot_ex_bbva scheduled__2025-02-06T11:30:00+00:00 [running]> on host 21f1c1b48730
[2025-02-07T06:32:07.315-0500] {taskinstance.py:3132} INFO - Exporting env vars: AIRFLOW_CTX_DAG_OWNER='***' AIRFLOW_CTX_DAG_ID='etl_reporte_como_vamos' AIRFLOW_CTX_TASK_ID='bot_ex_bbva' AIRFLOW_CTX_EXECUTION_DATE='2025-02-06T11:30:00+00:00' AIRFLOW_CTX_TRY_NUMBER='1' AIRFLOW_CTX_DAG_RUN_ID='scheduled__2025-02-06T11:30:00+00:00'
[2025-02-07T06:32:07.317-0500] {taskinstance.py:731} INFO - ::endgroup::
[2025-02-07T06:32:07.331-0500] {subprocess.py:78} INFO - Tmp dir root location: /tmp
[2025-02-07T06:32:07.333-0500] {subprocess.py:88} INFO - Running command: ['/usr/bin/bash', '-c', 'python /opt/***/scripts/bot_etl_ex_bbva.py']
[2025-02-07T06:32:07.343-0500] {subprocess.py:99} INFO - Output:
[2025-02-07T06:32:08.322-0500] {subprocess.py:106} INFO - 2025-02-07 06:32:08,322 - bot_etl_ex_bbva - INFO - Bot ETL Exito-BBVA started
[2025-02-07T06:32:08.805-0500] {subprocess.py:106} INFO - 2025-02-07 06:32:08,804 - bot_etl_ex_bbva - INFO - Conexi√≥n al Selenium Hub establecida correctamente
[2025-02-07T06:32:10.922-0500] {subprocess.py:106} INFO - 2025-02-07 06:32:10,921 - bot_etl_ex_bbva - INFO - Credentials input success
[2025-02-07T06:32:12.603-0500] {subprocess.py:106} INFO - 2025-02-07 06:32:12,603 - bot_etl_ex_bbva - INFO - Click in login button
[2025-02-07T06:32:22.622-0500] {subprocess.py:106} INFO - 2025-02-07 06:32:22,622 - bot_etl_ex_bbva - INFO - Loging success
[2025-02-07T06:32:22.881-0500] {subprocess.py:106} INFO - 2025-02-07 06:32:22,881 - bot_etl_ex_bbva - ERROR - Error Loading Cerrados.xlsx to ETL:
[2025-02-07T06:32:22.882-0500] {subprocess.py:106} INFO - ***Error type:*** ElementNotInteractableException
[2025-02-07T06:32:22.883-0500] {subprocess.py:106} INFO - ***Error message:*** Message: element not interactable
[2025-02-07T06:32:22.894-0500] {subprocess.py:106} INFO -   (Session info: chrome=132.0.6834.110)
[2025-02-07T06:32:22.897-0500] {subprocess.py:106} INFO - Stacktrace:
[2025-02-07T06:32:22.898-0500] {subprocess.py:106} INFO - #0 0x55d349402dca <unknown>
[2025-02-07T06:32:22.899-0500] {subprocess.py:106} INFO - #1 0x55d348ef924d <unknown>
[2025-02-07T06:32:22.899-0500] {subprocess.py:106} INFO - #2 0x55d348f4a2d9 <unknown>
[2025-02-07T06:32:22.900-0500] {subprocess.py:106} INFO - #3 0x55d348f3d2bd <unknown>
[2025-02-07T06:32:22.900-0500] {subprocess.py:106} INFO - #4 0x55d348f6da92 <unknown>
[2025-02-07T06:32:22.901-0500] {subprocess.py:106} INFO - #5 0x55d348f3cc48 <unknown>
[2025-02-07T06:32:22.902-0500] {subprocess.py:106} INFO - #6 0x55d348f6dc5e <unknown>
[2025-02-07T06:32:22.903-0500] {subprocess.py:106} INFO - #7 0x55d348f8c4b3 <unknown>
[2025-02-07T06:32:22.904-0500] {subprocess.py:106} INFO - #8 0x55d348f6d833 <unknown>
[2025-02-07T06:32:22.904-0500] {subprocess.py:106} INFO - #9 0x55d348f3a5a0 <unknown>
[2025-02-07T06:32:22.907-0500] {subprocess.py:106} INFO - #10 0x55d348f3bece <unknown>
[2025-02-07T06:32:22.911-0500] {subprocess.py:106} INFO - #11 0x55d3493ccbdb <unknown>
[2025-02-07T06:32:22.916-0500] {subprocess.py:106} INFO - #12 0x55d3493d0b67 <unknown>
[2025-02-07T06:32:22.917-0500] {subprocess.py:106} INFO - #13 0x55d3493b83bc <unknown>
[2025-02-07T06:32:22.920-0500] {subprocess.py:106} INFO - #14 0x55d3493d1727 <unknown>
[2025-02-07T06:32:22.921-0500] {subprocess.py:106} INFO - #15 0x55d34939c74f <unknown>
[2025-02-07T06:32:22.921-0500] {subprocess.py:106} INFO - #16 0x55d3493f1938 <unknown>
[2025-02-07T06:32:22.922-0500] {subprocess.py:106} INFO - #17 0x55d3493f1b00 <unknown>
[2025-02-07T06:32:22.923-0500] {subprocess.py:106} INFO - #18 0x55d349401c46 <unknown>
[2025-02-07T06:32:22.924-0500] {subprocess.py:106} INFO - #19 0x7f8eaaec6a94 <unknown>
[2025-02-07T06:32:22.925-0500] {subprocess.py:106} INFO - #20 0x7f8eaaf53c3c <unknown>
[2025-02-07T06:32:22.926-0500] {subprocess.py:106} INFO - 
[2025-02-07T06:32:22.926-0500] {subprocess.py:106} INFO - ***Full Traceback:*** Traceback (most recent call last):
[2025-02-07T06:32:22.927-0500] {subprocess.py:106} INFO -   File "/opt/***/scripts/bot_etl_ex_bbva.py", line 105, in main
[2025-02-07T06:32:22.928-0500] {subprocess.py:106} INFO -     up_button.click()
[2025-02-07T06:32:22.938-0500] {subprocess.py:106} INFO -   File "/home/***/.local/lib/python3.12/site-packages/selenium/webdriver/remote/webelement.py", line 119, in click
[2025-02-07T06:32:22.941-0500] {subprocess.py:106} INFO -     self._execute(Command.CLICK_ELEMENT)
[2025-02-07T06:32:22.941-0500] {subprocess.py:106} INFO -   File "/home/***/.local/lib/python3.12/site-packages/selenium/webdriver/remote/webelement.py", line 570, in _execute
[2025-02-07T06:32:22.942-0500] {subprocess.py:106} INFO -     return self._parent.execute(command, params)
[2025-02-07T06:32:22.943-0500] {subprocess.py:106} INFO -            ^^^^^^^^^^^^^^^^^^^^^^^^^^^^^^^^^^^^^
[2025-02-07T06:32:22.944-0500] {subprocess.py:106} INFO -   File "/home/***/.local/lib/python3.12/site-packages/selenium/webdriver/remote/webdriver.py", line 429, in execute
[2025-02-07T06:32:22.944-0500] {subprocess.py:106} INFO -     self.error_handler.check_response(response)
[2025-02-07T06:32:22.945-0500] {subprocess.py:106} INFO -   File "/home/***/.local/lib/python3.12/site-packages/selenium/webdriver/remote/errorhandler.py", line 232, in check_response
[2025-02-07T06:32:22.945-0500] {subprocess.py:106} INFO -     raise exception_class(message, screen, stacktrace)
[2025-02-07T06:32:22.946-0500] {subprocess.py:106} INFO - selenium.common.exceptions.ElementNotInteractableException: Message: element not interactable
[2025-02-07T06:32:22.947-0500] {subprocess.py:106} INFO -   (Session info: chrome=132.0.6834.110)
[2025-02-07T06:32:22.949-0500] {subprocess.py:106} INFO - Stacktrace:
[2025-02-07T06:32:22.950-0500] {subprocess.py:106} INFO - #0 0x55d349402dca <unknown>
[2025-02-07T06:32:22.954-0500] {subprocess.py:106} INFO - #1 0x55d348ef924d <unknown>
[2025-02-07T06:32:22.954-0500] {subprocess.py:106} INFO - #2 0x55d348f4a2d9 <unknown>
[2025-02-07T06:32:22.955-0500] {subprocess.py:106} INFO - #3 0x55d348f3d2bd <unknown>
[2025-02-07T06:32:22.956-0500] {subprocess.py:106} INFO - #4 0x55d348f6da92 <unknown>
[2025-02-07T06:32:22.956-0500] {subprocess.py:106} INFO - #5 0x55d348f3cc48 <unknown>
[2025-02-07T06:32:22.957-0500] {subprocess.py:106} INFO - #6 0x55d348f6dc5e <unknown>
[2025-02-07T06:32:22.958-0500] {subprocess.py:106} INFO - #7 0x55d348f8c4b3 <unknown>
[2025-02-07T06:32:22.958-0500] {subprocess.py:106} INFO - #8 0x55d348f6d833 <unknown>
[2025-02-07T06:32:22.959-0500] {subprocess.py:106} INFO - #9 0x55d348f3a5a0 <unknown>
[2025-02-07T06:32:22.960-0500] {subprocess.py:106} INFO - #10 0x55d348f3bece <unknown>
[2025-02-07T06:32:22.960-0500] {subprocess.py:106} INFO - #11 0x55d3493ccbdb <unknown>
[2025-02-07T06:32:22.961-0500] {subprocess.py:106} INFO - #12 0x55d3493d0b67 <unknown>
[2025-02-07T06:32:22.961-0500] {subprocess.py:106} INFO - #13 0x55d3493b83bc <unknown>
[2025-02-07T06:32:22.962-0500] {subprocess.py:106} INFO - #14 0x55d3493d1727 <unknown>
[2025-02-07T06:32:22.962-0500] {subprocess.py:106} INFO - #15 0x55d34939c74f <unknown>
[2025-02-07T06:32:22.963-0500] {subprocess.py:106} INFO - #16 0x55d3493f1938 <unknown>
[2025-02-07T06:32:22.964-0500] {subprocess.py:106} INFO - #17 0x55d3493f1b00 <unknown>
[2025-02-07T06:32:22.964-0500] {subprocess.py:106} INFO - #18 0x55d349401c46 <unknown>
[2025-02-07T06:32:22.965-0500] {subprocess.py:106} INFO - #19 0x7f8eaaec6a94 <unknown>
[2025-02-07T06:32:22.966-0500] {subprocess.py:106} INFO - #20 0x7f8eaaf53c3c <unknown>
[2025-02-07T06:32:22.967-0500] {subprocess.py:106} INFO - 
[2025-02-07T06:32:22.968-0500] {subprocess.py:106} INFO - 
[2025-02-07T06:32:22.972-0500] {subprocess.py:106} INFO - 2025-02-07 06:32:22,972 - bot_etl_ex_bbva - INFO - bot_etl_ex_bbva finish execution
[2025-02-07T06:32:23.005-0500] {subprocess.py:106} INFO - Traceback (most recent call last):
[2025-02-07T06:32:23.006-0500] {subprocess.py:106} INFO -   File "/opt/***/scripts/bot_etl_ex_bbva.py", line 136, in <module>
[2025-02-07T06:32:23.012-0500] {subprocess.py:106} INFO -     main()
[2025-02-07T06:32:23.013-0500] {subprocess.py:106} INFO -   File "/opt/***/scripts/bot_etl_ex_bbva.py", line 131, in main
[2025-02-07T06:32:23.017-0500] {subprocess.py:106} INFO -     driver.quit()
[2025-02-07T06:32:23.018-0500] {subprocess.py:106} INFO -   File "/home/***/.local/lib/python3.12/site-packages/selenium/webdriver/remote/webdriver.py", line 589, in quit
[2025-02-07T06:32:23.019-0500] {subprocess.py:106} INFO -     self.execute(Command.QUIT)
[2025-02-07T06:32:23.021-0500] {subprocess.py:106} INFO -   File "/home/***/.local/lib/python3.12/site-packages/selenium/webdriver/remote/webdriver.py", line 429, in execute
[2025-02-07T06:32:23.021-0500] {subprocess.py:106} INFO -     self.error_handler.check_response(response)
[2025-02-07T06:32:23.022-0500] {subprocess.py:106} INFO -   File "/home/***/.local/lib/python3.12/site-packages/selenium/webdriver/remote/errorhandler.py", line 232, in check_response
[2025-02-07T06:32:23.023-0500] {subprocess.py:106} INFO -     raise exception_class(message, screen, stacktrace)
[2025-02-07T06:32:23.023-0500] {subprocess.py:106} INFO - selenium.common.exceptions.InvalidSessionIdException: Message: Unable to find session with ID: 387b44998b19cbad1c07ef7c3fc07343
[2025-02-07T06:32:23.024-0500] {subprocess.py:106} INFO - Build info: version: '4.28.1', revision: '73f5ad48a2'
[2025-02-07T06:32:23.024-0500] {subprocess.py:106} INFO - System info: os.name: 'Linux', os.arch: 'amd64', os.version: '5.15.153.1-microsoft-standard-WSL2', java.version: '17.0.13'
[2025-02-07T06:32:23.025-0500] {subprocess.py:106} INFO - Driver info: driver.version: unknown
[2025-02-07T06:32:23.025-0500] {subprocess.py:106} INFO - Stacktrace:
[2025-02-07T06:32:23.026-0500] {subprocess.py:106} INFO - org.openqa.selenium.NoSuchSessionException: Unable to find session with ID: 387b44998b19cbad1c07ef7c3fc07343
[2025-02-07T06:32:23.026-0500] {subprocess.py:106} INFO - Build info: version: '4.28.1', revision: '73f5ad48a2'
[2025-02-07T06:32:23.027-0500] {subprocess.py:106} INFO - System info: os.name: 'Linux', os.arch: 'amd64', os.version: '5.15.153.1-microsoft-standard-WSL2', java.version: '17.0.13'
[2025-02-07T06:32:23.028-0500] {subprocess.py:106} INFO - Driver info: driver.version: unknown
[2025-02-07T06:32:23.028-0500] {subprocess.py:106} INFO - 	at org.openqa.selenium.grid.sessionmap.local.LocalSessionMap.get(LocalSessionMap.java:117)
[2025-02-07T06:32:23.029-0500] {subprocess.py:106} INFO - 	at org.openqa.selenium.grid.sessionmap.SessionMap.getUri(SessionMap.java:84)
[2025-02-07T06:32:23.029-0500] {subprocess.py:106} INFO - 	at org.openqa.selenium.grid.router.HandleSession.lambda$loadSessionId$4(HandleSession.java:225)
[2025-02-07T06:32:23.030-0500] {subprocess.py:106} INFO - 	at org.openqa.selenium.grid.router.HandleSession.execute(HandleSession.java:182)
[2025-02-07T06:32:23.031-0500] {subprocess.py:106} INFO - 	at org.openqa.selenium.remote.http.Route$PredicatedRoute.handle(Route.java:397)
[2025-02-07T06:32:23.032-0500] {subprocess.py:106} INFO - 	at org.openqa.selenium.remote.http.Route.execute(Route.java:69)
[2025-02-07T06:32:23.032-0500] {subprocess.py:106} INFO - 	at org.openqa.selenium.remote.http.Route$CombinedRoute.handle(Route.java:360)
[2025-02-07T06:32:23.033-0500] {subprocess.py:106} INFO - 	at org.openqa.selenium.remote.http.Route.execute(Route.java:69)
[2025-02-07T06:32:23.033-0500] {subprocess.py:106} INFO - 	at org.openqa.selenium.grid.router.Router.execute(Router.java:89)
[2025-02-07T06:32:23.034-0500] {subprocess.py:106} INFO - 	at org.openqa.selenium.grid.web.EnsureSpecCompliantResponseHeaders.lambda$apply$0(EnsureSpecCompliantResponseHeaders.java:34)
[2025-02-07T06:32:23.034-0500] {subprocess.py:106} INFO - 	at org.openqa.selenium.remote.http.Filter$1.execute(Filter.java:63)
[2025-02-07T06:32:23.035-0500] {subprocess.py:106} INFO - 	at org.openqa.selenium.remote.http.Route$CombinedRoute.handle(Route.java:360)
[2025-02-07T06:32:23.036-0500] {subprocess.py:106} INFO - 	at org.openqa.selenium.remote.http.Route.execute(Route.java:69)
[2025-02-07T06:32:23.036-0500] {subprocess.py:106} INFO - 	at org.openqa.selenium.remote.AddWebDriverSpecHeaders.lambda$apply$0(AddWebDriverSpecHeaders.java:35)
[2025-02-07T06:32:23.037-0500] {subprocess.py:106} INFO - 	at org.openqa.selenium.remote.ErrorFilter.lambda$apply$0(ErrorFilter.java:44)
[2025-02-07T06:32:23.038-0500] {subprocess.py:106} INFO - 	at org.openqa.selenium.remote.http.Filter$1.execute(Filter.java:63)
[2025-02-07T06:32:23.038-0500] {subprocess.py:106} INFO - 	at org.openqa.selenium.remote.ErrorFilter.lambda$apply$0(ErrorFilter.java:44)
[2025-02-07T06:32:23.041-0500] {subprocess.py:106} INFO - 	at org.openqa.selenium.remote.http.Filter$1.execute(Filter.java:63)
[2025-02-07T06:32:23.041-0500] {subprocess.py:106} INFO - 	at org.openqa.selenium.netty.server.SeleniumHandler.lambda$channelRead0$0(SeleniumHandler.java:49)
[2025-02-07T06:32:23.042-0500] {subprocess.py:106} INFO - 	at java.base/java.util.concurrent.Executors$RunnableAdapter.call(Executors.java:539)
[2025-02-07T06:32:23.043-0500] {subprocess.py:106} INFO - 	at java.base/java.util.concurrent.FutureTask.run(FutureTask.java:264)
[2025-02-07T06:32:23.044-0500] {subprocess.py:106} INFO - 	at java.base/java.util.concurrent.ThreadPoolExecutor.runWorker(ThreadPoolExecutor.java:1136)
[2025-02-07T06:32:23.044-0500] {subprocess.py:106} INFO - 	at java.base/java.util.concurrent.ThreadPoolExecutor$Worker.run(ThreadPoolExecutor.java:635)
[2025-02-07T06:32:23.045-0500] {subprocess.py:106} INFO - 	at java.base/java.lang.Thread.run(Thread.java:840)
[2025-02-07T06:32:23.045-0500] {subprocess.py:106} INFO - 
[2025-02-07T06:32:23.098-0500] {subprocess.py:110} INFO - Command exited with return code 1
[2025-02-07T06:32:23.123-0500] {taskinstance.py:3311} ERROR - Task failed with exception
Traceback (most recent call last):
  File "/home/airflow/.local/lib/python3.12/site-packages/airflow/models/taskinstance.py", line 767, in _execute_task
    result = _execute_callable(context=context, **execute_callable_kwargs)
             ^^^^^^^^^^^^^^^^^^^^^^^^^^^^^^^^^^^^^^^^^^^^^^^^^^^^^^^^^^^^^
  File "/home/airflow/.local/lib/python3.12/site-packages/airflow/models/taskinstance.py", line 733, in _execute_callable
    return ExecutionCallableRunner(
           ^^^^^^^^^^^^^^^^^^^^^^^^
  File "/home/airflow/.local/lib/python3.12/site-packages/airflow/utils/operator_helpers.py", line 252, in run
    return self.func(*args, **kwargs)
           ^^^^^^^^^^^^^^^^^^^^^^^^^^
  File "/home/airflow/.local/lib/python3.12/site-packages/airflow/models/baseoperator.py", line 422, in wrapper
    return func(self, *args, **kwargs)
           ^^^^^^^^^^^^^^^^^^^^^^^^^^^
  File "/home/airflow/.local/lib/python3.12/site-packages/airflow/operators/bash.py", line 276, in execute
    raise AirflowException(
airflow.exceptions.AirflowException: Bash command failed. The command returned a non-zero exit code 1.
[2025-02-07T06:32:23.145-0500] {taskinstance.py:1225} INFO - Marking task as UP_FOR_RETRY. dag_id=etl_reporte_como_vamos, task_id=bot_ex_bbva, run_id=scheduled__2025-02-06T11:30:00+00:00, execution_date=20250206T113000, start_date=20250207T113207, end_date=20250207T113223
[2025-02-07T06:32:23.179-0500] {taskinstance.py:340} INFO - ::group::Post task execution logs
[2025-02-07T06:32:23.180-0500] {standard_task_runner.py:124} ERROR - Failed to execute job 69 for task bot_ex_bbva (Bash command failed. The command returned a non-zero exit code 1.; 35815)
Traceback (most recent call last):
  File "/home/airflow/.local/lib/python3.12/site-packages/airflow/task/task_runner/standard_task_runner.py", line 117, in _start_by_fork
    ret = args.func(args, dag=self.dag)
          ^^^^^^^^^^^^^^^^^^^^^^^^^^^^^
  File "/home/airflow/.local/lib/python3.12/site-packages/airflow/cli/cli_config.py", line 49, in command
    return func(*args, **kwargs)
           ^^^^^^^^^^^^^^^^^^^^^
  File "/home/airflow/.local/lib/python3.12/site-packages/airflow/utils/cli.py", line 116, in wrapper
    return f(*args, **kwargs)
           ^^^^^^^^^^^^^^^^^^
  File "/home/airflow/.local/lib/python3.12/site-packages/airflow/cli/commands/task_command.py", line 483, in task_run
    task_return_code = _run_task_by_selected_method(args, _dag, ti)
                       ^^^^^^^^^^^^^^^^^^^^^^^^^^^^^^^^^^^^^^^^^^^^
  File "/home/airflow/.local/lib/python3.12/site-packages/airflow/cli/commands/task_command.py", line 256, in _run_task_by_selected_method
    return _run_raw_task(args, ti)
           ^^^^^^^^^^^^^^^^^^^^^^^
  File "/home/airflow/.local/lib/python3.12/site-packages/airflow/cli/commands/task_command.py", line 341, in _run_raw_task
    return ti._run_raw_task(
           ^^^^^^^^^^^^^^^^^
  File "/home/airflow/.local/lib/python3.12/site-packages/airflow/utils/session.py", line 97, in wrapper
    return func(*args, session=session, **kwargs)
           ^^^^^^^^^^^^^^^^^^^^^^^^^^^^^^^^^^^^^^
  File "/home/airflow/.local/lib/python3.12/site-packages/airflow/models/taskinstance.py", line 3005, in _run_raw_task
    return _run_raw_task(
           ^^^^^^^^^^^^^^
  File "/home/airflow/.local/lib/python3.12/site-packages/airflow/models/taskinstance.py", line 273, in _run_raw_task
    TaskInstance._execute_task_with_callbacks(
  File "/home/airflow/.local/lib/python3.12/site-packages/airflow/models/taskinstance.py", line 3159, in _execute_task_with_callbacks
    result = self._execute_task(context, task_orig)
             ^^^^^^^^^^^^^^^^^^^^^^^^^^^^^^^^^^^^^^
  File "/home/airflow/.local/lib/python3.12/site-packages/airflow/models/taskinstance.py", line 3183, in _execute_task
    return _execute_task(self, context, task_orig)
           ^^^^^^^^^^^^^^^^^^^^^^^^^^^^^^^^^^^^^^^
  File "/home/airflow/.local/lib/python3.12/site-packages/airflow/models/taskinstance.py", line 767, in _execute_task
    result = _execute_callable(context=context, **execute_callable_kwargs)
             ^^^^^^^^^^^^^^^^^^^^^^^^^^^^^^^^^^^^^^^^^^^^^^^^^^^^^^^^^^^^^
  File "/home/airflow/.local/lib/python3.12/site-packages/airflow/models/taskinstance.py", line 733, in _execute_callable
    return ExecutionCallableRunner(
           ^^^^^^^^^^^^^^^^^^^^^^^^
  File "/home/airflow/.local/lib/python3.12/site-packages/airflow/utils/operator_helpers.py", line 252, in run
    return self.func(*args, **kwargs)
           ^^^^^^^^^^^^^^^^^^^^^^^^^^
  File "/home/airflow/.local/lib/python3.12/site-packages/airflow/models/baseoperator.py", line 422, in wrapper
    return func(self, *args, **kwargs)
           ^^^^^^^^^^^^^^^^^^^^^^^^^^^
  File "/home/airflow/.local/lib/python3.12/site-packages/airflow/operators/bash.py", line 276, in execute
    raise AirflowException(
airflow.exceptions.AirflowException: Bash command failed. The command returned a non-zero exit code 1.
[2025-02-07T06:32:23.199-0500] {local_task_job_runner.py:266} INFO - Task exited with return code 1
[2025-02-07T06:32:23.222-0500] {taskinstance.py:3895} INFO - 0 downstream tasks scheduled from follow-on schedule check
[2025-02-07T06:32:23.225-0500] {local_task_job_runner.py:245} INFO - ::endgroup::
